[00:14:05] [Server thread/INFO]: Villager EntityVillager['Toolsmith'/84194, uuid='1e7fdc7a-e761-4c6d-b001-8b0a6ef256aa', l='ServerLevel[world]', x=-92.47, y=67.00, z=229.34, cpos=[-6, 14], tl=565494, v=true] died, message: 'Toolsmith was slain by Shadowmere_Swift using [Hades]'
[02:07:19] [Server thread/INFO]: Shadowmere_Swift was slain by Iron Golem
[02:07:36] [Server thread/INFO]: Shadowmere_Swift was slain by Iron Golem
[03:04:55] [Server thread/INFO]: Shadowmere_Swift issued server command: /gamemode spectator
[03:05:19] [Server thread/INFO]: Shadowmere_Swift issued server command: /gamemode creative
[03:05:21] [Server thread/INFO]: Shadowmere_Swift issued server command: /gamemode spectator
[03:05:59] [Server thread/INFO]: Shadowmere_Swift issued server command: /gamemode survival
[03:41:04] [Server thread/INFO]: Shadowmere_Swift lost connection: Disconnected
[03:41:04] [Server thread/INFO]: Shadowmere_Swift left the game
[05:00:27] [Server thread/INFO]: Stopping the server
[05:00:27] [Server thread/INFO]: Stopping server
[05:00:27] [Server thread/INFO]: Saving players
[05:00:27] [Server thread/INFO]: Saving worlds
[05:00:27] [Server thread/INFO]: Saving chunks for level 'ServerLevel[world]'/minecraft:overworld
[05:00:27] [Server thread/INFO]: Saving chunks for level 'ServerLevel[world_nether]'/minecraft:the_nether
[05:00:27] [Server thread/INFO]: Saving chunks for level 'ServerLevel[world_the_end]'/minecraft:the_end
[05:00:27] [Server thread/INFO]: ThreadedAnvilChunkStorage (world): All chunks are saved
[05:00:27] [Server thread/INFO]: ThreadedAnvilChunkStorage (DIM-1): All chunks are saved
[05:00:27] [Server thread/INFO]: ThreadedAnvilChunkStorage (DIM1): All chunks are saved
[05:00:27] [Server thread/INFO]: ThreadedAnvilChunkStorage: All dimensions are saved
[05:00:27] [Server thread/INFO]: Flushing Chunk IO
[05:00:27] [Server thread/INFO]: Closing Thread Pool
[05:00:27] [Server thread/INFO]: Closing Server
