[13:17:39] [User Authenticator #4/INFO]: UUID of player Shadowmere_Swift is ff3bff8b-0d11-422f-a6f6-2e2b8da24bfb
[13:17:40] [Server thread/INFO]: Shadowmere_Swift joined the game
[13:17:40] [Server thread/INFO]: Shadowmere_Swift[/81.220.197.61:64469] logged in with entity id 13861 at ([world]388.28440302550183, 79.0, 818.3855157284424)
[13:36:29] [Async Chat Thread - #0/INFO]: <Shadowmere_Swift> 384 843
[13:36:36] [Async Chat Thread - #0/INFO]: <Shadowmere_Swift> 378 857
[14:02:31] [Server thread/INFO]: Shadowmere_Swift lost connection: Disconnected
[14:02:31] [Server thread/INFO]: Shadowmere_Swift left the game
[17:17:10] [User Authenticator #5/INFO]: UUID of player Shadowmere_Swift is ff3bff8b-0d11-422f-a6f6-2e2b8da24bfb
[17:17:10] [Server thread/INFO]: Shadowmere_Swift joined the game
[17:17:10] [Server thread/INFO]: Shadowmere_Swift[/81.220.197.61:64513] logged in with entity id 23482 at ([world]362.01720918549034, 113.0, 885.3000000119209)
[17:29:35] [Server thread/INFO]: Shadowmere_Swift issued server command: /gamemode spectator
[17:29:44] [Server thread/INFO]: Shadowmere_Swift issued server command: /gamemode survival
[17:29:50] [Server thread/INFO]: Shadowmere_Swift issued server command: /gamemode spectator
[17:29:55] [Server thread/INFO]: Shadowmere_Swift issued server command: /gamemode survival
[17:49:46] [Server thread/INFO]: Shadowmere_Swift issued server command: /gamemode spectator
[17:50:00] [Server thread/INFO]: Shadowmere_Swift issued server command: /gamemode survival
[17:54:17] [Server thread/INFO]: Shadowmere_Swift issued server command: /gamemode spectator
[17:55:13] [Server thread/INFO]: Shadowmere_Swift issued server command: /gamemode survival
[18:04:03] [Server thread/INFO]: Shadowmere_Swift lost connection: Disconnected
[18:04:04] [Server thread/INFO]: Shadowmere_Swift left the game
[18:39:41] [User Authenticator #6/INFO]: UUID of player Helios_49 is e6e69f28-5b9c-458c-bcaf-b8091aba0a12
[18:39:41] [Server thread/INFO]: Helios_49 joined the game
[18:39:41] [Server thread/INFO]: Helios_49[/90.27.32.188:51199] logged in with entity id 34383 at ([world]-641.529834888506, 80.0, -1256.772201518315)
[18:45:12] [Server thread/INFO]: Helios_49 fell from a high place
[19:03:33] [Server thread/INFO]: Helios_49 has made the advancement [Hot Stuff]
[19:08:25] [Server thread/INFO]: Helios_49 was shot by Skeleton
[19:35:26] [Server thread/INFO]: Helios_49 burned to death
[19:46:06] [Server thread/INFO]: Helios_49 fell from a high place
[19:47:12] [Server thread/INFO]: Helios_49 was blown up by Creeper
[20:14:05] [Server thread/INFO]: Helios_49 fell from a high place
[20:17:15] [Server thread/INFO]: Helios_49 fell from a high place
[20:17:34] [Server thread/INFO]: Helios_49 lost connection: Disconnected
[20:17:34] [Server thread/INFO]: Helios_49 left the game
[21:40:32] [User Authenticator #7/INFO]: UUID of player Shadowmere_Swift is ff3bff8b-0d11-422f-a6f6-2e2b8da24bfb
[21:40:32] [Server thread/INFO]: Shadowmere_Swift joined the game
[21:40:32] [Server thread/INFO]: Shadowmere_Swift[/81.220.197.61:64297] logged in with entity id 48390 at ([world]334.16682177196344, 57.0, 930.1199869231516)
[21:45:15] [Server thread/INFO]: Shadowmere_Swift issued server command: /gamemode spectator
[21:46:02] [Server thread/INFO]: Shadowmere_Swift issued server command: /setblock ~ ~ ~ minecraft:cobblestone
[21:46:06] [Server thread/INFO]: Shadowmere_Swift issued server command: /setblock ~ ~ ~ minecraft:cobblestone
[21:46:09] [Server thread/INFO]: Shadowmere_Swift issued server command: /setblock ~ ~ ~ minecraft:cobblestone
[21:46:12] [Server thread/INFO]: Shadowmere_Swift issued server command: /setblock ~ ~ ~ minecraft:cobblestone
[21:46:14] [Server thread/INFO]: Shadowmere_Swift issued server command: /setblock ~ ~ ~ minecraft:cobblestone
[21:46:15] [Server thread/INFO]: Shadowmere_Swift issued server command: /setblock ~ ~ ~ minecraft:cobblestone
[21:46:18] [Server thread/INFO]: Shadowmere_Swift issued server command: /setblock ~ ~ ~ minecraft:cobblestone
[21:46:22] [Server thread/INFO]: Shadowmere_Swift issued server command: /setblock ~ ~ ~ minecraft:cobblestone
[21:46:24] [Server thread/INFO]: Shadowmere_Swift issued server command: /setblock ~ ~ ~ minecraft:cobblestone
[21:46:27] [Server thread/INFO]: Shadowmere_Swift issued server command: /setblock ~ ~ ~ minecraft:cobblestone
[21:46:28] [Server thread/INFO]: Shadowmere_Swift issued server command: /setblock ~ ~ ~ minecraft:cobblestone
[21:46:31] [Server thread/INFO]: Shadowmere_Swift issued server command: /setblock ~ ~ ~ minecraft:cobblestone
[21:46:34] [Server thread/INFO]: Shadowmere_Swift issued server command: /setblock ~ ~ ~ minecraft:cobblestone
[21:46:36] [Server thread/INFO]: Shadowmere_Swift issued server command: /setblock ~ ~ ~ minecraft:cobblestone
[21:46:38] [Server thread/INFO]: Shadowmere_Swift issued server command: /setblock ~ ~ ~ minecraft:cobblestone
[21:46:41] [Server thread/INFO]: Shadowmere_Swift issued server command: /setblock ~ ~ ~ minecraft:cobblestone
[21:46:45] [Server thread/INFO]: Shadowmere_Swift issued server command: /setblock ~ ~ ~ minecraft:cobblestone
[21:46:46] [Server thread/INFO]: Shadowmere_Swift issued server command: /setblock ~ ~ ~ minecraft:cobblestone
[21:46:50] [Server thread/INFO]: Shadowmere_Swift issued server command: /setblock ~ ~ ~ minecraft:cobblestone
[21:46:52] [Server thread/INFO]: Shadowmere_Swift issued server command: /setblock ~ ~ ~ minecraft:cobblestone
[21:46:54] [Server thread/INFO]: Shadowmere_Swift issued server command: /setblock ~ ~ ~ minecraft:cobblestone
[21:46:56] [Server thread/INFO]: Shadowmere_Swift issued server command: /setblock ~ ~ ~ minecraft:cobblestone
[21:46:58] [Server thread/INFO]: Shadowmere_Swift issued server command: /setblock ~ ~ ~ minecraft:cobblestone
[21:47:02] [Server thread/INFO]: Shadowmere_Swift issued server command: /setblock ~ ~ ~ minecraft:cobblestone
[21:47:08] [Server thread/INFO]: Shadowmere_Swift issued server command: /setblock ~ ~ ~ minecraft:cobblestone
[21:47:11] [Server thread/INFO]: Shadowmere_Swift issued server command: /setblock ~ ~ ~ minecraft:cobblestone
[21:47:13] [Server thread/INFO]: Shadowmere_Swift issued server command: /setblock ~ ~ ~ minecraft:cobblestone
[21:47:16] [Server thread/INFO]: Shadowmere_Swift issued server command: /setblock ~ ~ ~ minecraft:cobblestone
[21:47:23] [Server thread/INFO]: Shadowmere_Swift issued server command: /setblock ~ ~ ~ minecraft:cobblestone
[21:47:24] [Server thread/INFO]: Shadowmere_Swift issued server command: /setblock ~ ~ ~ minecraft:cobblestone
[21:47:27] [Server thread/INFO]: Shadowmere_Swift issued server command: /setblock ~ ~ ~ minecraft:cobblestone
[21:47:32] [Server thread/INFO]: Shadowmere_Swift issued server command: /setblock ~ ~ ~ minecraft:cobblestone
[21:47:51] [Server thread/INFO]: Shadowmere_Swift issued server command: /gamemode survival
[21:47:54] [Server thread/INFO]: Shadowmere_Swift issued server command: /gamemode spectator
[21:48:21] [Server thread/INFO]: Shadowmere_Swift issued server command: /gamemode spectator
[21:48:22] [Server thread/INFO]: Shadowmere_Swift issued server command: /gamemode survival
[21:51:23] [Server thread/INFO]: Shadowmere_Swift issued server command: /gamemode spectator
[21:51:30] [Server thread/INFO]: Shadowmere_Swift issued server command: /gamemode survival
[21:51:31] [Server thread/INFO]: Shadowmere_Swift issued server command: /gamemode spectator
[21:51:35] [Server thread/INFO]: Shadowmere_Swift issued server command: /gamemode survival
[22:04:16] [Server thread/INFO]: Shadowmere_Swift issued server command: /gamemode spectator
[22:04:35] [Server thread/INFO]: Shadowmere_Swift issued server command: /gamemode survival
[22:12:17] [Server thread/INFO]: Shadowmere_Swift issued server command: /gamemode spectator
[22:12:27] [Server thread/INFO]: Shadowmere_Swift issued server command: /gamemode survival
[22:19:41] [Server thread/INFO]: Shadowmere_Swift issued server command: /gamemode spectator
[22:20:35] [Server thread/INFO]: Shadowmere_Swift issued server command: /setblock ~ ~ ~ minecraft:cobblestone
[22:20:39] [Server thread/INFO]: Shadowmere_Swift issued server command: /setblock ~ ~ ~ minecraft:cobblestone
[22:20:41] [Server thread/INFO]: Shadowmere_Swift issued server command: /setblock ~ ~ ~ minecraft:cobblestone
[22:21:06] [Server thread/INFO]: Shadowmere_Swift issued server command: /setblock ~ ~ ~ minecraft:cobblestone
[22:21:08] [Server thread/INFO]: Shadowmere_Swift issued server command: /setblock ~ ~ ~ minecraft:cobblestone
[22:22:21] [Server thread/INFO]: Shadowmere_Swift issued server command: /gamemode survival
[22:31:58] [Server thread/INFO]: Shadowmere_Swift issued server command: /setblock ~ ~ ~ minecraft:cobblestone
[22:32:04] [Server thread/INFO]: Shadowmere_Swift issued server command: /gamemode spectator
[22:32:30] [Server thread/INFO]: Shadowmere_Swift issued server command: /gamemode survival
[23:00:01] [Server thread/INFO]: Shadowmere_Swift issued server command: /gamemode spectator
[23:00:14] [Server thread/INFO]: Shadowmere_Swift issued server command: /gamemode survival
[23:09:56] [Server thread/INFO]: Shadowmere_Swift lost connection: Disconnected
[23:09:56] [Server thread/INFO]: Shadowmere_Swift left the game
[23:18:46] [User Authenticator #8/INFO]: UUID of player Shadowmere_Swift is ff3bff8b-0d11-422f-a6f6-2e2b8da24bfb
[23:18:46] [Server thread/INFO]: Shadowmere_Swift joined the game
[23:18:46] [Server thread/INFO]: Shadowmere_Swift[/81.220.197.61:64863] logged in with entity id 65560 at ([world]360.01512090375394, 79.0, 867.7684839902771)
[23:21:47] [Server thread/INFO]: Shadowmere_Swift issued server command: /gamemode spectator
[23:22:41] [Server thread/INFO]: Shadowmere_Swift issued server command: /setblock ~ ~ ~ minecraft:cobblestone
[23:23:07] [Server thread/INFO]: Shadowmere_Swift issued server command: /gamemode survival
[23:59:26] [Server thread/INFO]: Shadowmere_Swift issued server command: /gamemode spectator
