[05:12:03] [ServerMain/INFO]: Environment: authHost='https://authserver.mojang.com', accountsHost='https://api.mojang.com', sessionHost='https://sessionserver.mojang.com', servicesHost='https://api.minecraftservices.com', name='PROD'
[05:12:04] [ServerMain/INFO]: Reloading ResourceManager: Default, bukkit
[05:12:05] [Worker-Main-1/INFO]: Loaded 7 recipes
[05:12:10] [Server thread/INFO]: Starting minecraft server version 1.18.1
[05:12:10] [Server thread/INFO]: Loading properties
[05:12:10] [Server thread/INFO]: This server is running Paper version git-Paper-126 (MC: 1.18.1) (Implementing API version 1.18.1-R0.1-SNAPSHOT) (Git: d3f3429)
[05:12:10] [Server thread/INFO]: Server Ping Player Sample Count: 12
[05:12:10] [Server thread/INFO]: Using 4 threads for Netty based IO
[05:12:10] [Server thread/INFO]: Default game type: SURVIVAL
[05:12:10] [Server thread/INFO]: Generating keypair
[05:12:11] [Server thread/INFO]: Starting Minecraft server on 0.0.0.0:25608
[05:12:11] [Server thread/INFO]: Using epoll channel type
[05:12:11] [Server thread/INFO]: Paper: Using libdeflate (Linux x86_64) compression from Velocity.
[05:12:11] [Server thread/INFO]: Paper: Using OpenSSL 1.1.x (Linux x86_64) cipher from Velocity.
[05:12:11] [Server thread/INFO]: Server permissions file permissions.yml is empty, ignoring it
[05:12:11] [Server thread/INFO]: Preparing level "world"
[05:12:15] [Server thread/INFO]: Preparing start region for dimension minecraft:overworld
[05:12:17] [Server thread/INFO]: Preparing spawn area: 0%
[05:12:17] [Server thread/INFO]: Preparing spawn area: 0%
[05:12:17] [Server thread/INFO]: Preparing spawn area: 0%
[05:12:17] [Server thread/INFO]: Preparing spawn area: 0%
[05:12:17] [Server thread/INFO]: Preparing spawn area: 0%
[05:12:18] [Server thread/INFO]: Preparing spawn area: 0%
[05:12:18] [Server thread/INFO]: Preparing spawn area: 0%
[05:12:19] [Server thread/INFO]: Preparing spawn area: 0%
[05:12:19] [Server thread/INFO]: Preparing spawn area: 0%
[05:12:20] [Server thread/INFO]: Preparing spawn area: 0%
[05:12:20] [Server thread/INFO]: Preparing spawn area: 0%
[05:12:21] [Server thread/INFO]: Preparing spawn area: 0%
[05:12:21] [Server thread/INFO]: Preparing spawn area: 0%
[05:12:22] [Server thread/INFO]: Preparing spawn area: 0%
[05:12:22] [Server thread/INFO]: Preparing spawn area: 0%
[05:12:23] [Server thread/INFO]: Preparing spawn area: 0%
[05:12:23] [Server thread/INFO]: Preparing spawn area: 0%
[05:12:24] [Server thread/INFO]: Preparing spawn area: 0%
[05:12:24] [Server thread/INFO]: Preparing spawn area: 0%
[05:12:25] [Server thread/INFO]: Preparing spawn area: 0%
[05:12:25] [Server thread/INFO]: Time elapsed: 9824 ms
[05:12:25] [Server thread/INFO]: Preparing start region for dimension minecraft:the_nether
[05:12:26] [Server thread/INFO]: Preparing spawn area: 0%
[05:12:26] [Server thread/INFO]: Preparing spawn area: 0%
[05:12:26] [Server thread/INFO]: Preparing spawn area: 0%
[05:12:27] [Server thread/INFO]: Preparing spawn area: 0%
[05:12:27] [Server thread/INFO]: Preparing spawn area: 0%
[05:12:28] [Server thread/INFO]: Preparing spawn area: 0%
[05:12:28] [Server thread/INFO]: Preparing spawn area: 0%
[05:12:29] [Server thread/INFO]: Preparing spawn area: 0%
[05:12:29] [Server thread/INFO]: Preparing spawn area: 0%
[05:12:30] [Server thread/INFO]: Preparing spawn area: 0%
[05:12:30] [Server thread/INFO]: Preparing spawn area: 0%
[05:12:31] [Server thread/INFO]: Preparing spawn area: 0%
[05:12:31] [Server thread/INFO]: Preparing spawn area: 0%
[05:12:34] [Server thread/INFO]: Preparing spawn area: 0%
[05:12:34] [Server thread/INFO]: Preparing spawn area: 0%
[05:12:34] [Server thread/INFO]: Preparing spawn area: 0%
[05:12:35] [Server thread/INFO]: Preparing spawn area: 0%
[05:12:35] [Server thread/INFO]: Preparing spawn area: 0%
[05:12:35] [Server thread/INFO]: Preparing spawn area: 0%
[05:12:35] [Server thread/INFO]: Preparing spawn area: 0%
[05:12:35] [Server thread/INFO]: Preparing spawn area: 0%
[05:12:36] [Server thread/INFO]: Preparing spawn area: 0%
[05:12:36] [Server thread/INFO]: Preparing spawn area: 0%
[05:12:37] [Server thread/INFO]: Preparing spawn area: 0%
[05:12:37] [Server thread/INFO]: Preparing spawn area: 0%
[05:12:38] [Server thread/INFO]: Preparing spawn area: 0%
[05:12:38] [Server thread/INFO]: Preparing spawn area: 0%
[05:12:39] [Server thread/INFO]: Preparing spawn area: 0%
[05:12:39] [Server thread/INFO]: Preparing spawn area: 0%
[05:12:39] [Server thread/INFO]: Time elapsed: 14278 ms
[05:12:39] [Server thread/INFO]: Preparing start region for dimension minecraft:the_end
[05:12:40] [Server thread/INFO]: Preparing spawn area: 0%
[05:12:40] [Server thread/INFO]: Preparing spawn area: 0%
[05:12:40] [Server thread/INFO]: Preparing spawn area: 0%
[05:12:41] [Server thread/INFO]: Preparing spawn area: 0%
[05:12:41] [Server thread/INFO]: Preparing spawn area: 0%
[05:12:42] [Server thread/INFO]: Preparing spawn area: 0%
[05:12:42] [Server thread/INFO]: Preparing spawn area: 0%
[05:12:43] [Server thread/INFO]: Preparing spawn area: 0%
[05:12:43] [Server thread/INFO]: Preparing spawn area: 0%
[05:12:44] [Server thread/INFO]: Preparing spawn area: 0%
[05:12:44] [Server thread/INFO]: Preparing spawn area: 0%
[05:12:45] [Server thread/INFO]: Time elapsed: 5331 ms
[05:12:45] [Server thread/INFO]: Starting GS4 status listener
[05:12:45] [Server thread/INFO]: Thread Query Listener started
[05:12:45] [Query Listener #1/INFO]: Query running on 0.0.0.0:25608
[05:12:45] [Server thread/INFO]: Running delayed init tasks
[05:12:45] [Server thread/INFO]: Done (35.881s)! For help, type "help"
[05:12:45] [Server thread/INFO]: Timings Reset
[05:12:51] [Server thread/WARN]: Can't keep up! Is the server overloaded? Running 5495ms or 109 ticks behind
[05:13:27] [Server thread/WARN]: Can't keep up! Is the server overloaded? Running 5620ms or 112 ticks behind
