[00:04:07] [Async Chat Thread - #42/INFO]: <Shadowmere_Swift> on est encore en galère de charbon c'est ouf
[00:04:15] [Async Chat Thread - #42/INFO]: <Arcabat> toujours
[00:04:26] [Async Chat Thread - #42/INFO]: <Shadowmere_Swift> je vais faire un mini four auto juste après
[00:04:29] [Async Chat Thread - #42/INFO]: <Arcabat> je re dans 5min ! je dois test un truc
[00:04:31] [Async Chat Thread - #42/INFO]: <Shadowmere_Swift> le temps de ...
[00:04:31] [Async Chat Thread - #42/INFO]: <Arcabat> dacc
[00:04:32] [Async Chat Thread - #42/INFO]: <Shadowmere_Swift> ok
[00:04:34] [Server thread/INFO]: Arcabat lost connection: Disconnected
[00:04:34] [Server thread/INFO]: Arcabat left the game
[00:17:09] [User Authenticator #9/INFO]: UUID of player Arcabat is 3e887fe0-c5a9-45b6-9b30-aa8352bb5e3a
[00:17:09] [Server thread/INFO]: Arcabat joined the game
[00:17:09] [Server thread/INFO]: Arcabat[/46.193.65.177:63598] logged in with entity id 134461 at ([world]84.08380855491653, 66.0, 295.6355026875492)
[00:17:13] [Async Chat Thread - #43/INFO]: <Arcabat> re
[00:17:43] [Async Chat Thread - #43/INFO]: <Shadowmere_Swift> J'ai rajouté des lanternes dans le complexe pour être sûr que ça pope pas
[00:17:58] [Async Chat Thread - #43/INFO]: <Shadowmere_Swift> et il n'y a plus de golem
[00:18:05] [Async Chat Thread - #43/INFO]: <Arcabat> tu fais bien, mais de toute façon, je vais rajouter pas mal de chose je pense
[00:18:13] [Async Chat Thread - #43/INFO]: <Shadowmere_Swift> oh... ça tease
[00:18:25] [Async Chat Thread - #43/INFO]: <Arcabat> pour que ça ait l'air plus vivant :D
[00:19:28] [Async Chat Thread - #44/INFO]: <Shadowmere_Swift> Je suis allé sur le wiki Golem de fer. Le spawn des golem est régit par pas mal de choses, mais il faut au moins 2/3 villageois mais il faut qu'ils intéragissent entre eux, ce qui n'est pas possible ici
[00:19:53] [Async Chat Thread - #44/INFO]: <Arcabat> ah ouais je vois
[00:20:01] [Async Chat Thread - #44/INFO]: <Shadowmere_Swift> Et même si ça serait le bordel un peu, leur mettre une étiquette et leur permettre de rester "libre" permettrait de faire une ferme à fer
[00:20:40] [Async Chat Thread - #44/INFO]: <Shadowmere_Swift> Car pour les moments, les golems ne spawn que grâce aux 5 idiots dans la boite
[00:21:13] [Async Chat Thread - #44/INFO]: <Arcabat> Ah oui, bah on pourra faire ça, mais avant je veux faire ma déco
[00:21:30] [Async Chat Thread - #44/INFO]: <Shadowmere_Swift> Ok, et avant je veux qu'on ait tous les enchantements
[00:21:38] [Async Chat Thread - #44/INFO]: <Arcabat> ah oui aussi
[00:30:02] [Async Chat Thread - #45/INFO]: <Shadowmere_Swift> On en a déjà pas mal, mais j'ai vu un villageois changer de proposition devant mes yeux (genre il a quitter et repris son job en 2 secondes) et donc l'enchantement aussi. Donc, je vais farm les émeraudes et valider les bons
[00:30:26] [Async Chat Thread - #45/INFO]: <Arcabat> oui faut les valider pour les avoir
[00:30:35] [Async Chat Thread - #45/INFO]: <Arcabat> bah tqt c'est déja ce que je fais
[00:30:48] [Async Chat Thread - #45/INFO]: <Shadowmere_Swift> je sais bien, mais je suis pressé de me faire mon stuff
[00:30:57] [Async Chat Thread - #45/INFO]: <Arcabat> j'attends juste que les patates poussent
[00:31:00] [Async Chat Thread - #45/INFO]: <Arcabat> je me doute
[00:31:13] [Async Chat Thread - #45/INFO]: <Arcabat> mais si tu fais les enchants, prends pas des trucs trop cher
[00:31:23] [Async Chat Thread - #45/INFO]: <Arcabat> genre faut que ce soit 30 émeraudes grand max
[00:31:30] [Async Chat Thread - #45/INFO]: <Arcabat> sinon c'est relou
[00:31:36] [Async Chat Thread - #45/INFO]: <Shadowmere_Swift> on en parle du efficacité 5 ? à 33
[00:31:51] [Async Chat Thread - #45/INFO]: <Arcabat> bah 33 ça passe pour du eff5
[00:31:58] [Async Chat Thread - #45/INFO]: <Arcabat> mais faut pas aller au dela quoi
[00:32:10] [Async Chat Thread - #45/INFO]: <Shadowmere_Swift> bah on a semeles givrantes pour 64
[00:32:14] [Async Chat Thread - #45/INFO]: <Arcabat> 35 max si tu veux
[00:32:17] [Async Chat Thread - #45/INFO]: <Shadowmere_Swift> je trouve ça honnete
[00:32:18] [Async Chat Thread - #45/INFO]: <Arcabat> bah non eneleve
[00:32:23] [Async Chat Thread - #45/INFO]: <Arcabat> c'est de la merde
[00:32:29] [Async Chat Thread - #45/INFO]: <Arcabat> on peut les avoir pour moins cher
[00:32:40] [Async Chat Thread - #45/INFO]: <Arcabat> pour ça que je voulais faire moi meme x)
[00:32:46] [Async Chat Thread - #45/INFO]: <Shadowmere_Swift> (je suis pas premier degré hein)
[00:32:52] [Async Chat Thread - #45/INFO]: <Arcabat> ah
[00:34:35] [Async Chat Thread - #46/INFO]: <Shadowmere_Swift> mais tkt je vais te laisser faire ^^
[00:34:42] [Async Chat Thread - #46/INFO]: <Arcabat> dacc
[00:34:57] [Async Chat Thread - #46/INFO]: <Shadowmere_Swift> j'envoi une image sur Discord
[00:35:06] [Async Chat Thread - #46/INFO]: <Arcabat> comme tu veux, juste si tu le fais, prend pas pour cher
[00:38:20] [Async Chat Thread - #47/INFO]: <Shadowmere_Swift> je prefère les villageois "livres" de maintenant, mais je prefèrais les villageois "émeraudes" d'avant. Je sais pas trop comment rendre ça vraiment pratique
[00:38:46] [Async Chat Thread - #47/INFO]: <Arcabat> C'est à dire ? c'tait comment avant au niveau des éméeraudes ?
[00:39:09] [Async Chat Thread - #47/INFO]: <Shadowmere_Swift> je sais pas... mais très pratiques, on avait 8 ou 9 alignées, on leur vendait des milliards de batons
[00:39:18] [Async Chat Thread - #47/INFO]: <Arcabat> ah oui d'acc
[00:44:37] [Server thread/INFO]: Shadowmere_Swift lost connection: Disconnected
[00:44:37] [Server thread/INFO]: Shadowmere_Swift left the game
[00:44:38] [User Authenticator #10/INFO]: UUID of player Shadowmere_Swift is ff3bff8b-0d11-422f-a6f6-2e2b8da24bfb
[00:44:38] [Server thread/INFO]: Shadowmere_Swift joined the game
[00:44:38] [Server thread/INFO]: Shadowmere_Swift[/81.220.197.61:64338] logged in with entity id 139159 at ([world]80.68148981520068, 73.0, 299.9453763381953)
[00:47:12] [Server thread/INFO]: Shadowmere_Swift issued server command: /give @p minecraft:dark_oak_sign{BlockEntityTag:{Text1:'["",{"text":"\\u2190 "},{"text":"A cuire","color":"black"}]',Text2:'{"text":""}',Text3:'{"text":"Carburant (lave)","color":"gold"}',Text4:'{"text":"\\u2193","color":"gold"}'},display:{Name:'{"text":"P
[00:51:08] [Server thread/INFO]: Shadowmere_Swift has made the advancement [Hot Stuff]
[00:51:12] [Async Chat Thread - #48/INFO]: <Arcabat> gg
[00:51:14] [Async Chat Thread - #48/INFO]: <Arcabat> x)
[00:51:20] [Async Chat Thread - #48/INFO]: <Shadowmere_Swift> c'est parti pour les four
[00:51:38] [Async Chat Thread - #48/INFO]: <Shadowmere_Swift> j'ai pris tout notre fer restant mais ça va nous en donner plein
[00:58:25] [Async Chat Thread - #49/INFO]: <Shadowmere_Swift> tu as déjà eu pour objectif de réaliser tous les achievements de Minecraft ?
[00:58:39] [Async Chat Thread - #49/INFO]: <Arcabat> ouais, mais je l'ai jamais mis a bien xD
[00:58:57] [Async Chat Thread - #49/INFO]: <Shadowmere_Swift> Parce que c'est intéressant, et y'en a des super dur
[00:59:04] [Async Chat Thread - #49/INFO]: <Arcabat> ouep je sais bien
[01:02:32] [Async Chat Thread - #50/INFO]: <Arcabat> j'y vais pour ce soir moi ! bonne nuit ! je finirais les enchants demain !
[01:02:34] [Server thread/INFO]: Arcabat lost connection: Disconnected
[01:02:34] [Server thread/INFO]: Arcabat left the game
[01:23:58] [Async Chat Thread - #51/INFO]: <Shadowmere_Swift> 172 26 386
[01:47:29] [Server thread/INFO]: Shadowmere_Swift issued server command: /gamemode creative
[01:48:22] [Server thread/INFO]: Shadowmere_Swift issued server command: /gamemode survival
[02:29:06] [Server thread/INFO]: Shadowmere_Swift issued server command: /gamemode spectator
[02:29:21] [Server thread/INFO]: Shadowmere_Swift issued server command: /gamemode survival
[02:29:44] [Server thread/INFO]: Shadowmere_Swift issued server command: /gamemode spectator
[02:29:49] [Server thread/INFO]: Shadowmere_Swift issued server command: /gamemode survival
[02:31:42] [Server thread/INFO]: Shadowmere_Swift issued server command: /gamemode spectator
[02:31:50] [Server thread/INFO]: Shadowmere_Swift issued server command: /gamemode survival
[02:32:15] [Server thread/INFO]: Shadowmere_Swift issued server command: /gamemode spectator
[02:32:19] [Server thread/INFO]: Shadowmere_Swift issued server command: /gamemode survival
[02:32:24] [Server thread/INFO]: Shadowmere_Swift issued server command: /gamemode spectator
[02:32:29] [Server thread/INFO]: Shadowmere_Swift issued server command: /gamemode survival
[02:33:30] [Server thread/INFO]: Shadowmere_Swift issued server command: /gamemode spectator
[02:33:40] [Server thread/INFO]: Shadowmere_Swift issued server command: /gamemode survival
[02:34:35] [Server thread/INFO]: Shadowmere_Swift issued server command: /gamemode spectator
[02:35:20] [Server thread/INFO]: Shadowmere_Swift issued server command: /gamemode creative
[02:36:22] [Server thread/INFO]: Shadowmere_Swift issued server command: /gamemode survival
[03:11:02] [Server thread/INFO]: Shadowmere_Swift has made the advancement [Local Brewery]
[03:17:52] [Server thread/INFO]: Shadowmere_Swift issued server command: /gamemode spectator
[03:18:04] [Server thread/INFO]: Shadowmere_Swift issued server command: /gamemode survival
[04:17:05] [Server thread/INFO]: Shadowmere_Swift lost connection: Disconnected
[04:17:05] [Server thread/INFO]: Shadowmere_Swift left the game
[04:17:06] [User Authenticator #11/INFO]: UUID of player Shadowmere_Swift is ff3bff8b-0d11-422f-a6f6-2e2b8da24bfb
[04:17:06] [Server thread/INFO]: Shadowmere_Swift joined the game
[04:17:07] [Server thread/INFO]: Shadowmere_Swift[/81.220.197.61:64494] logged in with entity id 180384 at ([world]109.26566887407986, 64.0, 346.06276677858114)
[04:34:21] [Server thread/INFO]: Shadowmere_Swift issued server command: /gamemode spectator
[04:34:31] [Server thread/INFO]: Shadowmere_Swift issued server command: /gamemode survival
[04:34:39] [Server thread/INFO]: Shadowmere_Swift issued server command: /gamemode spectator
[04:34:47] [Server thread/INFO]: Shadowmere_Swift issued server command: /gamemode survival
[04:44:16] [Server thread/INFO]: Shadowmere_Swift lost connection: Disconnected
[04:44:16] [Server thread/INFO]: Shadowmere_Swift left the game
[04:44:17] [User Authenticator #12/INFO]: UUID of player Shadowmere_Swift is ff3bff8b-0d11-422f-a6f6-2e2b8da24bfb
[04:44:17] [Server thread/INFO]: Shadowmere_Swift joined the game
[04:44:17] [Server thread/INFO]: Shadowmere_Swift[/81.220.197.61:63715] logged in with entity id 186943 at ([world]196.425834300639, 26.0, 378.7288215022931)
[05:00:28] [Server thread/INFO]: Stopping the server
[05:00:28] [Server thread/INFO]: Stopping server
[05:00:28] [Server thread/INFO]: Saving players
[05:00:28] [Server thread/INFO]: Shadowmere_Swift lost connection: Server closed
[05:00:28] [Server thread/INFO]: Shadowmere_Swift left the game
[05:00:28] [Server thread/INFO]: Saving worlds
[05:00:28] [Server thread/INFO]: Saving chunks for level 'ServerLevel[world]'/minecraft:overworld
[05:00:28] [Server thread/INFO]: Saving chunks for level 'ServerLevel[world_nether]'/minecraft:the_nether
[05:00:28] [Server thread/INFO]: Saving chunks for level 'ServerLevel[world_the_end]'/minecraft:the_end
[05:00:28] [Server thread/INFO]: ThreadedAnvilChunkStorage (world): All chunks are saved
[05:00:28] [Server thread/INFO]: ThreadedAnvilChunkStorage (DIM-1): All chunks are saved
[05:00:28] [Server thread/INFO]: ThreadedAnvilChunkStorage (DIM1): All chunks are saved
[05:00:28] [Server thread/INFO]: ThreadedAnvilChunkStorage: All dimensions are saved
[05:00:29] [Server thread/INFO]: Flushing Chunk IO
[05:00:29] [Server thread/INFO]: Closing Thread Pool
[05:00:29] [Server thread/INFO]: Closing Server
