[05:09:20] [ServerMain/INFO]: Environment: authHost='https://authserver.mojang.com', accountsHost='https://api.mojang.com', sessionHost='https://sessionserver.mojang.com', servicesHost='https://api.minecraftservices.com', name='PROD'
[05:09:21] [ServerMain/INFO]: Reloading ResourceManager: Default, bukkit
[05:09:22] [Worker-Main-1/INFO]: Loaded 7 recipes
[05:09:24] [Server thread/INFO]: Starting minecraft server version 1.18.1
[05:09:24] [Server thread/INFO]: Loading properties
[05:09:24] [Server thread/INFO]: This server is running Paper version git-Paper-126 (MC: 1.18.1) (Implementing API version 1.18.1-R0.1-SNAPSHOT) (Git: d3f3429)
[05:09:25] [Server thread/INFO]: Server Ping Player Sample Count: 12
[05:09:25] [Server thread/INFO]: Using 4 threads for Netty based IO
[05:09:25] [Server thread/INFO]: Default game type: SURVIVAL
[05:09:25] [Server thread/INFO]: Generating keypair
[05:09:25] [Server thread/INFO]: Starting Minecraft server on 0.0.0.0:25608
[05:09:25] [Server thread/INFO]: Using epoll channel type
[05:09:25] [Server thread/INFO]: Paper: Using libdeflate (Linux x86_64) compression from Velocity.
[05:09:25] [Server thread/INFO]: Paper: Using OpenSSL 1.1.x (Linux x86_64) cipher from Velocity.
[05:09:26] [Server thread/INFO]: Server permissions file permissions.yml is empty, ignoring it
[05:09:26] [Server thread/INFO]: Preparing level "world"
[05:09:28] [Server thread/INFO]: Preparing start region for dimension minecraft:overworld
[05:09:29] [Server thread/INFO]: Preparing spawn area: 0%
[05:09:29] [Server thread/INFO]: Preparing spawn area: 0%
[05:09:29] [Server thread/INFO]: Preparing spawn area: 0%
[05:09:30] [Server thread/INFO]: Preparing spawn area: 0%
[05:09:30] [Server thread/INFO]: Preparing spawn area: 0%
[05:09:31] [Server thread/INFO]: Preparing spawn area: 0%
[05:09:31] [Server thread/INFO]: Preparing spawn area: 0%
[05:09:32] [Server thread/INFO]: Preparing spawn area: 0%
[05:09:32] [Server thread/INFO]: Preparing spawn area: 0%
[05:09:33] [Server thread/INFO]: Preparing spawn area: 0%
[05:09:33] [Server thread/INFO]: Time elapsed: 4673 ms
[05:09:33] [Server thread/INFO]: Preparing start region for dimension minecraft:the_nether
[05:09:33] [Server thread/INFO]: Preparing spawn area: 0%
[05:09:33] [Server thread/INFO]: Preparing spawn area: 0%
[05:09:34] [Server thread/INFO]: Preparing spawn area: 0%
[05:09:35] [Server thread/INFO]: Preparing spawn area: 0%
[05:09:35] [Server thread/INFO]: Preparing spawn area: 0%
[05:09:36] [Server thread/INFO]: Preparing spawn area: 0%
[05:09:36] [Server thread/INFO]: Preparing spawn area: 0%
[05:09:37] [Server thread/INFO]: Preparing spawn area: 0%
[05:09:37] [Server thread/INFO]: Preparing spawn area: 0%
[05:09:37] [Server thread/INFO]: Time elapsed: 4109 ms
[05:09:37] [Server thread/INFO]: Preparing start region for dimension minecraft:the_end
[05:09:37] [Server thread/INFO]: Preparing spawn area: 0%
[05:09:38] [Server thread/INFO]: Preparing spawn area: 0%
[05:09:38] [Server thread/INFO]: Preparing spawn area: 0%
[05:09:39] [Server thread/INFO]: Preparing spawn area: 0%
[05:09:39] [Server thread/INFO]: Preparing spawn area: 0%
[05:09:40] [Server thread/INFO]: Preparing spawn area: 0%
[05:09:40] [Server thread/INFO]: Time elapsed: 2890 ms
[05:09:40] [Server thread/INFO]: Starting GS4 status listener
[05:09:40] [Server thread/INFO]: Thread Query Listener started
[05:09:40] [Query Listener #1/INFO]: Query running on 0.0.0.0:25608
[05:09:40] [Server thread/INFO]: Running delayed init tasks
[05:09:40] [Server thread/INFO]: Done (16.084s)! For help, type "help"
[05:09:40] [Server thread/INFO]: Timings Reset
[05:31:56] [User Authenticator #1/INFO]: UUID of player Shadowmere_Swift is ff3bff8b-0d11-422f-a6f6-2e2b8da24bfb
[05:31:56] [Server thread/INFO]: Shadowmere_Swift joined the game
[05:31:56] [Server thread/INFO]: Shadowmere_Swift[/81.220.197.61:64426] logged in with entity id 372 at ([world]87.56307372751003, 73.0, 293.72070227989667)
[06:43:18] [Server thread/INFO]: Shadowmere_Swift issued server command: /tp 601.25 -19.39 1823.00
[06:56:33] [Server thread/INFO]: Shadowmere_Swift issued server command: /gamerule keepInventory true
[07:19:36] [Server thread/INFO]: Shadowmere_Swift issued server command: /tp Shadowmere_Swift 604 -21 1809
[07:19:43] [Server thread/INFO]: Shadowmere_Swift issued server command: /tp Shadowmere_Swift 601 -21 1831
[08:12:37] [Server thread/INFO]: Shadowmere_Swift has made the advancement [Remote Getaway]
[09:03:46] [Server thread/INFO]: Shadowmere_Swift has made the advancement [The City at the End of the Game]
[09:07:19] [Server thread/WARN]: Shadowmere_Swift moved wrongly!
[09:37:44] [Server thread/INFO]: Shadowmere_Swift issued server command: /gamemode creative
[09:39:23] [Server thread/INFO]: Shadowmere_Swift issued server command: /gamemode survival
[10:12:33] [Server thread/INFO]: Shadowmere_Swift has reached the goal [Sky's the Limit]
[10:43:45] [Server thread/INFO]: Shadowmere_Swift lost connection: Disconnected
[10:43:45] [Server thread/INFO]: Shadowmere_Swift left the game
[13:18:34] [User Authenticator #2/INFO]: UUID of player Shadowmere_Swift is ff3bff8b-0d11-422f-a6f6-2e2b8da24bfb
[13:18:34] [Server thread/INFO]: Shadowmere_Swift joined the game
[13:18:34] [Server thread/INFO]: Shadowmere_Swift[/81.220.197.61:63826] logged in with entity id 58837 at ([world]80.70020199324539, 73.0, 301.45990185017047)
[13:20:54] [Server thread/WARN]: Furfild (vehicle of Shadowmere_Swift) moved wrongly! 0.39941659157500453
[13:20:54] [Server thread/WARN]: Furfild (vehicle of Shadowmere_Swift) moved wrongly! 0.8727569721624491
[13:20:54] [Server thread/WARN]: Furfild (vehicle of Shadowmere_Swift) moved wrongly! 0.3293416656919703
[13:20:54] [Server thread/WARN]: Furfild (vehicle of Shadowmere_Swift) moved wrongly! 0.7874359401313642
[13:21:02] [Server thread/WARN]: Furfild (vehicle of Shadowmere_Swift) moved wrongly! 0.3582750067805591
[14:33:57] [Server thread/INFO]: Shadowmere_Swift lost connection: Disconnected
[14:33:57] [Server thread/INFO]: Shadowmere_Swift left the game
