[11:47:39] [User Authenticator #1/INFO]: UUID of player Shadowmere_Swift is ff3bff8b-0d11-422f-a6f6-2e2b8da24bfb
[11:47:39] [Server thread/INFO]: Shadowmere_Swift joined the game
[11:47:39] [Server thread/INFO]: Shadowmere_Swift[/81.220.197.61:64300] logged in with entity id 88533 at ([world]320.98788276119353, 79.0, 666.2010549318667)
[12:35:31] [Server thread/INFO]: Shadowmere_Swift lost connection: Disconnected
[12:35:31] [Server thread/INFO]: Shadowmere_Swift left the game
[14:32:00] [User Authenticator #2/INFO]: UUID of player Arcabat is 3e887fe0-c5a9-45b6-9b30-aa8352bb5e3a
[14:32:00] [Server thread/INFO]: Arcabat joined the game
[14:32:00] [Server thread/INFO]: Arcabat[/46.193.65.177:55592] logged in with entity id 109941 at ([world]79.19959832382376, 73.0, 318.87714673007235)
[15:42:56] [Server thread/INFO]: Arcabat lost connection: Disconnected
[15:42:56] [Server thread/INFO]: Arcabat left the game
[17:45:09] [User Authenticator #3/INFO]: UUID of player Arcabat is 3e887fe0-c5a9-45b6-9b30-aa8352bb5e3a
[17:45:09] [Server thread/INFO]: Arcabat joined the game
[17:45:10] [Server thread/INFO]: Arcabat[/46.193.65.177:49869] logged in with entity id 131241 at ([world]81.94501366164883, 63.0, 271.9192200630256)
[18:04:08] [Server thread/INFO]: Arcabat lost connection: Disconnected
[18:04:09] [Server thread/INFO]: Arcabat left the game
[20:58:52] [User Authenticator #4/INFO]: UUID of player Arcabat is 3e887fe0-c5a9-45b6-9b30-aa8352bb5e3a
[20:58:52] [Server thread/INFO]: Arcabat joined the game
[20:58:52] [Server thread/INFO]: Arcabat[/46.193.65.177:55693] logged in with entity id 144162 at ([world]76.63993123178905, 63.0, 286.3002931289699)
[21:06:32] [Server thread/INFO]: Arcabat lost connection: Disconnected
[21:06:32] [Server thread/INFO]: Arcabat left the game
[22:44:28] [User Authenticator #5/INFO]: UUID of player Shadowmere_Swift is ff3bff8b-0d11-422f-a6f6-2e2b8da24bfb
[22:44:28] [Server thread/INFO]: Shadowmere_Swift joined the game
[22:44:28] [Server thread/INFO]: Shadowmere_Swift[/81.220.197.61:64653] logged in with entity id 150384 at ([world]285.0055155451241, 69.0, 697.9893777248278)
[22:49:41] [Server thread/INFO]: Shadowmere_Swift fell from a high place
[22:53:13] [Server thread/INFO]: Shadowmere_Swift lost connection: Disconnected
[22:53:13] [Server thread/INFO]: Shadowmere_Swift left the game
