[05:12:21] [ServerMain/INFO]: Environment: authHost='https://authserver.mojang.com', accountsHost='https://api.mojang.com', sessionHost='https://sessionserver.mojang.com', servicesHost='https://api.minecraftservices.com', name='PROD'
[05:12:22] [ServerMain/INFO]: Reloading ResourceManager: Default, bukkit
[05:12:24] [Worker-Main-1/INFO]: Loaded 7 recipes
[05:12:27] [Server thread/INFO]: Starting minecraft server version 1.18.1
[05:12:28] [Server thread/INFO]: Loading properties
[05:12:28] [Server thread/INFO]: This server is running Paper version git-Paper-126 (MC: 1.18.1) (Implementing API version 1.18.1-R0.1-SNAPSHOT) (Git: d3f3429)
[05:12:28] [Server thread/INFO]: Server Ping Player Sample Count: 12
[05:12:28] [Server thread/INFO]: Using 4 threads for Netty based IO
[05:12:28] [Server thread/INFO]: Default game type: SURVIVAL
[05:12:28] [Server thread/INFO]: Generating keypair
[05:12:29] [Server thread/INFO]: Starting Minecraft server on 0.0.0.0:25608
[05:12:29] [Server thread/INFO]: Using epoll channel type
[05:12:29] [Server thread/INFO]: Paper: Using libdeflate (Linux x86_64) compression from Velocity.
[05:12:29] [Server thread/INFO]: Paper: Using OpenSSL 1.1.x (Linux x86_64) cipher from Velocity.
[05:12:29] [Server thread/INFO]: Server permissions file permissions.yml is empty, ignoring it
[05:12:29] [Server thread/INFO]: Preparing level "world"
[05:12:32] [Server thread/INFO]: Preparing start region for dimension minecraft:overworld
[05:12:33] [Server thread/INFO]: Preparing spawn area: 0%
[05:12:34] [Server thread/INFO]: Preparing spawn area: 0%
[05:12:34] [Server thread/INFO]: Preparing spawn area: 0%
[05:12:34] [Server thread/INFO]: Preparing spawn area: 0%
[05:12:34] [Server thread/INFO]: Preparing spawn area: 0%
[05:12:35] [Server thread/INFO]: Preparing spawn area: 0%
[05:12:35] [Server thread/INFO]: Preparing spawn area: 0%
[05:12:36] [Server thread/INFO]: Preparing spawn area: 0%
[05:12:36] [Server thread/INFO]: Preparing spawn area: 0%
[05:12:37] [Server thread/INFO]: Preparing spawn area: 0%
[05:12:37] [Server thread/INFO]: Preparing spawn area: 0%
[05:12:38] [Server thread/INFO]: Preparing spawn area: 0%
[05:12:38] [Server thread/INFO]: Preparing spawn area: 3%
[05:12:39] [Server thread/INFO]: Preparing spawn area: 3%
[05:12:39] [Server thread/INFO]: Time elapsed: 6743 ms
[05:12:39] [Server thread/INFO]: Preparing start region for dimension minecraft:the_nether
[05:12:40] [Server thread/INFO]: Preparing spawn area: 0%
[05:12:40] [Server thread/INFO]: Preparing spawn area: 0%
[05:12:40] [Server thread/INFO]: Preparing spawn area: 0%
[05:12:41] [Server thread/INFO]: Preparing spawn area: 0%
[05:12:41] [Server thread/INFO]: Preparing spawn area: 0%
[05:12:42] [Server thread/INFO]: Preparing spawn area: 0%
[05:12:42] [Server thread/INFO]: Preparing spawn area: 0%
[05:12:42] [Server thread/INFO]: Time elapsed: 3394 ms
[05:12:43] [Server thread/INFO]: Preparing start region for dimension minecraft:the_end
[05:12:43] [Server thread/INFO]: Preparing spawn area: 0%
[05:12:43] [Server thread/INFO]: Preparing spawn area: 0%
[05:12:44] [Server thread/INFO]: Preparing spawn area: 0%
[05:12:44] [Server thread/INFO]: Preparing spawn area: 0%
[05:12:45] [Server thread/INFO]: Preparing spawn area: 0%
[05:12:45] [Server thread/INFO]: Preparing spawn area: 0%
[05:12:46] [Server thread/INFO]: Preparing spawn area: 0%
[05:12:46] [Server thread/INFO]: Preparing spawn area: 0%
[05:12:46] [Server thread/INFO]: Time elapsed: 3864 ms
[05:12:47] [Server thread/INFO]: Starting GS4 status listener
[05:12:47] [Server thread/INFO]: Thread Query Listener started
[05:12:47] [Query Listener #1/INFO]: Query running on 0.0.0.0:25608
[05:12:47] [Server thread/INFO]: Running delayed init tasks
[05:12:47] [Server thread/INFO]: Done (19.344s)! For help, type "help"
[05:12:47] [Server thread/INFO]: Timings Reset
[05:12:55] [Server thread/WARN]: Can't keep up! Is the server overloaded? Running 5022ms or 100 ticks behind
[05:13:31] [Server thread/WARN]: Can't keep up! Is the server overloaded? Running 5492ms or 109 ticks behind
[05:18:03] [Server thread/WARN]: Can't keep up! Is the server overloaded? Running 5568ms or 111 ticks behind
[10:27:26] [User Authenticator #1/INFO]: UUID of player Arcabat is 3e887fe0-c5a9-45b6-9b30-aa8352bb5e3a
[10:27:26] [Server thread/INFO]: Arcabat joined the game
[10:27:26] [Server thread/INFO]: Arcabat[/46.193.65.177:58664] logged in with entity id 1445 at ([world]50.74305466246594, 71.9375, 333.2154253047333)
[11:39:45] [Server thread/WARN]: Arcabat moved too quickly! 6.650222243124162,1.0,7.79018905880622
[12:30:10] [Server thread/INFO]: Arcabat lost connection: Timed out
[12:30:10] [Server thread/INFO]: Arcabat left the game
[12:30:43] [User Authenticator #2/INFO]: UUID of player Arcabat is 3e887fe0-c5a9-45b6-9b30-aa8352bb5e3a
[12:30:43] [Server thread/INFO]: Arcabat joined the game
[12:30:43] [Server thread/INFO]: Arcabat[/46.193.65.177:59486] logged in with entity id 29361 at ([world]53.252002065852096, 68.5, 312.70298864252845)
[13:07:07] [Server thread/INFO]: Arcabat lost connection: Disconnected
[13:07:07] [Server thread/INFO]: Arcabat left the game
[15:15:54] [User Authenticator #3/INFO]: UUID of player Arcabat is 3e887fe0-c5a9-45b6-9b30-aa8352bb5e3a
[15:15:54] [Server thread/INFO]: Arcabat joined the game
[15:15:54] [Server thread/INFO]: Arcabat[/46.193.65.177:52364] logged in with entity id 35275 at ([world]56.69643197141117, 66.0, 321.8172980685381)
[15:45:53] [Server thread/INFO]: Arcabat lost connection: Disconnected
[15:45:53] [Server thread/INFO]: Arcabat left the game
[15:53:56] [User Authenticator #4/INFO]: UUID of player Arcabat is 3e887fe0-c5a9-45b6-9b30-aa8352bb5e3a
[15:53:56] [Server thread/INFO]: Arcabat joined the game
[15:53:56] [Server thread/INFO]: Arcabat[/46.193.65.177:60865] logged in with entity id 44140 at ([world_nether]-1413.6361539150776, 37.0, -86.02681137131536)
[15:58:05] [Server thread/INFO]: Arcabat has made the advancement [Those Were the Days]
[15:58:18] [Server thread/INFO]: Arcabat has made the advancement [War Pigs]
[16:12:09] [Server thread/INFO]: Arcabat lost connection: Disconnected
[16:12:09] [Server thread/INFO]: Arcabat left the game
[17:57:43] [User Authenticator #5/INFO]: UUID of player Arcabat is 3e887fe0-c5a9-45b6-9b30-aa8352bb5e3a
[17:57:43] [Server thread/INFO]: Arcabat joined the game
[17:57:43] [Server thread/INFO]: Arcabat[/46.193.65.177:61105] logged in with entity id 48996 at ([world]51.17123066968607, 72.0, 330.8254652198296)
[21:00:28] [Server thread/INFO]: Arcabat lost connection: Disconnected
[21:00:28] [Server thread/INFO]: Arcabat left the game
