[22:20:23] [ServerMain/INFO]: Environment: authHost='https://authserver.mojang.com', accountsHost='https://api.mojang.com', sessionHost='https://sessionserver.mojang.com', servicesHost='https://api.minecraftservices.com', name='PROD'
[22:20:23] [ServerMain/INFO]: Reloading ResourceManager: Default, bukkit
[22:20:24] [Worker-Main-1/INFO]: Loaded 7 recipes
[22:20:26] [Server thread/INFO]: Starting minecraft server version 1.18.1
[22:20:26] [Server thread/INFO]: Loading properties
[22:20:26] [Server thread/INFO]: This server is running Paper version git-Paper-126 (MC: 1.18.1) (Implementing API version 1.18.1-R0.1-SNAPSHOT) (Git: d3f3429)
[22:20:26] [Server thread/INFO]: Server Ping Player Sample Count: 12
[22:20:26] [Server thread/INFO]: Using 4 threads for Netty based IO
[22:20:26] [Server thread/INFO]: Default game type: SURVIVAL
[22:20:26] [Server thread/INFO]: Generating keypair
[22:20:26] [Server thread/INFO]: Starting Minecraft server on 0.0.0.0:25608
[22:20:26] [Server thread/INFO]: Using epoll channel type
[22:20:26] [Server thread/INFO]: Paper: Using libdeflate (Linux x86_64) compression from Velocity.
[22:20:26] [Server thread/INFO]: Paper: Using OpenSSL 1.1.x (Linux x86_64) cipher from Velocity.
[22:20:26] [Server thread/INFO]: Server permissions file permissions.yml is empty, ignoring it
[22:20:26] [Server thread/INFO]: Preparing level "world"
[22:20:27] [Server thread/INFO]: Preparing start region for dimension minecraft:overworld
[22:20:28] [Server thread/INFO]: Preparing spawn area: 0%
[22:20:28] [Server thread/INFO]: Preparing spawn area: 0%
[22:20:28] [Server thread/INFO]: Preparing spawn area: 0%
[22:20:29] [Server thread/INFO]: Preparing spawn area: 0%
[22:20:29] [Server thread/INFO]: Time elapsed: 1648 ms
[22:20:29] [Server thread/INFO]: Preparing start region for dimension minecraft:the_nether
[22:20:29] [Server thread/INFO]: Preparing spawn area: 0%
[22:20:29] [Server thread/INFO]: Preparing spawn area: 0%
[22:20:29] [Server thread/INFO]: Time elapsed: 634 ms
[22:20:29] [Server thread/INFO]: Preparing start region for dimension minecraft:the_end
[22:20:29] [Server thread/INFO]: Preparing spawn area: 0%
[22:20:30] [Server thread/INFO]: Time elapsed: 377 ms
[22:20:30] [Server thread/INFO]: Starting GS4 status listener
[22:20:30] [Server thread/INFO]: Thread Query Listener started
[22:20:30] [Query Listener #1/INFO]: Query running on 0.0.0.0:25608
[22:20:30] [Server thread/INFO]: Running delayed init tasks
[22:20:30] [Server thread/INFO]: Done (4.343s)! For help, type "help"
[22:20:30] [Server thread/INFO]: Timings Reset
[22:20:57] [Server thread/INFO]: Incorrect argument for command
[22:20:57] [Server thread/INFO]: whitelist Arcabat<--[HERE]
[22:21:08] [Server thread/INFO]: Added Arcabat to the whitelist
[22:21:19] [Server thread/INFO]: That player does not exist
[22:23:12] [User Authenticator #1/INFO]: UUID of player Shadowmere_Swift is ff3bff8b-0d11-422f-a6f6-2e2b8da24bfb
[22:23:12] [Server thread/INFO]: Shadowmere_Swift joined the game
[22:23:12] [Server thread/INFO]: Shadowmere_Swift[/81.220.197.61:64157] logged in with entity id 174 at ([world]35.5, 66.0, 286.5)
[22:23:47] [Server thread/INFO]: Shadowmere_Swift lost connection: Disconnected
[22:23:47] [Server thread/INFO]: Shadowmere_Swift left the game
[22:27:41] [User Authenticator #2/INFO]: UUID of player Shadowmere_Swift is ff3bff8b-0d11-422f-a6f6-2e2b8da24bfb
[22:27:41] [Server thread/INFO]: Shadowmere_Swift joined the game
[22:27:41] [Server thread/INFO]: Shadowmere_Swift[/81.220.197.61:64922] logged in with entity id 482 at ([world]42.46655328216122, 73.0, 293.42735556630845)
[22:27:48] [Server thread/INFO]: Shadowmere_Swift issued server command: /gamemode creative
[22:27:48] [Server thread/INFO]: [Shadowmere_Swift: Set own game mode to Creative Mode]
[22:28:02] [Server thread/INFO]: Shadowmere_Swift issued server command: /whitelist list
[22:28:11] [Server thread/INFO]: Shadowmere_Swift issued server command: /whitelist add Shadowmere_Swift
[22:28:11] [Server thread/INFO]: [Shadowmere_Swift: Added Shadowmere_Swift to the whitelist]
[22:28:43] [Server thread/INFO]: Shadowmere_Swift issued server command: /whitelist add Je_Veux_GTA_5
[22:29:08] [Server thread/INFO]: Shadowmere_Swift lost connection: Disconnected
[22:29:08] [Server thread/INFO]: Shadowmere_Swift left the game
[22:30:33] [User Authenticator #3/INFO]: UUID of player Arcabat is 3e887fe0-c5a9-45b6-9b30-aa8352bb5e3a
[22:30:33] [Server thread/INFO]: Arcabat joined the game
[22:30:33] [Server thread/INFO]: Arcabat[/46.193.65.177:58237] logged in with entity id 690 at ([world]39.5, 66.0, 285.5)
[22:30:48] [Server thread/INFO]: Arcabat lost connection: Disconnected
[22:30:48] [Server thread/INFO]: Arcabat left the game
[22:33:59] [User Authenticator #4/INFO]: UUID of player Arcabat is 3e887fe0-c5a9-45b6-9b30-aa8352bb5e3a
[22:33:59] [Server thread/INFO]: Arcabat joined the game
[22:33:59] [Server thread/INFO]: Arcabat[/46.193.65.177:58320] logged in with entity id 752 at ([world]42.8196297130153, 67.0, 286.1652783265942)
[22:45:52] [Server thread/INFO]: Expected whitespace to end one argument, but found trailing data
[22:45:52] [Server thread/INFO]: ... minecraft:dirt 1 Arcabat<--[HERE]
[22:53:08] [Server thread/INFO]: Arcabat lost connection: Disconnected
[22:53:08] [Server thread/INFO]: Arcabat left the game
[22:55:40] [User Authenticator #5/INFO]: UUID of player Shadowmere_Swift is ff3bff8b-0d11-422f-a6f6-2e2b8da24bfb
[22:55:40] [Server thread/INFO]: Shadowmere_Swift joined the game
[22:55:40] [Server thread/INFO]: Shadowmere_Swift[/81.220.197.61:65430] logged in with entity id 3066 at ([world]43.992504802122966, 70.0, 288.45891110681873)
[22:55:51] [User Authenticator #5/INFO]: UUID of player Arcabat is 3e887fe0-c5a9-45b6-9b30-aa8352bb5e3a
[22:55:51] [Server thread/INFO]: Arcabat joined the game
[22:55:51] [Server thread/INFO]: Arcabat[/46.193.65.177:61793] logged in with entity id 3130 at ([world]55.60860595889863, 78.0, 316.69999998807907)
[22:57:35] [Server thread/INFO]: Shadowmere_Swift issued server command: /gamemode creative Arcabat
[22:57:35] [Server thread/INFO]: [Shadowmere_Swift: Set Arcabat's game mode to Creative Mode]
[22:57:58] [Server thread/INFO]: Shadowmere_Swift issued server command: /whitelist add KevLel49
[22:58:00] [Server thread/INFO]: Shadowmere_Swift issued server command: /whitelist add Kevlel49
[22:58:05] [Server thread/INFO]: Shadowmere_Swift issued server command: /whitelist add Kevlel
[22:58:06] [Server thread/INFO]: [Shadowmere_Swift: Added kevlel to the whitelist]
[23:03:44] [Server thread/INFO]: Shadowmere_Swift issued server command: /whitelist add Helios_49
[23:03:45] [Server thread/INFO]: [Shadowmere_Swift: Added Helios_49 to the whitelist]
[23:03:55] [Server thread/INFO]: Shadowmere_Swift issued server command: /whitelist remove kevlel
[23:03:55] [Server thread/INFO]: [Shadowmere_Swift: Removed kevlel from the whitelist]
[23:04:33] [Server thread/INFO]: Shadowmere_Swift lost connection: Disconnected
[23:04:33] [Server thread/INFO]: Shadowmere_Swift left the game
[23:04:37] [Server thread/INFO]: Stopping the server
[23:04:37] [Server thread/INFO]: Stopping server
[23:04:37] [Server thread/INFO]: Saving players
[23:04:37] [Server thread/INFO]: Arcabat lost connection: Server closed
[23:04:37] [Server thread/INFO]: Arcabat left the game
[23:04:37] [Server thread/INFO]: Saving worlds
[23:04:37] [Server thread/INFO]: Saving chunks for level 'ServerLevel[world]'/minecraft:overworld
[23:04:38] [Server thread/INFO]: Saving chunks for level 'ServerLevel[world_nether]'/minecraft:the_nether
[23:04:38] [Server thread/INFO]: Saving chunks for level 'ServerLevel[world_the_end]'/minecraft:the_end
[23:04:38] [Server thread/INFO]: ThreadedAnvilChunkStorage (world): All chunks are saved
[23:04:38] [Server thread/INFO]: ThreadedAnvilChunkStorage (DIM-1): All chunks are saved
[23:04:38] [Server thread/INFO]: ThreadedAnvilChunkStorage (DIM1): All chunks are saved
[23:04:38] [Server thread/INFO]: ThreadedAnvilChunkStorage: All dimensions are saved
[23:04:38] [Server thread/INFO]: Flushing Chunk IO
[23:04:38] [Server thread/INFO]: Closing Thread Pool
[23:04:38] [Server thread/INFO]: Closing Server
