[00:03:27] [Server thread/INFO]: Shadowmere_Swift lost connection: Disconnected
[00:03:27] [Server thread/INFO]: Shadowmere_Swift left the game
[00:07:40] [User Authenticator #7/INFO]: UUID of player Shadowmere_Swift is ff3bff8b-0d11-422f-a6f6-2e2b8da24bfb
[00:07:40] [Server thread/INFO]: Shadowmere_Swift joined the game
[00:07:40] [Server thread/INFO]: Shadowmere_Swift[/176.131.4.117:62443] logged in with entity id 151647 at ([world]397.71826614343945, 79.0, 833.9290590300686)
[00:10:46] [Server thread/WARN]: Horse (vehicle of Shadowmere_Swift) moved wrongly! 0.2779914138586719
[00:11:34] [Server thread/INFO]: Shadowmere_Swift tried to swim in lava
[00:23:15] [Server thread/INFO]: Shadowmere_Swift lost connection: Disconnected
[00:23:15] [Server thread/INFO]: Shadowmere_Swift left the game
[00:23:16] [User Authenticator #8/INFO]: UUID of player Shadowmere_Swift is ff3bff8b-0d11-422f-a6f6-2e2b8da24bfb
[00:23:16] [Server thread/INFO]: Shadowmere_Swift joined the game
[00:23:16] [Server thread/INFO]: Shadowmere_Swift[/176.131.4.117:52895] logged in with entity id 155231 at ([world]510.4213790499263, 63.085764277236606, 173.82231124425553)
[00:24:05] [Server thread/INFO]: Shadowmere_Swift lost connection: Disconnected
[00:24:05] [Server thread/INFO]: Shadowmere_Swift left the game
[00:24:06] [User Authenticator #8/INFO]: UUID of player Shadowmere_Swift is ff3bff8b-0d11-422f-a6f6-2e2b8da24bfb
[00:24:06] [Server thread/INFO]: Shadowmere_Swift joined the game
[00:24:06] [Server thread/INFO]: Shadowmere_Swift[/176.131.4.117:52923] logged in with entity id 155352 at ([world]510.4213790499263, 63.085764277236606, 173.82231124425553)
[00:24:29] [Server thread/INFO]: Shadowmere_Swift lost connection: Disconnected
[00:24:29] [Server thread/INFO]: Shadowmere_Swift left the game
[00:24:30] [User Authenticator #8/INFO]: UUID of player Shadowmere_Swift is ff3bff8b-0d11-422f-a6f6-2e2b8da24bfb
[00:24:30] [Server thread/INFO]: Shadowmere_Swift joined the game
[00:24:30] [Server thread/INFO]: Shadowmere_Swift[/176.131.4.117:52934] logged in with entity id 155396 at ([world]510.4213790499263, 63.085764277236606, 173.82231124425553)
[00:24:53] [Server thread/INFO]: Shadowmere_Swift lost connection: Disconnected
[00:24:53] [Server thread/INFO]: Shadowmere_Swift left the game
[00:24:54] [User Authenticator #8/INFO]: UUID of player Shadowmere_Swift is ff3bff8b-0d11-422f-a6f6-2e2b8da24bfb
[00:24:54] [Server thread/INFO]: Shadowmere_Swift joined the game
[00:24:54] [Server thread/INFO]: Shadowmere_Swift[/176.131.4.117:52944] logged in with entity id 155445 at ([world]510.4213790499263, 63.085764277236606, 173.82231124425553)
[00:25:39] [Server thread/INFO]: Shadowmere_Swift lost connection: Disconnected
[00:25:39] [Server thread/INFO]: Shadowmere_Swift left the game
[00:25:40] [User Authenticator #8/INFO]: UUID of player Shadowmere_Swift is ff3bff8b-0d11-422f-a6f6-2e2b8da24bfb
[00:25:40] [Server thread/INFO]: Shadowmere_Swift joined the game
[00:25:41] [Server thread/INFO]: Shadowmere_Swift[/176.131.4.117:52956] logged in with entity id 155539 at ([world]500.39908542047067, 63.08576431274416, 174.7712262739332)
[00:25:44] [Server thread/INFO]: Shadowmere_Swift lost connection: Disconnected
[00:25:44] [Server thread/INFO]: Shadowmere_Swift left the game
[00:25:51] [User Authenticator #8/INFO]: UUID of player Shadowmere_Swift is ff3bff8b-0d11-422f-a6f6-2e2b8da24bfb
[00:25:51] [Server thread/INFO]: Shadowmere_Swift joined the game
[00:25:51] [Server thread/INFO]: Shadowmere_Swift[/176.131.4.117:52965] logged in with entity id 155558 at ([world]500.39908542047067, 63.08576431274416, 174.7712262739332)
[00:27:59] [Server thread/INFO]: Shadowmere_Swift lost connection: Disconnected
[00:27:59] [Server thread/INFO]: Shadowmere_Swift left the game
[00:28:00] [User Authenticator #9/INFO]: UUID of player Shadowmere_Swift is ff3bff8b-0d11-422f-a6f6-2e2b8da24bfb
[00:28:01] [Server thread/INFO]: Shadowmere_Swift joined the game
[00:28:01] [Server thread/INFO]: Shadowmere_Swift[/176.131.4.117:53002] logged in with entity id 155833 at ([world]502.8196599188794, 63.08576431274413, 174.55011383023916)
[00:28:28] [Server thread/INFO]: Shadowmere_Swift lost connection: Disconnected
[00:28:28] [Server thread/INFO]: Shadowmere_Swift left the game
[00:28:30] [User Authenticator #9/INFO]: UUID of player Shadowmere_Swift is ff3bff8b-0d11-422f-a6f6-2e2b8da24bfb
[00:28:30] [Server thread/INFO]: Shadowmere_Swift joined the game
[00:28:30] [Server thread/INFO]: Shadowmere_Swift[/176.131.4.117:53015] logged in with entity id 155897 at ([world]502.8196599188794, 63.08576431274413, 174.55011383023916)
[00:28:45] [Server thread/INFO]: Shadowmere_Swift lost connection: Disconnected
[00:28:45] [Server thread/INFO]: Shadowmere_Swift left the game
[00:28:46] [User Authenticator #9/INFO]: UUID of player Shadowmere_Swift is ff3bff8b-0d11-422f-a6f6-2e2b8da24bfb
[00:28:46] [Server thread/INFO]: Shadowmere_Swift joined the game
[00:28:46] [Server thread/INFO]: Shadowmere_Swift[/176.131.4.117:53027] logged in with entity id 155918 at ([world]502.8196599188794, 63.08576431274413, 174.55011383023916)
[00:29:24] [Server thread/INFO]: Shadowmere_Swift lost connection: Disconnected
[00:29:24] [Server thread/INFO]: Shadowmere_Swift left the game
[00:29:25] [User Authenticator #9/INFO]: UUID of player Shadowmere_Swift is ff3bff8b-0d11-422f-a6f6-2e2b8da24bfb
[00:29:25] [Server thread/INFO]: Shadowmere_Swift joined the game
[00:29:25] [Server thread/INFO]: Shadowmere_Swift[/176.131.4.117:53038] logged in with entity id 156023 at ([world]502.90345966837685, 63.08576431274413, 174.37903237886894)
[00:30:54] [Server thread/WARN]: Horse (vehicle of Cheliness) moved wrongly! 0.43952953973882813
[00:30:54] [Server thread/WARN]: Horse (vehicle of Cheliness) moved wrongly! 0.9490715037000541
[00:31:17] [Server thread/INFO]: Shadowmere_Swift lost connection: Disconnected
[00:31:17] [Server thread/INFO]: Shadowmere_Swift left the game
[00:31:18] [User Authenticator #10/INFO]: UUID of player Shadowmere_Swift is ff3bff8b-0d11-422f-a6f6-2e2b8da24bfb
[00:31:18] [Server thread/INFO]: Shadowmere_Swift joined the game
[00:31:18] [Server thread/INFO]: Shadowmere_Swift[/176.131.4.117:53053] logged in with entity id 158008 at ([world]420.7528073313369, 80.0, 827.723254623847)
[00:36:14] [Server thread/INFO]: Shadowmere_Swift lost connection: Disconnected
[00:36:14] [Server thread/INFO]: Shadowmere_Swift left the game
[00:36:18] [Server thread/INFO]: Cheliness lost connection: Disconnected
[00:36:18] [Server thread/INFO]: Cheliness left the game
[00:37:29] [User Authenticator #11/INFO]: UUID of player Cheliness is 6eac5eb0-892d-466b-9c19-b798f3460bf0
[00:37:29] [Server thread/INFO]: Cheliness joined the game
[00:37:30] [Server thread/INFO]: Cheliness[/90.93.105.27:62605] logged in with entity id 159958 at ([world]150.27085411209853, 79.8500000178814, 387.9837305701251)
[00:37:36] [Server thread/INFO]: Cheliness lost connection: Disconnected
[00:37:36] [Server thread/INFO]: Cheliness left the game
[00:37:42] [User Authenticator #11/INFO]: UUID of player Shadowmere_Swift is ff3bff8b-0d11-422f-a6f6-2e2b8da24bfb
[00:37:42] [Server thread/INFO]: Shadowmere_Swift joined the game
[00:37:42] [Server thread/INFO]: Shadowmere_Swift[/176.131.4.117:53174] logged in with entity id 160034 at ([world]414.55579848832974, 103.0, 841.618750378563)
[00:41:08] [User Authenticator #12/INFO]: UUID of player Cheliness is 6eac5eb0-892d-466b-9c19-b798f3460bf0
[00:41:08] [Server thread/INFO]: Cheliness joined the game
[00:41:08] [Server thread/INFO]: Cheliness[/90.93.105.27:62753] logged in with entity id 161571 at ([world]149.93797909636012, 79.8500000178814, 394.26571310318036)
[00:41:34] [Server thread/WARN]: Yuri on Ice (vehicle of Cheliness) moved wrongly! 0.3378379888528116
[00:41:34] [Server thread/WARN]: Yuri on Ice (vehicle of Cheliness) moved wrongly! 0.697110674403886
[01:13:30] [Server thread/WARN]: Spirit (vehicle of Cheliness) moved wrongly! 0.31832583911676693
[01:14:08] [Server thread/WARN]: Spirit (vehicle of Cheliness) moved wrongly! 0.4319966237733297
[01:14:09] [Server thread/WARN]: Spirit (vehicle of Cheliness) moved wrongly! 1.0413617192448896
[01:14:09] [Server thread/WARN]: Spirit (vehicle of Cheliness) moved wrongly! 1.6431781947151194
[01:14:09] [Server thread/WARN]: Spirit (vehicle of Cheliness) moved wrongly! 2.229169168930241
[01:19:36] [Server thread/WARN]: Horse (vehicle of Shadowmere_Swift) moved wrongly! 0.6100439525745044
[01:24:25] [Server thread/WARN]: Horse (vehicle of Shadowmere_Swift) moved wrongly! 0.39775979153185664
[01:25:45] [Server thread/WARN]: Horse (vehicle of Cheliness) moved wrongly! 0.28827550855208983
[01:26:04] [Server thread/WARN]: Horse (vehicle of Shadowmere_Swift) moved wrongly! 0.48558417874602056
[01:30:25] [Server thread/WARN]: Horse (vehicle of Shadowmere_Swift) moved wrongly! 0.26161503035783196
[01:30:25] [Server thread/WARN]: Horse (vehicle of Shadowmere_Swift) moved wrongly! 0.4950033904150311
[01:30:25] [Server thread/WARN]: Horse (vehicle of Shadowmere_Swift) moved wrongly! 0.5429667634307656
[01:30:26] [Server thread/WARN]: Horse (vehicle of Shadowmere_Swift) moved wrongly! 0.5721414795825942
[01:30:26] [Server thread/WARN]: Horse (vehicle of Shadowmere_Swift) moved wrongly! 0.5885710248165902
[01:30:26] [Server thread/WARN]: Horse (vehicle of Shadowmere_Swift) moved wrongly! 0.597563903966861
[01:30:26] [Server thread/WARN]: Horse (vehicle of Shadowmere_Swift) moved wrongly! 0.6024188884250709
[01:30:26] [Server thread/WARN]: Horse (vehicle of Shadowmere_Swift) moved wrongly! 0.6050312724404058
[01:30:26] [Server thread/WARN]: Horse (vehicle of Shadowmere_Swift) moved wrongly! 0.6064306416494643
[01:30:26] [Server thread/WARN]: Horse (vehicle of Shadowmere_Swift) moved wrongly! 0.6071798521414237
[01:30:26] [Server thread/WARN]: Horse (vehicle of Shadowmere_Swift) moved wrongly! 0.6075806759128166
[01:30:26] [Server thread/WARN]: Horse (vehicle of Shadowmere_Swift) moved wrongly! 0.6077953192157903
[01:30:26] [Server thread/WARN]: Horse (vehicle of Shadowmere_Swift) moved wrongly! 0.607910219323443
[01:30:26] [Server thread/WARN]: Horse (vehicle of Shadowmere_Swift) moved wrongly! 0.6079717140305074
[01:30:26] [Server thread/WARN]: Horse (vehicle of Shadowmere_Swift) moved wrongly! 0.6079796727518667
[01:30:26] [Server thread/WARN]: Horse (vehicle of Shadowmere_Swift) moved wrongly! 0.6077866868334291
[01:30:26] [Server thread/WARN]: Horse (vehicle of Shadowmere_Swift) moved wrongly! 0.603516369333163
[01:30:26] [Server thread/WARN]: Horse (vehicle of Shadowmere_Swift) moved wrongly! 0.5717523321053495
[01:30:26] [Server thread/WARN]: Horse (vehicle of Shadowmere_Swift) moved wrongly! 0.5474897093472091
[01:30:26] [Server thread/WARN]: Horse (vehicle of Shadowmere_Swift) moved wrongly! 0.5437934372532709
[01:30:26] [Server thread/WARN]: Horse (vehicle of Shadowmere_Swift) moved wrongly! 1.087855250477105
[01:30:26] [Server thread/WARN]: Horse (vehicle of Shadowmere_Swift) moved wrongly! 0.5435378138251963
[01:30:26] [Server thread/WARN]: Horse (vehicle of Shadowmere_Swift) moved wrongly! 0.5429271443426842
[01:30:27] [Server thread/WARN]: Horse (vehicle of Shadowmere_Swift) moved wrongly! 0.5426003872778438
[01:30:27] [Server thread/WARN]: Horse (vehicle of Shadowmere_Swift) moved wrongly! 0.2903346489476917
[01:33:52] [Server thread/WARN]: Horse (vehicle of Shadowmere_Swift) moved wrongly! 0.28244902212693085
[01:37:24] [Server thread/WARN]: Horse (vehicle of Shadowmere_Swift) moved wrongly! 0.25670808608782636
[01:37:24] [Server thread/WARN]: Horse (vehicle of Shadowmere_Swift) moved wrongly! 0.2674797681728478
[01:37:25] [Server thread/WARN]: Horse (vehicle of Shadowmere_Swift) moved wrongly! 0.2855130806353259
[01:44:15] [Server thread/INFO]: Shadowmere_Swift lost connection: Disconnected
[01:44:15] [Server thread/INFO]: Shadowmere_Swift left the game
[01:46:07] [User Authenticator #13/INFO]: UUID of player Shadowmere_Swift is ff3bff8b-0d11-422f-a6f6-2e2b8da24bfb
[01:46:07] [Server thread/INFO]: Shadowmere_Swift joined the game
[01:46:07] [Server thread/INFO]: Shadowmere_Swift[/176.131.4.117:56564] logged in with entity id 203047 at ([world]-413.2297691521696, 63.85000001788139, -1062.0837452895826)
[01:53:52] [Server thread/WARN]: Horse (vehicle of Shadowmere_Swift) moved wrongly! 0.28259748497573867
[02:06:37] [Server thread/INFO]: Cheliness has made the advancement [The Parrots and the Bats]
[02:14:32] [Server thread/WARN]: Horse (vehicle of Shadowmere_Swift) moved wrongly! 0.33306997746933575
[02:20:04] [Server thread/WARN]: Spirit (vehicle of Cheliness) moved wrongly! 0.27789891145829415
[02:20:04] [Server thread/WARN]: Spirit (vehicle of Cheliness) moved wrongly! 0.5296118868802182
[02:20:04] [Server thread/WARN]: Spirit (vehicle of Cheliness) moved wrongly! 1.1267403454017995
[02:20:04] [Server thread/WARN]: Spirit (vehicle of Cheliness) moved wrongly! 0.5572889862027637
[02:20:04] [Server thread/WARN]: Spirit (vehicle of Cheliness) moved wrongly! 0.5624510941127028
[02:20:04] [Server thread/WARN]: Spirit (vehicle of Cheliness) moved wrongly! 0.5652132351340242
[02:20:04] [Server thread/WARN]: Spirit (vehicle of Cheliness) moved wrongly! 0.5666912017233585
[02:20:04] [Server thread/WARN]: Spirit (vehicle of Cheliness) moved wrongly! 0.5674820321778498
[02:20:04] [Server thread/WARN]: Spirit (vehicle of Cheliness) moved wrongly! 0.5679051897865861
[02:20:04] [Server thread/WARN]: Spirit (vehicle of Cheliness) moved wrongly! 0.5681316129861784
[02:20:04] [Server thread/WARN]: Spirit (vehicle of Cheliness) moved wrongly! 0.5682527675258484
[02:20:04] [Server thread/WARN]: Spirit (vehicle of Cheliness) moved wrongly! 0.5683175949044994
[02:20:04] [Server thread/WARN]: Spirit (vehicle of Cheliness) moved wrongly! 0.5675428033767389
[02:20:04] [Server thread/WARN]: Spirit (vehicle of Cheliness) moved wrongly! 1.1793769280280344
[02:20:04] [Server thread/WARN]: Spirit (vehicle of Cheliness) moved wrongly! 0.5294560673232809
[02:20:04] [Server thread/WARN]: Spirit (vehicle of Cheliness) moved wrongly! 0.48152302302759153
[02:20:04] [Server thread/WARN]: Spirit (vehicle of Cheliness) moved wrongly! 0.44279218649313634
[02:20:05] [Server thread/WARN]: Spirit (vehicle of Cheliness) moved wrongly! 0.42258363460825876
[02:20:05] [Server thread/WARN]: Spirit (vehicle of Cheliness) moved wrongly! 0.41228459620111835
[02:20:05] [Server thread/WARN]: Spirit (vehicle of Cheliness) moved wrongly! 0.40677378609018433
[02:20:05] [Server thread/WARN]: Spirit (vehicle of Cheliness) moved wrongly! 0.40433780733923186
[02:20:05] [Server thread/WARN]: Spirit (vehicle of Cheliness) moved wrongly! 0.4076409150094378
[02:20:05] [Server thread/WARN]: Spirit (vehicle of Cheliness) moved wrongly! 0.4261560529604367
[02:20:05] [Server thread/WARN]: Spirit (vehicle of Cheliness) moved wrongly! 0.4601804886675609
[02:20:05] [Server thread/WARN]: Spirit (vehicle of Cheliness) moved wrongly! 0.48782601935857883
[02:20:05] [Server thread/WARN]: Spirit (vehicle of Cheliness) moved wrongly! 0.5026185916389068
[02:20:05] [Server thread/WARN]: Spirit (vehicle of Cheliness) moved wrongly! 0.504186248177291
[02:20:05] [Server thread/WARN]: Spirit (vehicle of Cheliness) moved wrongly! 0.5012350597797308
[02:22:12] [Server thread/WARN]: Spirit (vehicle of Cheliness) moved wrongly! 0.2965082820903149
[02:22:42] [Server thread/INFO]: Cheliness has made the advancement [A Seedy Place]
[02:25:30] [Server thread/WARN]: Spirit (vehicle of Cheliness) moved wrongly! 0.31042330172567745
[02:26:02] [Server thread/WARN]: Spirit (vehicle of Cheliness) moved wrongly! 0.2812015371600296
[02:45:29] [Server thread/INFO]: Shadowmere_Swift lost connection: Disconnected
[02:45:29] [Server thread/INFO]: Shadowmere_Swift left the game
[02:46:10] [Server thread/INFO]: Cheliness lost connection: Disconnected
[02:46:10] [Server thread/INFO]: Cheliness left the game
[05:00:25] [Server thread/INFO]: Stopping the server
[05:00:25] [Server thread/INFO]: Stopping server
[05:00:25] [Server thread/INFO]: Saving players
[05:00:25] [Server thread/INFO]: Saving worlds
[05:00:25] [Server thread/INFO]: Saving chunks for level 'ServerLevel[world]'/minecraft:overworld
[05:00:25] [Server thread/INFO]: Saving chunks for level 'ServerLevel[world_nether]'/minecraft:the_nether
[05:00:25] [Server thread/INFO]: Saving chunks for level 'ServerLevel[world_the_end]'/minecraft:the_end
[05:00:25] [Server thread/INFO]: ThreadedAnvilChunkStorage (world): All chunks are saved
[05:00:25] [Server thread/INFO]: ThreadedAnvilChunkStorage (DIM-1): All chunks are saved
[05:00:25] [Server thread/INFO]: ThreadedAnvilChunkStorage (DIM1): All chunks are saved
[05:00:25] [Server thread/INFO]: ThreadedAnvilChunkStorage: All dimensions are saved
[05:00:26] [Server thread/INFO]: Flushing Chunk IO
[05:00:26] [Server thread/INFO]: Closing Thread Pool
[05:00:26] [Server thread/INFO]: Closing Server
