[05:13:24] [ServerMain/INFO]: Environment: authHost='https://authserver.mojang.com', accountsHost='https://api.mojang.com', sessionHost='https://sessionserver.mojang.com', servicesHost='https://api.minecraftservices.com', name='PROD'
[05:13:26] [ServerMain/INFO]: Reloading ResourceManager: Default, bukkit
[05:13:28] [Worker-Main-1/INFO]: Loaded 7 recipes
[05:13:34] [Server thread/INFO]: Starting minecraft server version 1.18.1
[05:13:34] [Server thread/INFO]: Loading properties
[05:13:35] [Server thread/INFO]: This server is running Paper version git-Paper-126 (MC: 1.18.1) (Implementing API version 1.18.1-R0.1-SNAPSHOT) (Git: d3f3429)
[05:13:35] [Server thread/INFO]: Server Ping Player Sample Count: 12
[05:13:35] [Server thread/INFO]: Using 4 threads for Netty based IO
[05:13:36] [Server thread/INFO]: Default game type: SURVIVAL
[05:13:36] [Server thread/INFO]: Generating keypair
[05:13:37] [Server thread/INFO]: Starting Minecraft server on 0.0.0.0:25608
[05:13:37] [Server thread/INFO]: Using epoll channel type
[05:13:37] [Server thread/INFO]: Paper: Using libdeflate (Linux x86_64) compression from Velocity.
[05:13:37] [Server thread/INFO]: Paper: Using OpenSSL 1.1.x (Linux x86_64) cipher from Velocity.
[05:13:37] [Server thread/INFO]: Server permissions file permissions.yml is empty, ignoring it
[05:13:37] [Server thread/INFO]: Preparing level "world"
[05:13:42] [Server thread/INFO]: Preparing start region for dimension minecraft:overworld
[05:13:46] [Server thread/INFO]: Preparing spawn area: 0%
[05:13:46] [Server thread/INFO]: Preparing spawn area: 0%
[05:13:46] [Server thread/INFO]: Preparing spawn area: 0%
[05:13:46] [Server thread/INFO]: Preparing spawn area: 0%
[05:13:46] [Server thread/INFO]: Preparing spawn area: 0%
[05:13:46] [Server thread/INFO]: Preparing spawn area: 0%
[05:13:46] [Server thread/INFO]: Preparing spawn area: 0%
[05:13:46] [Server thread/INFO]: Preparing spawn area: 0%
[05:13:46] [Server thread/INFO]: Preparing spawn area: 0%
[05:13:46] [Server thread/INFO]: Preparing spawn area: 0%
[05:13:47] [Server thread/INFO]: Preparing spawn area: 0%
[05:13:47] [Server thread/INFO]: Preparing spawn area: 0%
[05:13:48] [Server thread/INFO]: Preparing spawn area: 0%
[05:13:48] [Server thread/INFO]: Preparing spawn area: 0%
[05:13:49] [Server thread/INFO]: Preparing spawn area: 0%
[05:13:49] [Server thread/INFO]: Preparing spawn area: 0%
[05:13:50] [Server thread/INFO]: Preparing spawn area: 0%
[05:13:50] [Server thread/INFO]: Preparing spawn area: 0%
[05:13:51] [Server thread/INFO]: Preparing spawn area: 0%
[05:13:51] [Server thread/INFO]: Preparing spawn area: 0%
[05:13:52] [Server thread/INFO]: Preparing spawn area: 0%
[05:13:52] [Server thread/INFO]: Preparing spawn area: 0%
[05:13:53] [Server thread/INFO]: Preparing spawn area: 0%
[05:13:53] [Server thread/INFO]: Preparing spawn area: 0%
[05:13:54] [Server thread/INFO]: Preparing spawn area: 0%
[05:13:54] [Server thread/INFO]: Preparing spawn area: 0%
[05:13:56] [Server thread/INFO]: Preparing spawn area: 2%
[05:13:56] [Server thread/INFO]: Preparing spawn area: 2%
[05:13:56] [Server thread/INFO]: Preparing spawn area: 2%
[05:13:56] [Server thread/INFO]: Preparing spawn area: 2%
[05:13:57] [Server thread/INFO]: Time elapsed: 14723 ms
[05:13:57] [Server thread/INFO]: Preparing start region for dimension minecraft:the_nether
[05:13:57] [Server thread/INFO]: Preparing spawn area: 0%
[05:13:57] [Server thread/INFO]: Preparing spawn area: 0%
[05:13:58] [Server thread/INFO]: Preparing spawn area: 0%
[05:13:58] [Server thread/INFO]: Preparing spawn area: 0%
[05:13:59] [Server thread/INFO]: Preparing spawn area: 0%
[05:13:59] [Server thread/INFO]: Preparing spawn area: 0%
[05:14:00] [Server thread/INFO]: Preparing spawn area: 0%
[05:14:00] [Server thread/INFO]: Preparing spawn area: 0%
[05:14:01] [Server thread/INFO]: Preparing spawn area: 0%
[05:14:01] [Server thread/INFO]: Preparing spawn area: 0%
[05:14:02] [Server thread/INFO]: Preparing spawn area: 0%
[05:14:04] [Server thread/INFO]: Preparing spawn area: 0%
[05:14:05] [Server thread/INFO]: Preparing spawn area: 0%
[05:14:05] [Server thread/INFO]: Preparing spawn area: 0%
[05:14:05] [Server thread/INFO]: Preparing spawn area: 0%
[05:14:05] [Server thread/INFO]: Preparing spawn area: 0%
[05:14:05] [Server thread/INFO]: Preparing spawn area: 0%
[05:14:05] [Server thread/INFO]: Preparing spawn area: 0%
[05:14:06] [Server thread/INFO]: Preparing spawn area: 0%
[05:14:06] [Server thread/INFO]: Preparing spawn area: 0%
[05:14:07] [Server thread/INFO]: Preparing spawn area: 0%
[05:14:07] [Server thread/INFO]: Preparing spawn area: 0%
[05:14:07] [Server thread/INFO]: Time elapsed: 10644 ms
[05:14:07] [Server thread/INFO]: Preparing start region for dimension minecraft:the_end
[05:14:08] [Server thread/INFO]: Preparing spawn area: 0%
[05:14:08] [Server thread/INFO]: Preparing spawn area: 0%
[05:14:08] [Server thread/INFO]: Preparing spawn area: 0%
[05:14:09] [Server thread/INFO]: Preparing spawn area: 0%
[05:14:09] [Server thread/INFO]: Preparing spawn area: 0%
[05:14:10] [Server thread/INFO]: Preparing spawn area: 0%
[05:14:10] [Server thread/INFO]: Preparing spawn area: 0%
[05:14:11] [Server thread/INFO]: Preparing spawn area: 0%
[05:14:12] [Server thread/INFO]: Preparing spawn area: 0%
[05:14:12] [Server thread/INFO]: Preparing spawn area: 0%
[05:14:12] [Server thread/INFO]: Preparing spawn area: 0%
[05:14:12] [Server thread/INFO]: Time elapsed: 5247 ms
[05:14:13] [Server thread/INFO]: Starting GS4 status listener
[05:14:13] [Server thread/INFO]: Thread Query Listener started
[05:14:13] [Query Listener #1/INFO]: Query running on 0.0.0.0:25608
[05:14:13] [Server thread/INFO]: Running delayed init tasks
[05:14:13] [Server thread/INFO]: Done (38.543s)! For help, type "help"
[05:14:13] [Server thread/INFO]: Timings Reset
[05:14:21] [Server thread/WARN]: Can't keep up! Is the server overloaded? Running 5069ms or 101 ticks behind
