[21:56:24] [ServerMain/INFO]: Environment: authHost='https://authserver.mojang.com', accountsHost='https://api.mojang.com', sessionHost='https://sessionserver.mojang.com', servicesHost='https://api.minecraftservices.com', name='PROD'
[21:56:24] [ServerMain/INFO]: Found new data pack file/bukkit, loading it automatically
[21:56:25] [ServerMain/INFO]: Reloading ResourceManager: Default, bukkit
[21:56:25] [Worker-Main-1/INFO]: Loaded 7 recipes
[21:56:26] [Server thread/INFO]: Starting minecraft server version 1.18.1
[21:56:26] [Server thread/INFO]: Loading properties
[21:56:26] [Server thread/INFO]: This server is running Paper version git-Paper-126 (MC: 1.18.1) (Implementing API version 1.18.1-R0.1-SNAPSHOT) (Git: d3f3429)
[21:56:27] [Server thread/INFO]: Server Ping Player Sample Count: 12
[21:56:27] [Server thread/INFO]: Using 4 threads for Netty based IO
[21:56:27] [Server thread/INFO]: Default game type: SURVIVAL
[21:56:27] [Server thread/INFO]: Generating keypair
[21:56:27] [Server thread/INFO]: Starting Minecraft server on 0.0.0.0:25608
[21:56:27] [Server thread/INFO]: Using epoll channel type
[21:56:27] [Server thread/INFO]: Paper: Using libdeflate (Linux x86_64) compression from Velocity.
[21:56:27] [Server thread/INFO]: Paper: Using OpenSSL 1.1.x (Linux x86_64) cipher from Velocity.
[21:56:27] [Server thread/INFO]: Preparing level "world"
[21:56:36] [Server thread/INFO]: Preparing start region for dimension minecraft:overworld
[21:56:36] [Worker-Main-1/INFO]: Preparing spawn area: 0%
[21:56:36] [Server thread/INFO]: Time elapsed: 239 ms
[21:56:36] [Server thread/INFO]: Preparing start region for dimension minecraft:the_nether
[21:56:36] [Server thread/INFO]: Time elapsed: 334 ms
[21:56:36] [Server thread/INFO]: Preparing start region for dimension minecraft:the_end
[21:56:37] [Server thread/INFO]: Time elapsed: 273 ms
[21:56:37] [Server thread/INFO]: Starting GS4 status listener
[21:56:37] [Server thread/INFO]: Thread Query Listener started
[21:56:37] [Query Listener #1/INFO]: Query running on 0.0.0.0:25608
[21:56:37] [Server thread/INFO]: Running delayed init tasks
[21:56:37] [Server thread/INFO]: Done (10.374s)! For help, type "help"
[21:56:37] [Server thread/INFO]: Timings Reset
[21:56:44] [Server thread/INFO]: Stopping the server
[21:56:44] [Server thread/INFO]: Stopping server
[21:56:44] [Server thread/INFO]: Saving players
[21:56:44] [Server thread/INFO]: Saving worlds
[21:56:44] [Server thread/INFO]: Saving chunks for level 'ServerLevel[world]'/minecraft:overworld
[21:57:02] [Server thread/INFO]: Saving chunks for level 'ServerLevel[world_nether]'/minecraft:the_nether
[21:57:13] [Server thread/INFO]: Saving chunks for level 'ServerLevel[world_the_end]'/minecraft:the_end
[21:57:15] [Server thread/INFO]: ThreadedAnvilChunkStorage (world): All chunks are saved
[21:57:15] [Server thread/INFO]: ThreadedAnvilChunkStorage (DIM-1): All chunks are saved
[21:57:15] [Server thread/INFO]: ThreadedAnvilChunkStorage (DIM1): All chunks are saved
[21:57:15] [Server thread/INFO]: ThreadedAnvilChunkStorage: All dimensions are saved
[21:57:15] [Server thread/INFO]: Flushing Chunk IO
[21:57:15] [Server thread/INFO]: Closing Thread Pool
