[04:01:55] [User Authenticator #13/INFO]: UUID of player Shadowmere_Swift is ff3bff8b-0d11-422f-a6f6-2e2b8da24bfb
[04:01:55] [Server thread/INFO]: Shadowmere_Swift joined the game
[04:01:55] [Server thread/INFO]: Shadowmere_Swift[/81.220.197.61:65077] logged in with entity id 48553 at ([world]99.44746026336564, 65.0, 313.8264885491092)
[04:37:13] [Server thread/INFO]: Shadowmere_Swift issued server command: /gamemode spectator
[04:38:00] [Server thread/INFO]: Shadowmere_Swift issued server command: /gamemode survival
[04:54:56] [Async Chat Thread - #16/INFO]: <Shadowmere_Swift> vérifier que chaque villageois dort bien dans son lit
[05:00:28] [Server thread/INFO]: Stopping the server
[05:00:28] [Server thread/INFO]: Stopping server
[05:00:28] [Server thread/INFO]: Saving players
[05:00:28] [Server thread/INFO]: Shadowmere_Swift lost connection: Server closed
[05:00:28] [Server thread/INFO]: Shadowmere_Swift left the game
[05:00:28] [Server thread/INFO]: Saving worlds
[05:00:28] [Server thread/INFO]: Saving chunks for level 'ServerLevel[world]'/minecraft:overworld
[05:00:28] [Server thread/INFO]: Saving chunks for level 'ServerLevel[world_nether]'/minecraft:the_nether
[05:00:28] [Server thread/INFO]: Saving chunks for level 'ServerLevel[world_the_end]'/minecraft:the_end
[05:00:28] [Server thread/INFO]: ThreadedAnvilChunkStorage (world): All chunks are saved
[05:00:28] [Server thread/INFO]: ThreadedAnvilChunkStorage (DIM-1): All chunks are saved
[05:00:28] [Server thread/INFO]: ThreadedAnvilChunkStorage (DIM1): All chunks are saved
[05:00:28] [Server thread/INFO]: ThreadedAnvilChunkStorage: All dimensions are saved
[05:00:29] [Server thread/INFO]: Flushing Chunk IO
