[05:06:41] [ServerMain/INFO]: Environment: authHost='https://authserver.mojang.com', accountsHost='https://api.mojang.com', sessionHost='https://sessionserver.mojang.com', servicesHost='https://api.minecraftservices.com', name='PROD'
[05:06:41] [ServerMain/INFO]: Reloading ResourceManager: Default, bukkit
[05:06:42] [Worker-Main-1/INFO]: Loaded 7 recipes
[05:06:43] [Server thread/INFO]: Starting minecraft server version 1.18.1
[05:06:43] [Server thread/INFO]: Loading properties
[05:06:43] [Server thread/INFO]: This server is running Paper version git-Paper-126 (MC: 1.18.1) (Implementing API version 1.18.1-R0.1-SNAPSHOT) (Git: d3f3429)
[05:06:43] [Server thread/INFO]: Server Ping Player Sample Count: 12
[05:06:43] [Server thread/INFO]: Using 4 threads for Netty based IO
[05:06:43] [Server thread/INFO]: Default game type: SURVIVAL
[05:06:43] [Server thread/INFO]: Generating keypair
[05:06:43] [Server thread/INFO]: Starting Minecraft server on 0.0.0.0:25608
[05:06:43] [Server thread/INFO]: Using epoll channel type
[05:06:43] [Server thread/INFO]: Paper: Using libdeflate (Linux x86_64) compression from Velocity.
[05:06:43] [Server thread/INFO]: Paper: Using OpenSSL 1.1.x (Linux x86_64) cipher from Velocity.
[05:06:43] [Server thread/INFO]: Server permissions file permissions.yml is empty, ignoring it
[05:06:43] [Server thread/INFO]: Preparing level "world"
[05:06:44] [Server thread/INFO]: Preparing start region for dimension minecraft:overworld
[05:06:44] [Server thread/INFO]: Time elapsed: 182 ms
[05:06:44] [Server thread/INFO]: Preparing start region for dimension minecraft:the_nether
[05:06:45] [Server thread/INFO]: Time elapsed: 135 ms
[05:06:45] [Server thread/INFO]: Preparing start region for dimension minecraft:the_end
[05:06:45] [Server thread/INFO]: Time elapsed: 57 ms
[05:06:45] [Server thread/INFO]: Starting GS4 status listener
[05:06:45] [Server thread/INFO]: Thread Query Listener started
[05:06:45] [Query Listener #1/INFO]: Query running on 0.0.0.0:25608
[05:06:45] [Server thread/INFO]: Running delayed init tasks
[05:06:45] [Server thread/INFO]: Done (1.912s)! For help, type "help"
[05:06:45] [Server thread/INFO]: Timings Reset
[11:54:38] [User Authenticator #1/INFO]: UUID of player Cheliness is 6eac5eb0-892d-466b-9c19-b798f3460bf0
[11:54:39] [Server thread/INFO]: Cheliness joined the game
[11:54:39] [Server thread/INFO]: Cheliness[/176.131.4.117:61119] logged in with entity id 367 at ([world]423.4991543934587, 79.5625, 826.2231452074221)
[11:57:39] [User Authenticator #2/INFO]: UUID of player Shadowmere_Swift is ff3bff8b-0d11-422f-a6f6-2e2b8da24bfb
[11:57:39] [Server thread/INFO]: Shadowmere_Swift joined the game
[11:57:39] [Server thread/INFO]: Shadowmere_Swift[/176.131.4.117:50694] logged in with entity id 2443 at ([world]380.47358439256215, 106.0, 892.3757227479301)
[12:14:43] [Server thread/WARN]: Spirit (vehicle of Cheliness) moved wrongly! 0.2806689976063126
[14:17:40] [Server thread/INFO]: Shadowmere_Swift lost connection: Disconnected
[14:17:40] [Server thread/INFO]: Shadowmere_Swift left the game
[14:18:25] [Server thread/INFO]: Cheliness lost connection: Disconnected
[14:18:25] [Server thread/INFO]: Cheliness left the game
[21:54:26] [User Authenticator #3/INFO]: UUID of player Shadowmere_Swift is ff3bff8b-0d11-422f-a6f6-2e2b8da24bfb
[21:54:26] [Server thread/INFO]: Shadowmere_Swift joined the game
[21:54:26] [Server thread/INFO]: Shadowmere_Swift[/176.131.4.117:53875] logged in with entity id 62316 at ([world]361.61369314210015, 113.0, 879.4556907147534)
[22:03:01] [Server thread/INFO]: Shadowmere_Swift issued server command: /effect give Shadowmere_Swift minecraft:haste 10000 200
[22:06:27] [Server thread/INFO]: Shadowmere_Swift lost connection: Disconnected
[22:06:27] [Server thread/INFO]: Shadowmere_Swift left the game
[22:07:20] [User Authenticator #4/INFO]: UUID of player Shadowmere_Swift is ff3bff8b-0d11-422f-a6f6-2e2b8da24bfb
[22:07:20] [Server thread/INFO]: Shadowmere_Swift joined the game
[22:07:20] [Server thread/INFO]: Shadowmere_Swift[/176.131.4.117:56883] logged in with entity id 67307 at ([world]-413.05395902082654, 62.161965409571955, -652.2943077172331)
[22:25:12] [Server thread/INFO]: Shadowmere_Swift lost connection: Disconnected
[22:25:12] [Server thread/INFO]: Shadowmere_Swift left the game
[22:27:31] [User Authenticator #5/INFO]: UUID of player Shadowmere_Swift is ff3bff8b-0d11-422f-a6f6-2e2b8da24bfb
[22:27:31] [Server thread/INFO]: Shadowmere_Swift joined the game
[22:27:31] [Server thread/INFO]: Shadowmere_Swift[/176.131.4.117:63598] logged in with entity id 79630 at ([world]376.9614972644504, 103.0, 842.6441415113203)
[22:28:14] [Server thread/INFO]: Shadowmere_Swift issued server command: /effect clear Shadowmere_Swift
[22:42:44] [Server thread/INFO]: Shadowmere_Swift lost connection: Disconnected
[22:42:44] [Server thread/INFO]: Shadowmere_Swift left the game
