[05:12:15] [ServerMain/INFO]: Environment: authHost='https://authserver.mojang.com', accountsHost='https://api.mojang.com', sessionHost='https://sessionserver.mojang.com', servicesHost='https://api.minecraftservices.com', name='PROD'
[05:12:17] [ServerMain/INFO]: Reloading ResourceManager: Default, bukkit
[05:12:21] [Worker-Main-1/INFO]: Loaded 7 recipes
[05:12:29] [Server thread/INFO]: Starting minecraft server version 1.18.1
[05:12:29] [Server thread/INFO]: Loading properties
[05:12:29] [Server thread/INFO]: This server is running Paper version git-Paper-126 (MC: 1.18.1) (Implementing API version 1.18.1-R0.1-SNAPSHOT) (Git: d3f3429)
[05:12:30] [Server thread/INFO]: Server Ping Player Sample Count: 12
[05:12:30] [Server thread/INFO]: Using 4 threads for Netty based IO
[05:12:30] [Server thread/INFO]: Default game type: SURVIVAL
[05:12:30] [Server thread/INFO]: Generating keypair
[05:12:32] [Server thread/INFO]: Starting Minecraft server on 0.0.0.0:25608
[05:12:32] [Server thread/INFO]: Using epoll channel type
[05:12:32] [Server thread/INFO]: Paper: Using libdeflate (Linux x86_64) compression from Velocity.
[05:12:32] [Server thread/INFO]: Paper: Using OpenSSL 1.1.x (Linux x86_64) cipher from Velocity.
[05:12:33] [Server thread/INFO]: Server permissions file permissions.yml is empty, ignoring it
[05:12:33] [Server thread/INFO]: Preparing level "world"
[05:12:44] [Server thread/INFO]: Preparing start region for dimension minecraft:overworld
[05:12:48] [Server thread/INFO]: Preparing spawn area: 0%
[05:12:48] [Server thread/INFO]: Preparing spawn area: 0%
[05:12:48] [Server thread/INFO]: Preparing spawn area: 0%
[05:12:48] [Server thread/INFO]: Preparing spawn area: 0%
[05:12:48] [Server thread/INFO]: Preparing spawn area: 0%
[05:12:48] [Server thread/INFO]: Preparing spawn area: 0%
[05:12:49] [Server thread/INFO]: Preparing spawn area: 0%
[05:12:49] [Server thread/INFO]: Preparing spawn area: 0%
[05:12:49] [Server thread/INFO]: Preparing spawn area: 0%
[05:12:49] [Server thread/INFO]: Preparing spawn area: 0%
[05:12:49] [Server thread/INFO]: Preparing spawn area: 0%
[05:12:49] [Server thread/INFO]: Preparing spawn area: 0%
[05:12:50] [Server thread/INFO]: Preparing spawn area: 0%
[05:12:50] [Server thread/INFO]: Preparing spawn area: 0%
[05:12:51] [Server thread/INFO]: Preparing spawn area: 0%
[05:12:51] [Server thread/INFO]: Preparing spawn area: 0%
[05:12:52] [Server thread/INFO]: Preparing spawn area: 0%
[05:12:52] [Server thread/INFO]: Preparing spawn area: 0%
[05:12:53] [Server thread/INFO]: Preparing spawn area: 0%
[05:12:53] [Server thread/INFO]: Preparing spawn area: 0%
[05:12:54] [Server thread/INFO]: Preparing spawn area: 0%
[05:12:54] [Server thread/INFO]: Preparing spawn area: 0%
[05:12:55] [Server thread/INFO]: Preparing spawn area: 0%
[05:12:55] [Server thread/INFO]: Preparing spawn area: 0%
[05:12:56] [Server thread/INFO]: Preparing spawn area: 0%
[05:12:56] [Server thread/INFO]: Preparing spawn area: 0%
[05:12:57] [Server thread/INFO]: Preparing spawn area: 1%
[05:12:57] [Server thread/INFO]: Time elapsed: 13360 ms
[05:12:57] [Server thread/INFO]: Preparing start region for dimension minecraft:the_nether
[05:12:57] [Server thread/INFO]: Preparing spawn area: 0%
[05:12:58] [Server thread/INFO]: Preparing spawn area: 0%
[05:12:58] [Server thread/INFO]: Preparing spawn area: 0%
[05:12:59] [Server thread/INFO]: Preparing spawn area: 0%
[05:12:59] [Server thread/INFO]: Preparing spawn area: 0%
[05:13:00] [Server thread/INFO]: Preparing spawn area: 0%
[05:13:00] [Server thread/INFO]: Preparing spawn area: 0%
[05:13:01] [Server thread/INFO]: Preparing spawn area: 0%
[05:13:01] [Server thread/INFO]: Preparing spawn area: 0%
[05:13:02] [Server thread/INFO]: Preparing spawn area: 0%
[05:13:02] [Server thread/INFO]: Preparing spawn area: 0%
[05:13:03] [Server thread/INFO]: Preparing spawn area: 0%
[05:13:03] [Server thread/INFO]: Preparing spawn area: 0%
[05:13:04] [Server thread/INFO]: Preparing spawn area: 0%
[05:13:06] [Server thread/INFO]: Preparing spawn area: 0%
[05:13:07] [Server thread/INFO]: Preparing spawn area: 0%
[05:13:07] [Server thread/INFO]: Preparing spawn area: 0%
[05:13:07] [Server thread/INFO]: Preparing spawn area: 0%
[05:13:07] [Server thread/INFO]: Preparing spawn area: 0%
[05:13:07] [Server thread/INFO]: Preparing spawn area: 0%
[05:13:07] [Server thread/INFO]: Preparing spawn area: 0%
[05:13:07] [Server thread/INFO]: Time elapsed: 10359 ms
[05:13:07] [Server thread/INFO]: Preparing start region for dimension minecraft:the_end
[05:13:08] [Server thread/INFO]: Preparing spawn area: 0%
[05:13:08] [Server thread/INFO]: Preparing spawn area: 0%
[05:13:08] [Server thread/INFO]: Preparing spawn area: 0%
[05:13:09] [Server thread/INFO]: Preparing spawn area: 0%
[05:13:09] [Server thread/INFO]: Preparing spawn area: 0%
[05:13:10] [Server thread/INFO]: Preparing spawn area: 0%
[05:13:11] [Server thread/INFO]: Preparing spawn area: 0%
[05:13:11] [Server thread/INFO]: Preparing spawn area: 0%
[05:13:11] [Server thread/INFO]: Preparing spawn area: 0%
[05:13:12] [Server thread/INFO]: Preparing spawn area: 0%
[05:13:12] [Server thread/INFO]: Preparing spawn area: 0%
[05:13:13] [Server thread/INFO]: Time elapsed: 5165 ms
[05:13:13] [Server thread/INFO]: Starting GS4 status listener
[05:13:13] [Server thread/INFO]: Thread Query Listener started
[05:13:13] [Query Listener #1/INFO]: Query running on 0.0.0.0:25608
[05:13:13] [Server thread/INFO]: Running delayed init tasks
[05:13:13] [Server thread/INFO]: Done (44.590s)! For help, type "help"
[05:13:13] [Server thread/INFO]: Timings Reset
[05:13:20] [Server thread/WARN]: Can't keep up! Is the server overloaded? Running 5013ms or 100 ticks behind
[05:18:23] [Server thread/WARN]: Can't keep up! Is the server overloaded? Running 5100ms or 102 ticks behind
