[05:10:29] [ServerMain/INFO]: Environment: authHost='https://authserver.mojang.com', accountsHost='https://api.mojang.com', sessionHost='https://sessionserver.mojang.com', servicesHost='https://api.minecraftservices.com', name='PROD'
[05:10:30] [ServerMain/INFO]: Reloading ResourceManager: Default, bukkit
[05:10:33] [Worker-Main-1/INFO]: Loaded 7 recipes
[05:10:38] [Server thread/INFO]: Starting minecraft server version 1.18.1
[05:10:38] [Server thread/INFO]: Loading properties
[05:10:38] [Server thread/INFO]: This server is running Paper version git-Paper-126 (MC: 1.18.1) (Implementing API version 1.18.1-R0.1-SNAPSHOT) (Git: d3f3429)
[05:10:39] [Server thread/INFO]: Server Ping Player Sample Count: 12
[05:10:39] [Server thread/INFO]: Using 4 threads for Netty based IO
[05:10:39] [Server thread/INFO]: Default game type: SURVIVAL
[05:10:39] [Server thread/INFO]: Generating keypair
[05:10:40] [Server thread/INFO]: Starting Minecraft server on 0.0.0.0:25608
[05:10:40] [Server thread/INFO]: Using epoll channel type
[05:10:40] [Server thread/INFO]: Paper: Using libdeflate (Linux x86_64) compression from Velocity.
[05:10:40] [Server thread/INFO]: Paper: Using OpenSSL 1.1.x (Linux x86_64) cipher from Velocity.
[05:10:41] [Server thread/INFO]: Server permissions file permissions.yml is empty, ignoring it
[05:10:41] [Server thread/INFO]: Preparing level "world"
[05:10:46] [Server thread/INFO]: Preparing start region for dimension minecraft:overworld
[05:10:49] [Server thread/INFO]: Preparing spawn area: 0%
[05:10:49] [Server thread/INFO]: Preparing spawn area: 0%
[05:10:49] [Server thread/INFO]: Preparing spawn area: 0%
[05:10:49] [Server thread/INFO]: Preparing spawn area: 0%
[05:10:49] [Server thread/INFO]: Preparing spawn area: 0%
[05:10:49] [Server thread/INFO]: Preparing spawn area: 0%
[05:10:49] [Server thread/INFO]: Preparing spawn area: 0%
[05:10:50] [Server thread/INFO]: Preparing spawn area: 0%
[05:10:50] [Server thread/INFO]: Preparing spawn area: 0%
[05:10:51] [Server thread/INFO]: Preparing spawn area: 0%
[05:10:51] [Server thread/INFO]: Preparing spawn area: 0%
[05:10:52] [Server thread/INFO]: Preparing spawn area: 0%
[05:10:52] [Server thread/INFO]: Preparing spawn area: 0%
[05:10:53] [Server thread/INFO]: Preparing spawn area: 0%
[05:10:53] [Server thread/INFO]: Preparing spawn area: 0%
[05:10:54] [Server thread/INFO]: Preparing spawn area: 0%
[05:10:54] [Server thread/INFO]: Preparing spawn area: 0%
[05:10:55] [Server thread/INFO]: Preparing spawn area: 0%
[05:10:55] [Server thread/INFO]: Preparing spawn area: 0%
[05:10:56] [Server thread/INFO]: Preparing spawn area: 0%
[05:10:56] [Server thread/INFO]: Preparing spawn area: 0%
[05:10:57] [Server thread/INFO]: Preparing spawn area: 0%
[05:10:57] [Server thread/INFO]: Time elapsed: 10808 ms
[05:10:57] [Server thread/INFO]: Preparing start region for dimension minecraft:the_nether
[05:10:57] [Server thread/INFO]: Preparing spawn area: 0%
[05:10:57] [Server thread/INFO]: Preparing spawn area: 0%
[05:10:58] [Server thread/INFO]: Preparing spawn area: 0%
[05:10:58] [Server thread/INFO]: Preparing spawn area: 0%
[05:10:59] [Server thread/INFO]: Preparing spawn area: 0%
[05:10:59] [Server thread/INFO]: Preparing spawn area: 0%
[05:11:00] [Server thread/INFO]: Preparing spawn area: 0%
[05:11:00] [Server thread/INFO]: Preparing spawn area: 0%
[05:11:01] [Server thread/INFO]: Preparing spawn area: 0%
[05:11:02] [Server thread/INFO]: Preparing spawn area: 0%
[05:11:02] [Server thread/INFO]: Preparing spawn area: 0%
[05:11:02] [Server thread/INFO]: Time elapsed: 5387 ms
[05:11:02] [Server thread/INFO]: Preparing start region for dimension minecraft:the_end
[05:11:03] [Server thread/INFO]: Preparing spawn area: 0%
[05:11:03] [Server thread/INFO]: Preparing spawn area: 0%
[05:11:03] [Server thread/INFO]: Preparing spawn area: 0%
[05:11:04] [Server thread/INFO]: Preparing spawn area: 0%
[05:11:04] [Server thread/INFO]: Preparing spawn area: 0%
[05:11:06] [Server thread/INFO]: Preparing spawn area: 0%
[05:11:06] [Server thread/INFO]: Preparing spawn area: 0%
[05:11:06] [Server thread/INFO]: Preparing spawn area: 0%
[05:11:08] [Server thread/INFO]: Preparing spawn area: 0%
[05:11:09] [Server thread/INFO]: Preparing spawn area: 0%
[05:11:10] [Server thread/INFO]: Preparing spawn area: 0%
[05:11:10] [Server thread/INFO]: Preparing spawn area: 0%
[05:11:10] [Server thread/INFO]: Preparing spawn area: 0%
[05:11:10] [Server thread/INFO]: Preparing spawn area: 0%
[05:11:10] [Server thread/INFO]: Preparing spawn area: 0%
[05:11:10] [Server thread/INFO]: Preparing spawn area: 0%
[05:11:10] [Server thread/INFO]: Preparing spawn area: 0%
[05:11:11] [Server thread/INFO]: Preparing spawn area: 0%
[05:11:11] [Server thread/INFO]: Preparing spawn area: 0%
[05:11:12] [Server thread/INFO]: Time elapsed: 9391 ms
[05:11:12] [Server thread/INFO]: Starting GS4 status listener
[05:11:12] [Query Listener #1/INFO]: Query running on 0.0.0.0:25608
[05:11:12] [Server thread/INFO]: Thread Query Listener started
[05:11:12] [Server thread/INFO]: Running delayed init tasks
[05:11:12] [Server thread/INFO]: Done (34.043s)! For help, type "help"
[05:11:12] [Server thread/INFO]: Timings Reset
[05:11:18] [Server thread/WARN]: Can't keep up! Is the server overloaded? Running 5051ms or 101 ticks behind
[22:21:52] [User Authenticator #1/INFO]: UUID of player Shadowmere_Swift is ff3bff8b-0d11-422f-a6f6-2e2b8da24bfb
[22:21:52] [Server thread/INFO]: Shadowmere_Swift joined the game
[22:21:52] [Server thread/INFO]: Shadowmere_Swift[/81.220.197.61:63722] logged in with entity id 388 at ([world]417.07502875899814, 103.0, 841.2025288147656)
[23:05:30] [Server thread/INFO]: Shadowmere_Swift fell from a high place
[23:45:04] [Server thread/INFO]: Shadowmere_Swift lost connection: Disconnected
[23:45:04] [Server thread/INFO]: Shadowmere_Swift left the game
