[05:11:18] [ServerMain/INFO]: Environment: authHost='https://authserver.mojang.com', accountsHost='https://api.mojang.com', sessionHost='https://sessionserver.mojang.com', servicesHost='https://api.minecraftservices.com', name='PROD'
[05:11:19] [ServerMain/INFO]: Reloading ResourceManager: Default, bukkit
[05:11:20] [Worker-Main-1/INFO]: Loaded 7 recipes
[05:11:22] [Server thread/INFO]: Starting minecraft server version 1.18.1
[05:11:22] [Server thread/INFO]: Loading properties
[05:11:22] [Server thread/INFO]: This server is running Paper version git-Paper-126 (MC: 1.18.1) (Implementing API version 1.18.1-R0.1-SNAPSHOT) (Git: d3f3429)
[05:11:22] [Server thread/INFO]: Server Ping Player Sample Count: 12
[05:11:22] [Server thread/INFO]: Using 4 threads for Netty based IO
[05:11:22] [Server thread/INFO]: Default game type: SURVIVAL
[05:11:22] [Server thread/INFO]: Generating keypair
[05:11:22] [Server thread/INFO]: Starting Minecraft server on 0.0.0.0:25608
[05:11:22] [Server thread/INFO]: Using epoll channel type
[05:11:22] [Server thread/INFO]: Paper: Using libdeflate (Linux x86_64) compression from Velocity.
[05:11:22] [Server thread/INFO]: Paper: Using OpenSSL 1.1.x (Linux x86_64) cipher from Velocity.
[05:11:23] [Server thread/INFO]: Server permissions file permissions.yml is empty, ignoring it
[05:11:23] [Server thread/INFO]: Preparing level "world"
[05:11:25] [Server thread/INFO]: Preparing start region for dimension minecraft:overworld
[05:11:25] [Server thread/INFO]: Preparing spawn area: 0%
[05:11:25] [Server thread/INFO]: Preparing spawn area: 0%
[05:11:26] [Server thread/INFO]: Preparing spawn area: 0%
[05:11:26] [Server thread/INFO]: Preparing spawn area: 0%
[05:11:27] [Server thread/INFO]: Preparing spawn area: 0%
[05:11:27] [Server thread/INFO]: Preparing spawn area: 0%
[05:11:28] [Server thread/INFO]: Preparing spawn area: 1%
[05:11:28] [Server thread/INFO]: Time elapsed: 3256 ms
[05:11:28] [Server thread/INFO]: Preparing start region for dimension minecraft:the_nether
[05:11:28] [Server thread/INFO]: Preparing spawn area: 0%
[05:11:28] [Server thread/INFO]: Preparing spawn area: 0%
[05:11:29] [Server thread/INFO]: Preparing spawn area: 0%
[05:11:29] [Server thread/INFO]: Time elapsed: 1078 ms
[05:11:29] [Server thread/INFO]: Preparing start region for dimension minecraft:the_end
[05:11:29] [Server thread/INFO]: Preparing spawn area: 0%
[05:11:29] [Server thread/INFO]: Preparing spawn area: 0%
[05:11:30] [Server thread/INFO]: Preparing spawn area: 0%
[05:11:31] [Server thread/INFO]: Preparing spawn area: 0%
[05:11:31] [Server thread/INFO]: Time elapsed: 1964 ms
[05:11:31] [Server thread/INFO]: Starting GS4 status listener
[05:11:31] [Server thread/INFO]: Thread Query Listener started
[05:11:31] [Query Listener #1/INFO]: Query running on 0.0.0.0:25608
[05:11:31] [Server thread/INFO]: Running delayed init tasks
[05:11:31] [Server thread/INFO]: Done (9.478s)! For help, type "help"
[05:11:31] [Server thread/INFO]: Timings Reset
[05:16:37] [Server thread/WARN]: Can't keep up! Is the server overloaded? Running 5037ms or 100 ticks behind
[15:09:05] [User Authenticator #1/INFO]: UUID of player Shadowmere_Swift is ff3bff8b-0d11-422f-a6f6-2e2b8da24bfb
[15:09:06] [Server thread/INFO]: Shadowmere_Swift joined the game
[15:09:06] [Server thread/INFO]: Shadowmere_Swift[/81.220.197.61:64702] logged in with entity id 410 at ([world]405.6264780634799, 79.0, 832.3251222435144)
[15:19:41] [User Authenticator #2/INFO]: UUID of player Arcabat is 3e887fe0-c5a9-45b6-9b30-aa8352bb5e3a
[15:19:41] [Server thread/INFO]: Arcabat joined the game
[15:19:41] [Server thread/INFO]: Arcabat[/46.193.65.177:51644] logged in with entity id 2957 at ([world]51.46946151345318, 73.0, 326.58616020770853)
[15:23:06] [Server thread/INFO]: Shadowmere_Swift lost connection: Disconnected
[15:23:06] [Server thread/INFO]: Shadowmere_Swift left the game
[15:24:05] [User Authenticator #3/INFO]: UUID of player Shadowmere_Swift is ff3bff8b-0d11-422f-a6f6-2e2b8da24bfb
[15:24:05] [Server thread/INFO]: Shadowmere_Swift joined the game
[15:24:05] [Server thread/INFO]: Shadowmere_Swift[/81.220.197.61:64186] logged in with entity id 5431 at ([world]279.8700008326506, 64.0, -1103.0644076948468)
[15:24:20] [Server thread/INFO]: Arcabat lost connection: Disconnected
[15:24:20] [Server thread/INFO]: Arcabat left the game
[15:25:43] [Server thread/INFO]: Shadowmere_Swift lost connection: Disconnected
[15:25:43] [Server thread/INFO]: Shadowmere_Swift left the game
[15:30:24] [User Authenticator #4/INFO]: UUID of player Shadowmere_Swift is ff3bff8b-0d11-422f-a6f6-2e2b8da24bfb
[15:30:25] [Server thread/INFO]: Shadowmere_Swift joined the game
[15:30:25] [Server thread/INFO]: Shadowmere_Swift[/81.220.197.61:64055] logged in with entity id 5872 at ([world]273.30000001192093, 64.0, -1116.300000011921)
[15:37:00] [Server thread/INFO]: Shadowmere_Swift lost connection: Disconnected
[15:37:00] [Server thread/INFO]: Shadowmere_Swift left the game
[15:39:30] [User Authenticator #5/INFO]: UUID of player Shadowmere_Swift is ff3bff8b-0d11-422f-a6f6-2e2b8da24bfb
[15:39:30] [Server thread/INFO]: Shadowmere_Swift joined the game
[15:39:30] [Server thread/INFO]: Shadowmere_Swift[/81.220.197.61:64033] logged in with entity id 10192 at ([world]280.6761748605063, 63.0, -1117.511275178328)
[15:59:10] [Server thread/INFO]: Shadowmere_Swift experienced kinetic energy whilst trying to escape Skeleton
[16:53:41] [Server thread/INFO]: Shadowmere_Swift lost connection: Disconnected
[16:53:41] [Server thread/INFO]: Shadowmere_Swift left the game
