[00:09:50] [User Authenticator #11/INFO]: UUID of player Shadowmere_Swift is ff3bff8b-0d11-422f-a6f6-2e2b8da24bfb
[00:09:50] [Server thread/INFO]: Shadowmere_Swift joined the game
[00:09:50] [Server thread/INFO]: Shadowmere_Swift[/81.220.197.61:64484] logged in with entity id 158832 at ([world]416.5157290353514, 105.0, 834.9778690226076)
[00:10:40] [Server thread/WARN]: Horse (vehicle of Shadowmere_Swift) moved wrongly! 0.49426794107307614
[00:10:45] [Server thread/WARN]: Horse (vehicle of Shadowmere_Swift) moved wrongly! 0.29733175607509565
[00:10:45] [Server thread/WARN]: Horse (vehicle of Shadowmere_Swift) moved wrongly! 0.49976409841667646
[00:10:46] [Server thread/WARN]: Horse (vehicle of Shadowmere_Swift) moved wrongly! 0.2922269037634351
[00:10:46] [Server thread/WARN]: Horse (vehicle of Shadowmere_Swift) moved wrongly! 0.44149924746409397
[00:10:46] [Server thread/WARN]: Horse (vehicle of Shadowmere_Swift) moved wrongly! 0.3787273384643868
[00:10:46] [Server thread/WARN]: Horse (vehicle of Shadowmere_Swift) moved wrongly! 0.5235166090093344
[00:10:52] [Server thread/WARN]: Horse (vehicle of Shadowmere_Swift) moved wrongly! 0.30250386545435504
[00:11:27] [Server thread/WARN]: Horse (vehicle of Shadowmere_Swift) moved wrongly! 0.6095288606014931
[00:20:45] [Server thread/WARN]: Horse (vehicle of Shadowmere_Swift) moved wrongly! 0.3008132533557273
[00:21:07] [Server thread/WARN]: Horse (vehicle of Shadowmere_Swift) moved wrongly! 0.2878432372855855
[00:21:11] [Server thread/WARN]: Horse (vehicle of Shadowmere_Swift) moved wrongly! 0.6179463071249529
[00:23:24] [Server thread/WARN]: Horse (vehicle of Shadowmere_Swift) moved wrongly! 0.29611394926973844
[00:23:24] [Server thread/WARN]: Horse (vehicle of Shadowmere_Swift) moved wrongly! 0.49880035284490987
[00:23:24] [Server thread/WARN]: Horse (vehicle of Shadowmere_Swift) moved wrongly! 0.2935980376249745
[00:23:24] [Server thread/WARN]: Horse (vehicle of Shadowmere_Swift) moved wrongly! 0.4433600710982546
[00:23:24] [Server thread/WARN]: Horse (vehicle of Shadowmere_Swift) moved wrongly! 0.3841826387065339
[00:23:24] [Server thread/WARN]: Horse (vehicle of Shadowmere_Swift) moved wrongly! 0.5313190869676419
[00:23:26] [Server thread/WARN]: Horse (vehicle of Shadowmere_Swift) moved wrongly! 0.2918178971015095
[00:24:05] [Server thread/WARN]: Horse (vehicle of Shadowmere_Swift) moved wrongly! 0.5575794955377091
[00:25:31] [Server thread/WARN]: Horse (vehicle of Shadowmere_Swift) moved wrongly! 0.5256070278079505
[00:25:39] [Server thread/WARN]: Horse (vehicle of Shadowmere_Swift) moved wrongly! 0.29751364888727494
[00:25:40] [Server thread/WARN]: Horse (vehicle of Shadowmere_Swift) moved wrongly! 0.33836907941122263
[00:25:40] [Server thread/WARN]: Horse (vehicle of Shadowmere_Swift) moved wrongly! 0.48757961728165355
[00:25:40] [Server thread/WARN]: Horse (vehicle of Shadowmere_Swift) moved wrongly! 0.2810861954075108
[00:25:40] [Server thread/WARN]: Horse (vehicle of Shadowmere_Swift) moved wrongly! 0.4279878260708756
[00:25:46] [Server thread/WARN]: Horse (vehicle of Shadowmere_Swift) moved wrongly! 0.3228979456265506
[00:27:13] [Server thread/WARN]: Horse (vehicle of Shadowmere_Swift) moved wrongly! 0.28218577287714197
[00:27:20] [Server thread/WARN]: Horse (vehicle of Shadowmere_Swift) moved wrongly! 0.2586911907260969
[00:27:24] [Server thread/WARN]: Horse (vehicle of Shadowmere_Swift) moved wrongly! 0.27236440237896886
[00:27:24] [Server thread/WARN]: Horse (vehicle of Shadowmere_Swift) moved wrongly! 0.9109574042184363
[00:27:28] [Server thread/WARN]: Horse (vehicle of Shadowmere_Swift) moved wrongly! 0.2762970273708447
[00:43:49] [Async Chat Thread - #20/INFO]: <Shadowmere_Swift> 403 844 c'est le sable des ames
[00:52:42] [Server thread/WARN]: Horse (vehicle of Shadowmere_Swift) moved wrongly! 0.28858337126564493
[00:52:42] [Server thread/WARN]: Horse (vehicle of Shadowmere_Swift) moved wrongly! 0.4366180857443851
[00:52:42] [Server thread/WARN]: Horse (vehicle of Shadowmere_Swift) moved wrongly! 0.3774874535855588
[00:52:42] [Server thread/WARN]: Horse (vehicle of Shadowmere_Swift) moved wrongly! 0.318487195504531
[00:52:44] [Server thread/WARN]: Horse (vehicle of Shadowmere_Swift) moved wrongly! 0.28853287059587274
[00:54:23] [Server thread/WARN]: Horse (vehicle of Shadowmere_Swift) moved wrongly! 0.2896019897821134
[00:54:23] [Server thread/WARN]: Horse (vehicle of Shadowmere_Swift) moved wrongly! 0.87453979193549
[00:56:58] [Server thread/WARN]: Horse (vehicle of Shadowmere_Swift) moved wrongly! 0.2827426128892796
[00:56:59] [Server thread/WARN]: Horse (vehicle of Shadowmere_Swift) moved wrongly! 0.2828279027302756
[00:57:00] [Server thread/WARN]: Horse (vehicle of Shadowmere_Swift) moved wrongly! 0.2624660661337259
[00:58:03] [Server thread/WARN]: Horse (vehicle of Shadowmere_Swift) moved wrongly! 0.3332891293141529
[00:58:05] [Server thread/WARN]: Horse (vehicle of Shadowmere_Swift) moved wrongly! 0.4398988410578113
[01:22:29] [Async Chat Thread - #21/INFO]: <Shadowmere_Swift> 1350
[01:24:40] [Server thread/INFO]: Shadowmere_Swift lost connection: Disconnected
[01:24:40] [Server thread/INFO]: Shadowmere_Swift left the game
[01:25:32] [User Authenticator #12/INFO]: UUID of player Shadowmere_Swift is ff3bff8b-0d11-422f-a6f6-2e2b8da24bfb
[01:25:32] [Server thread/INFO]: Shadowmere_Swift joined the game
[01:25:32] [Server thread/INFO]: Shadowmere_Swift[/81.220.197.61:63650] logged in with entity id 176851 at ([world]403.5394709091468, -54.0, 910.5829875565631)
[01:32:00] [Server thread/INFO]: Shadowmere_Swift lost connection: Disconnected
[01:32:00] [Server thread/INFO]: Shadowmere_Swift left the game
[01:32:03] [User Authenticator #13/INFO]: UUID of player Shadowmere_Swift is ff3bff8b-0d11-422f-a6f6-2e2b8da24bfb
[01:32:03] [Server thread/INFO]: Shadowmere_Swift joined the game
[01:32:03] [Server thread/INFO]: Shadowmere_Swift[/81.220.197.61:64373] logged in with entity id 177527 at ([world]403.535778443521, -54.0, 909.5016458361667)
[02:01:41] [Server thread/INFO]: Shadowmere_Swift lost connection: Disconnected
[02:01:41] [Server thread/INFO]: Shadowmere_Swift left the game
[02:02:39] [User Authenticator #14/INFO]: UUID of player Shadowmere_Swift is ff3bff8b-0d11-422f-a6f6-2e2b8da24bfb
[02:02:39] [Server thread/INFO]: Shadowmere_Swift joined the game
[02:02:39] [Server thread/INFO]: Shadowmere_Swift[/81.220.197.61:63668] logged in with entity id 179730 at ([world]403.58784236353347, -54.0, 908.3587883049553)
[02:04:29] [Server thread/INFO]: Shadowmere_Swift lost connection: Disconnected
[02:04:29] [Server thread/INFO]: Shadowmere_Swift left the game
[02:09:39] [User Authenticator #15/INFO]: UUID of player Shadowmere_Swift is ff3bff8b-0d11-422f-a6f6-2e2b8da24bfb
[02:09:39] [Server thread/INFO]: Shadowmere_Swift joined the game
[02:09:39] [Server thread/INFO]: Shadowmere_Swift[/81.220.197.61:64939] logged in with entity id 180077 at ([world]403.54109964875556, -54.0, 911.3788902938433)
[02:48:58] [Server thread/INFO]: Shadowmere_Swift issued server command: /gamemode spectator
[02:50:21] [Server thread/INFO]: Shadowmere_Swift issued server command: /gamemode survival
[02:52:14] [Async Chat Thread - #22/INFO]: <Shadowmere_Swift> 395
[02:57:40] [Server thread/INFO]: Shadowmere_Swift issued server command: /gamemode spectator
[02:58:36] [Server thread/INFO]: Shadowmere_Swift issued server command: /gamemode survival
[03:18:24] [Server thread/INFO]: Shadowmere_Swift lost connection: Disconnected
[03:18:24] [Server thread/INFO]: Shadowmere_Swift left the game
[05:04:03] [Server thread/INFO]: Stopping the server
[05:04:03] [Server thread/INFO]: Stopping server
[05:04:03] [Server thread/INFO]: Saving players
[05:04:04] [Server thread/INFO]: Saving worlds
[05:04:04] [Server thread/INFO]: Saving chunks for level 'ServerLevel[world]'/minecraft:overworld
[05:04:04] [Server thread/INFO]: Saving chunks for level 'ServerLevel[world_nether]'/minecraft:the_nether
[05:04:04] [Server thread/INFO]: Saving chunks for level 'ServerLevel[world_the_end]'/minecraft:the_end
[05:04:04] [Server thread/INFO]: ThreadedAnvilChunkStorage (world): All chunks are saved
[05:04:04] [Server thread/INFO]: ThreadedAnvilChunkStorage (DIM-1): All chunks are saved
[05:04:04] [Server thread/INFO]: ThreadedAnvilChunkStorage (DIM1): All chunks are saved
[05:04:04] [Server thread/INFO]: ThreadedAnvilChunkStorage: All dimensions are saved
[05:04:04] [Server thread/INFO]: Flushing Chunk IO
[05:04:04] [Server thread/INFO]: Closing Thread Pool
[05:04:04] [Server thread/INFO]: Closing Server
