[05:10:39] [ServerMain/INFO]: Environment: authHost='https://authserver.mojang.com', accountsHost='https://api.mojang.com', sessionHost='https://sessionserver.mojang.com', servicesHost='https://api.minecraftservices.com', name='PROD'
[05:10:41] [ServerMain/INFO]: Reloading ResourceManager: Default, bukkit
[05:10:45] [Worker-Main-1/INFO]: Loaded 7 recipes
[05:10:51] [Server thread/INFO]: Starting minecraft server version 1.18.1
[05:10:51] [Server thread/INFO]: Loading properties
[05:10:52] [Server thread/INFO]: This server is running Paper version git-Paper-126 (MC: 1.18.1) (Implementing API version 1.18.1-R0.1-SNAPSHOT) (Git: d3f3429)
[05:10:52] [Server thread/INFO]: Server Ping Player Sample Count: 12
[05:10:52] [Server thread/INFO]: Using 4 threads for Netty based IO
[05:10:52] [Server thread/INFO]: Default game type: SURVIVAL
[05:10:52] [Server thread/INFO]: Generating keypair
[05:10:54] [Server thread/INFO]: Starting Minecraft server on 0.0.0.0:25608
[05:10:54] [Server thread/INFO]: Using epoll channel type
[05:10:54] [Server thread/INFO]: Paper: Using libdeflate (Linux x86_64) compression from Velocity.
[05:10:54] [Server thread/INFO]: Paper: Using OpenSSL 1.1.x (Linux x86_64) cipher from Velocity.
[05:10:55] [Server thread/INFO]: Server permissions file permissions.yml is empty, ignoring it
[05:10:55] [Server thread/INFO]: Preparing level "world"
[05:11:02] [Server thread/INFO]: Preparing start region for dimension minecraft:overworld
[05:11:06] [Server thread/INFO]: Preparing spawn area: 0%
[05:11:06] [Server thread/INFO]: Preparing spawn area: 0%
[05:11:06] [Server thread/INFO]: Preparing spawn area: 0%
[05:11:06] [Server thread/INFO]: Preparing spawn area: 0%
[05:11:06] [Server thread/INFO]: Preparing spawn area: 0%
[05:11:06] [Server thread/INFO]: Preparing spawn area: 0%
[05:11:06] [Server thread/INFO]: Preparing spawn area: 0%
[05:11:06] [Server thread/INFO]: Preparing spawn area: 0%
[05:11:06] [Server thread/INFO]: Preparing spawn area: 0%
[05:11:07] [Server thread/INFO]: Preparing spawn area: 0%
[05:11:07] [Server thread/INFO]: Preparing spawn area: 0%
[05:11:08] [Server thread/INFO]: Preparing spawn area: 0%
[05:11:08] [Server thread/INFO]: Preparing spawn area: 0%
[05:11:09] [Server thread/INFO]: Preparing spawn area: 0%
[05:11:09] [Server thread/INFO]: Preparing spawn area: 0%
[05:11:10] [Server thread/INFO]: Preparing spawn area: 0%
[05:11:11] [Server thread/INFO]: Preparing spawn area: 0%
[05:11:11] [Server thread/INFO]: Preparing spawn area: 0%
[05:11:11] [Server thread/INFO]: Preparing spawn area: 0%
[05:11:12] [Server thread/INFO]: Preparing spawn area: 0%
[05:11:12] [Server thread/INFO]: Preparing spawn area: 0%
[05:11:13] [Server thread/INFO]: Preparing spawn area: 0%
[05:11:13] [Server thread/INFO]: Preparing spawn area: 0%
[05:11:14] [Server thread/INFO]: Preparing spawn area: 0%
[05:11:14] [Server thread/INFO]: Preparing spawn area: 0%
[05:11:15] [Server thread/INFO]: Preparing spawn area: 1%
[05:11:15] [Server thread/INFO]: Preparing spawn area: 1%
[05:11:16] [Server thread/INFO]: Time elapsed: 13326 ms
[05:11:16] [Server thread/INFO]: Preparing start region for dimension minecraft:the_nether
[05:11:16] [Server thread/INFO]: Preparing spawn area: 0%
[05:11:16] [Server thread/INFO]: Preparing spawn area: 0%
[05:11:17] [Server thread/INFO]: Preparing spawn area: 0%
[05:11:17] [Server thread/INFO]: Preparing spawn area: 0%
[05:11:18] [Server thread/INFO]: Preparing spawn area: 0%
[05:11:18] [Server thread/INFO]: Preparing spawn area: 0%
[05:11:19] [Server thread/INFO]: Preparing spawn area: 0%
[05:11:19] [Server thread/INFO]: Preparing spawn area: 0%
[05:11:20] [Server thread/INFO]: Preparing spawn area: 0%
[05:11:20] [Server thread/INFO]: Preparing spawn area: 0%
[05:11:21] [Server thread/INFO]: Preparing spawn area: 0%
[05:11:21] [Server thread/INFO]: Time elapsed: 5498 ms
[05:11:21] [Server thread/INFO]: Preparing start region for dimension minecraft:the_end
[05:11:22] [Server thread/INFO]: Preparing spawn area: 0%
[05:11:22] [Server thread/INFO]: Preparing spawn area: 0%
[05:11:22] [Server thread/INFO]: Preparing spawn area: 0%
[05:11:24] [Server thread/INFO]: Preparing spawn area: 0%
[05:11:24] [Server thread/INFO]: Preparing spawn area: 0%
[05:11:24] [Server thread/INFO]: Preparing spawn area: 0%
[05:11:25] [Server thread/INFO]: Preparing spawn area: 0%
[05:11:25] [Server thread/INFO]: Preparing spawn area: 0%
[05:11:25] [Server thread/INFO]: Preparing spawn area: 0%
[05:11:26] [Server thread/INFO]: Preparing spawn area: 0%
[05:11:26] [Server thread/INFO]: Preparing spawn area: 0%
[05:11:27] [Server thread/INFO]: Preparing spawn area: 0%
[05:11:27] [Server thread/INFO]: Preparing spawn area: 0%
[05:11:28] [Server thread/INFO]: Preparing spawn area: 0%
[05:11:28] [Server thread/INFO]: Preparing spawn area: 0%
[05:11:29] [Server thread/INFO]: Preparing spawn area: 0%
[05:11:29] [Server thread/INFO]: Preparing spawn area: 0%
[05:11:30] [Server thread/INFO]: Time elapsed: 8402 ms
[05:11:30] [Server thread/INFO]: Starting GS4 status listener
[05:11:30] [Server thread/INFO]: Thread Query Listener started
[05:11:30] [Query Listener #1/INFO]: Query running on 0.0.0.0:25608
[05:11:30] [Server thread/INFO]: Running delayed init tasks
[05:11:30] [Server thread/INFO]: Done (39.048s)! For help, type "help"
[05:11:30] [Server thread/INFO]: Timings Reset
[05:11:36] [Server thread/WARN]: Can't keep up! Is the server overloaded? Running 5051ms or 101 ticks behind
[05:16:40] [Server thread/WARN]: Can't keep up! Is the server overloaded? Running 5026ms or 100 ticks behind
[10:38:15] [User Authenticator #1/INFO]: UUID of player Shadowmere_Swift is ff3bff8b-0d11-422f-a6f6-2e2b8da24bfb
[10:38:15] [Server thread/INFO]: Shadowmere_Swift joined the game
[10:38:15] [Server thread/INFO]: Shadowmere_Swift[/81.220.197.61:63984] logged in with entity id 13410 at ([world]85.76249998807907, 73.0, 293.6519926831843)
[13:28:04] [Server thread/INFO]: Shadowmere_Swift issued server command: /gamemode spectator
[13:28:30] [Server thread/INFO]: Shadowmere_Swift issued server command: /gamemode survival
[13:28:38] [Server thread/INFO]: Shadowmere_Swift issued server command: /gamemode spectator
[13:28:45] [Server thread/INFO]: Shadowmere_Swift issued server command: /gamemode survival
[13:29:01] [Server thread/INFO]: Shadowmere_Swift issued server command: /gamemode spectator
[13:31:24] [Server thread/INFO]: Shadowmere_Swift issued server command: /gamemode survival
[13:37:15] [Server thread/INFO]: Shadowmere_Swift issued server command: /forceload remove all
[13:37:49] [Server thread/INFO]: Shadowmere_Swift issued server command: /forceload remove all
[13:39:49] [Server thread/INFO]: Shadowmere_Swift issued server command: /gamemode spectator
[13:40:01] [Server thread/INFO]: Shadowmere_Swift issued server command: /gamemode survival
[13:41:16] [Server thread/INFO]: Shadowmere_Swift issued server command: /forceload remove all
[13:42:27] [Server thread/INFO]: Shadowmere_Swift lost connection: Disconnected
[13:42:27] [Server thread/INFO]: Shadowmere_Swift left the game
[13:50:52] [User Authenticator #2/INFO]: UUID of player Shadowmere_Swift is ff3bff8b-0d11-422f-a6f6-2e2b8da24bfb
[13:50:52] [Server thread/INFO]: Shadowmere_Swift joined the game
[13:50:52] [Server thread/INFO]: Shadowmere_Swift[/81.220.197.61:64561] logged in with entity id 66048 at ([world]81.6431880507813, 73.0, 316.173434145427)
[14:04:46] [Server thread/INFO]: Shadowmere_Swift issued server command: /forceload query
[14:34:34] [Server thread/INFO]: Shadowmere_Swift issued server command: /gamemode spectator
[14:36:35] [Server thread/INFO]: Shadowmere_Swift issued server command: /gamemode creative
[14:36:51] [Server thread/INFO]: Shadowmere_Swift issued server command: /gamemode spectator
[14:37:06] [Server thread/INFO]: Shadowmere_Swift issued server command: /gamemode survival
[14:38:12] [Server thread/INFO]: Shadowmere_Swift lost connection: Disconnected
[14:38:12] [Server thread/INFO]: Shadowmere_Swift left the game
[15:52:41] [User Authenticator #3/INFO]: UUID of player Shadowmere_Swift is ff3bff8b-0d11-422f-a6f6-2e2b8da24bfb
[15:52:41] [Server thread/INFO]: Shadowmere_Swift joined the game
[15:52:41] [Server thread/INFO]: Shadowmere_Swift[/81.220.197.61:64788] logged in with entity id 78400 at ([world]79.75960851990452, 72.0, 320.91975027665484)
[17:09:48] [Server thread/INFO]: Shadowmere_Swift issued server command: /forceload add 78 300
[17:10:03] [Server thread/INFO]: Shadowmere_Swift lost connection: Disconnected
[17:10:03] [Server thread/INFO]: Shadowmere_Swift left the game
[17:11:15] [User Authenticator #4/INFO]: UUID of player Shadowmere_Swift is ff3bff8b-0d11-422f-a6f6-2e2b8da24bfb
[17:11:15] [Server thread/INFO]: Shadowmere_Swift joined the game
[17:11:15] [Server thread/INFO]: Shadowmere_Swift[/81.220.197.61:63813] logged in with entity id 104600 at ([world]78.84181580223887, 72.875, 299.41479499102184)
[17:11:23] [Server thread/INFO]: Shadowmere_Swift issued server command: /forceload query
[17:28:33] [Server thread/INFO]: Shadowmere_Swift has completed the challenge [Great View From Up Here]
[17:36:03] [Server thread/INFO]: Shadowmere_Swift fell from a high place
[17:36:17] [Server thread/INFO]: Shadowmere_Swift lost connection: Disconnected
[17:36:17] [Server thread/INFO]: Shadowmere_Swift left the game
[18:47:00] [User Authenticator #5/INFO]: UUID of player Shadowmere_Swift is ff3bff8b-0d11-422f-a6f6-2e2b8da24bfb
[18:47:00] [Server thread/INFO]: Shadowmere_Swift joined the game
[18:47:01] [Server thread/INFO]: Shadowmere_Swift[/81.220.197.61:65012] logged in with entity id 113670 at ([world]84.55424563754134, 73.5, 296.73197538540626)
[18:58:46] [Server thread/INFO]: Shadowmere_Swift lost connection: Disconnected
[18:58:46] [Server thread/INFO]: Shadowmere_Swift left the game
[23:29:06] [Server thread/INFO]: /80.214.122.137:17972 lost connection: Unknown data in login hostname, did you forget to enable BungeeCord in spigot.yml?
