[17:57:51] [ServerMain/INFO]: Environment: authHost='https://authserver.mojang.com', accountsHost='https://api.mojang.com', sessionHost='https://sessionserver.mojang.com', servicesHost='https://api.minecraftservices.com', name='PROD'
[17:57:52] [ServerMain/INFO]: Reloading ResourceManager: Default, bukkit
[17:57:52] [Worker-Main-1/INFO]: Loaded 7 recipes
[17:57:54] [Server thread/INFO]: Starting minecraft server version 1.18.1
[17:57:54] [Server thread/INFO]: Loading properties
[17:57:54] [Server thread/INFO]: This server is running Paper version git-Paper-126 (MC: 1.18.1) (Implementing API version 1.18.1-R0.1-SNAPSHOT) (Git: d3f3429)
[17:57:54] [Server thread/INFO]: Server Ping Player Sample Count: 12
[17:57:54] [Server thread/INFO]: Using 4 threads for Netty based IO
[17:57:54] [Server thread/INFO]: Default game type: SURVIVAL
[17:57:54] [Server thread/INFO]: Generating keypair
[17:57:54] [Server thread/INFO]: Starting Minecraft server on 0.0.0.0:25608
[17:57:54] [Server thread/INFO]: Using epoll channel type
[17:57:54] [Server thread/INFO]: Paper: Using libdeflate (Linux x86_64) compression from Velocity.
[17:57:54] [Server thread/INFO]: Paper: Using OpenSSL 1.1.x (Linux x86_64) cipher from Velocity.
[17:57:54] [Server thread/INFO]: Server permissions file permissions.yml is empty, ignoring it
[17:57:54] [Server thread/INFO]: Preparing level "world"
[17:57:56] [Server thread/INFO]: Preparing start region for dimension minecraft:overworld
[17:57:56] [Server thread/INFO]: Preparing spawn area: 0%
[17:57:56] [Server thread/INFO]: Preparing spawn area: 0%
[17:57:57] [Server thread/INFO]: Preparing spawn area: 0%
[17:57:57] [Server thread/INFO]: Preparing spawn area: 0%
[17:57:58] [Server thread/INFO]: Preparing spawn area: 0%
[17:57:58] [Server thread/INFO]: Time elapsed: 2404 ms
[17:57:58] [Server thread/INFO]: Preparing start region for dimension minecraft:the_nether
[17:57:58] [Server thread/INFO]: Preparing spawn area: 0%
[17:57:59] [Server thread/INFO]: Preparing spawn area: 0%
[17:57:59] [Server thread/INFO]: Preparing spawn area: 0%
[17:58:00] [Server thread/INFO]: Preparing spawn area: 0%
[17:58:00] [Server thread/INFO]: Time elapsed: 1928 ms
[17:58:00] [Server thread/INFO]: Preparing start region for dimension minecraft:the_end
[17:58:00] [Server thread/INFO]: Preparing spawn area: 0%
[17:58:00] [Server thread/INFO]: Preparing spawn area: 0%
[17:58:01] [Server thread/INFO]: Time elapsed: 828 ms
[17:58:01] [Server thread/INFO]: Starting GS4 status listener
[17:58:01] [Server thread/INFO]: Thread Query Listener started
[17:58:01] [Query Listener #1/INFO]: Query running on 0.0.0.0:25608
[17:58:01] [Server thread/INFO]: Running delayed init tasks
[17:58:01] [Server thread/INFO]: Done (6.931s)! For help, type "help"
[17:58:01] [Server thread/INFO]: Timings Reset
[17:59:02] [User Authenticator #1/INFO]: UUID of player Shadowmere_Swift is ff3bff8b-0d11-422f-a6f6-2e2b8da24bfb
[17:59:03] [Server thread/INFO]: Shadowmere_Swift joined the game
[17:59:03] [Server thread/INFO]: Shadowmere_Swift[/81.220.197.61:64019] logged in with entity id 516 at ([world]68.96357021733182, 72.30569226520515, 337.9466466969265)
[18:01:32] [Server thread/INFO]: Shadowmere_Swift lost connection: Disconnected
[18:01:32] [Server thread/INFO]: Shadowmere_Swift left the game
