[05:12:28] [ServerMain/INFO]: Environment: authHost='https://authserver.mojang.com', accountsHost='https://api.mojang.com', sessionHost='https://sessionserver.mojang.com', servicesHost='https://api.minecraftservices.com', name='PROD'
[05:12:29] [ServerMain/INFO]: Reloading ResourceManager: Default, bukkit
[05:12:30] [Worker-Main-1/INFO]: Loaded 7 recipes
[05:12:32] [Server thread/INFO]: Starting minecraft server version 1.18.1
[05:12:32] [Server thread/INFO]: Loading properties
[05:12:32] [Server thread/INFO]: This server is running Paper version git-Paper-126 (MC: 1.18.1) (Implementing API version 1.18.1-R0.1-SNAPSHOT) (Git: d3f3429)
[05:12:32] [Server thread/INFO]: Server Ping Player Sample Count: 12
[05:12:32] [Server thread/INFO]: Using 4 threads for Netty based IO
[05:12:32] [Server thread/INFO]: Default game type: SURVIVAL
[05:12:32] [Server thread/INFO]: Generating keypair
[05:12:33] [Server thread/INFO]: Starting Minecraft server on 0.0.0.0:25608
[05:12:33] [Server thread/INFO]: Using epoll channel type
[05:12:33] [Server thread/INFO]: Paper: Using libdeflate (Linux x86_64) compression from Velocity.
[05:12:33] [Server thread/INFO]: Paper: Using OpenSSL 1.1.x (Linux x86_64) cipher from Velocity.
[05:12:33] [Server thread/INFO]: Server permissions file permissions.yml is empty, ignoring it
[05:12:33] [Server thread/INFO]: Preparing level "world"
[05:12:34] [Server thread/INFO]: Preparing start region for dimension minecraft:overworld
[05:12:35] [Server thread/INFO]: Preparing spawn area: 0%
[05:12:35] [Server thread/INFO]: Preparing spawn area: 0%
[05:12:35] [Server thread/INFO]: Preparing spawn area: 0%
[05:12:36] [Server thread/INFO]: Preparing spawn area: 0%
[05:12:36] [Server thread/INFO]: Preparing spawn area: 0%
[05:12:37] [Server thread/INFO]: Preparing spawn area: 0%
[05:12:37] [Server thread/INFO]: Preparing spawn area: 0%
[05:12:38] [Server thread/INFO]: Time elapsed: 3088 ms
[05:12:38] [Server thread/INFO]: Preparing start region for dimension minecraft:the_nether
[05:12:38] [Server thread/INFO]: Preparing spawn area: 0%
[05:12:38] [Server thread/INFO]: Preparing spawn area: 0%
[05:12:39] [Server thread/INFO]: Preparing spawn area: 0%
[05:12:39] [Server thread/INFO]: Time elapsed: 1037 ms
[05:12:39] [Server thread/INFO]: Preparing start region for dimension minecraft:the_end
[05:12:39] [Server thread/INFO]: Preparing spawn area: 0%
[05:12:39] [Server thread/INFO]: Preparing spawn area: 0%
[05:12:40] [Server thread/INFO]: Preparing spawn area: 0%
[05:12:40] [Server thread/INFO]: Time elapsed: 1185 ms
[05:12:40] [Server thread/INFO]: Starting GS4 status listener
[05:12:40] [Server thread/INFO]: Thread Query Listener started
[05:12:40] [Server thread/INFO]: Running delayed init tasks
[05:12:40] [Query Listener #1/INFO]: Query running on 0.0.0.0:25608
[05:12:40] [Server thread/INFO]: Done (7.995s)! For help, type "help"
[05:12:40] [Server thread/INFO]: Timings Reset
[05:17:45] [Server thread/WARN]: Can't keep up! Is the server overloaded? Running 5296ms or 105 ticks behind
[16:37:54] [User Authenticator #1/INFO]: UUID of player Arcabat is 3e887fe0-c5a9-45b6-9b30-aa8352bb5e3a
[16:37:54] [Server thread/INFO]: Arcabat joined the game
[16:37:54] [Server thread/INFO]: Arcabat[/46.193.65.177:50573] logged in with entity id 373 at ([world]55.47174482414913, 66.0, 318.7285910868855)
[16:43:42] [Server thread/INFO]: Arcabat fell from a high place
[16:50:54] [User Authenticator #2/INFO]: UUID of player Shadowmere_Swift is ff3bff8b-0d11-422f-a6f6-2e2b8da24bfb
[16:50:54] [Server thread/INFO]: Shadowmere_Swift joined the game
[16:50:54] [Server thread/INFO]: Shadowmere_Swift[/81.220.197.61:63857] logged in with entity id 10011 at ([world]419.65661976368875, 79.0, 835.3952643436044)
[16:59:37] [Server thread/INFO]: Arcabat lost connection: Disconnected
[16:59:37] [Server thread/INFO]: Arcabat left the game
[16:59:40] [Server thread/INFO]: Shadowmere_Swift lost connection: Disconnected
[16:59:40] [Server thread/INFO]: Shadowmere_Swift left the game
[17:52:24] [User Authenticator #3/INFO]: UUID of player Shadowmere_Swift is ff3bff8b-0d11-422f-a6f6-2e2b8da24bfb
[17:52:25] [Server thread/INFO]: Shadowmere_Swift joined the game
[17:52:25] [Server thread/INFO]: Shadowmere_Swift[/81.220.197.61:65054] logged in with entity id 19268 at ([world]-208.3550772896599, 128.5, 278.2880648378307)
[20:47:51] [Server thread/INFO]: Shadowmere_Swift lost connection: Disconnected
[20:47:51] [Server thread/INFO]: Shadowmere_Swift left the game
[22:19:06] [User Authenticator #4/INFO]: UUID of player Shadowmere_Swift is ff3bff8b-0d11-422f-a6f6-2e2b8da24bfb
[22:19:06] [Server thread/INFO]: Shadowmere_Swift joined the game
[22:19:06] [Server thread/INFO]: Shadowmere_Swift[/81.220.197.61:64546] logged in with entity id 46997 at ([world]-220.7047023455042, 69.0, 287.37478305054833)
[23:46:14] [Server thread/INFO]: Shadowmere_Swift issued server command: /gamemode creative
[23:47:39] [Server thread/INFO]: Shadowmere_Swift issued server command: /gamemode survival
