[12:17:28] [User Authenticator #1/INFO]: UUID of player Cheliness is 6eac5eb0-892d-466b-9c19-b798f3460bf0
[12:17:29] [Server thread/INFO]: Cheliness joined the game
[12:17:29] [Server thread/INFO]: Cheliness[/176.131.4.117:59695] logged in with entity id 448 at ([world]492.9891749187048, 70.0, 204.1642933073089)
[13:14:57] [Server thread/WARN]: Spirit (vehicle of Cheliness) moved wrongly! 0.40954625461492355
[13:15:31] [Server thread/WARN]: Spirit (vehicle of Cheliness) moved wrongly! 0.4410240998219592
[13:15:34] [Server thread/WARN]: Spirit (vehicle of Cheliness) moved wrongly! 0.44072067358882805
[13:15:34] [Server thread/WARN]: Spirit (vehicle of Cheliness) moved wrongly! 1.0470266944951732
[13:15:34] [Server thread/WARN]: Spirit (vehicle of Cheliness) moved wrongly! 1.6533327243234908
[13:15:34] [Server thread/WARN]: Spirit (vehicle of Cheliness) moved wrongly! 2.259638758925803
[13:15:34] [Server thread/WARN]: Spirit (vehicle of Cheliness) moved wrongly! 2.8657231480137852
[13:15:35] [Server thread/WARN]: Spirit (vehicle of Cheliness) moved wrongly! 0.5436377382783917
[13:16:26] [Server thread/INFO]: Cheliness has made the advancement [Take Aim]
[14:00:39] [Server thread/INFO]: Cheliness lost connection: Disconnected
[14:00:39] [Server thread/INFO]: Cheliness left the game
[14:00:41] [User Authenticator #2/INFO]: UUID of player Cheliness is 6eac5eb0-892d-466b-9c19-b798f3460bf0
[14:00:41] [Server thread/INFO]: Cheliness joined the game
[14:00:41] [Server thread/INFO]: Cheliness[/176.131.4.117:60047] logged in with entity id 20112 at ([world]484.6536374586581, 48.0, 152.93897272577047)
[14:24:49] [Server thread/INFO]: Cheliness lost connection: Disconnected
[14:24:49] [Server thread/INFO]: Cheliness left the game
[18:37:49] [User Authenticator #3/INFO]: UUID of player Cheliness is 6eac5eb0-892d-466b-9c19-b798f3460bf0
[18:37:49] [Server thread/INFO]: Cheliness joined the game
[18:37:49] [Server thread/INFO]: Cheliness[/176.131.4.117:60878] logged in with entity id 23365 at ([world]492.4752475080666, 70.0, 203.55664172736368)
[19:46:57] [Server thread/INFO]: Cheliness lost connection: Disconnected
[19:46:57] [Server thread/INFO]: Cheliness left the game
