[05:11:35] [ServerMain/INFO]: Environment: authHost='https://authserver.mojang.com', accountsHost='https://api.mojang.com', sessionHost='https://sessionserver.mojang.com', servicesHost='https://api.minecraftservices.com', name='PROD'
[05:11:36] [ServerMain/INFO]: Reloading ResourceManager: Default, bukkit
[05:11:39] [Worker-Main-1/INFO]: Loaded 7 recipes
[05:11:45] [Server thread/INFO]: Starting minecraft server version 1.18.1
[05:11:45] [Server thread/INFO]: Loading properties
[05:11:45] [Server thread/INFO]: This server is running Paper version git-Paper-126 (MC: 1.18.1) (Implementing API version 1.18.1-R0.1-SNAPSHOT) (Git: d3f3429)
[05:11:46] [Server thread/INFO]: Server Ping Player Sample Count: 12
[05:11:46] [Server thread/INFO]: Using 4 threads for Netty based IO
[05:11:46] [Server thread/INFO]: Default game type: SURVIVAL
[05:11:46] [Server thread/INFO]: Generating keypair
[05:11:47] [Server thread/INFO]: Starting Minecraft server on 0.0.0.0:25608
[05:11:47] [Server thread/INFO]: Using epoll channel type
[05:11:47] [Server thread/INFO]: Paper: Using libdeflate (Linux x86_64) compression from Velocity.
[05:11:47] [Server thread/INFO]: Paper: Using OpenSSL 1.1.x (Linux x86_64) cipher from Velocity.
[05:11:47] [Server thread/INFO]: Server permissions file permissions.yml is empty, ignoring it
[05:11:47] [Server thread/INFO]: Preparing level "world"
[05:11:55] [Server thread/INFO]: Preparing start region for dimension minecraft:overworld
[05:11:57] [Server thread/INFO]: Preparing spawn area: 0%
[05:11:57] [Server thread/INFO]: Preparing spawn area: 0%
[05:11:57] [Server thread/INFO]: Preparing spawn area: 0%
[05:11:57] [Server thread/INFO]: Preparing spawn area: 0%
[05:11:57] [Server thread/INFO]: Preparing spawn area: 0%
[05:11:57] [Server thread/INFO]: Preparing spawn area: 0%
[05:11:58] [Server thread/INFO]: Preparing spawn area: 0%
[05:11:58] [Server thread/INFO]: Preparing spawn area: 0%
[05:11:59] [Server thread/INFO]: Preparing spawn area: 0%
[05:11:59] [Server thread/INFO]: Preparing spawn area: 0%
[05:12:00] [Server thread/INFO]: Preparing spawn area: 0%
[05:12:00] [Server thread/INFO]: Preparing spawn area: 0%
[05:12:01] [Server thread/INFO]: Preparing spawn area: 0%
[05:12:01] [Server thread/INFO]: Preparing spawn area: 0%
[05:12:02] [Server thread/INFO]: Preparing spawn area: 0%
[05:12:02] [Server thread/INFO]: Preparing spawn area: 0%
[05:12:03] [Server thread/INFO]: Preparing spawn area: 0%
[05:12:03] [Server thread/INFO]: Preparing spawn area: 0%
[05:12:03] [Server thread/INFO]: Time elapsed: 8698 ms
[05:12:03] [Server thread/INFO]: Preparing start region for dimension minecraft:the_nether
[05:12:04] [Server thread/INFO]: Preparing spawn area: 0%
[05:12:04] [Server thread/INFO]: Preparing spawn area: 0%
[05:12:04] [Server thread/INFO]: Preparing spawn area: 0%
[05:12:05] [Server thread/INFO]: Preparing spawn area: 0%
[05:12:05] [Server thread/INFO]: Preparing spawn area: 0%
[05:12:06] [Server thread/INFO]: Preparing spawn area: 0%
[05:12:06] [Server thread/INFO]: Preparing spawn area: 0%
[05:12:07] [Server thread/INFO]: Preparing spawn area: 0%
[05:12:07] [Server thread/INFO]: Preparing spawn area: 0%
[05:12:08] [Server thread/INFO]: Preparing spawn area: 0%
[05:12:09] [Server thread/INFO]: Preparing spawn area: 0%
[05:12:10] [Server thread/INFO]: Preparing spawn area: 0%
[05:12:10] [Server thread/INFO]: Preparing spawn area: 0%
[05:12:10] [Server thread/INFO]: Preparing spawn area: 0%
[05:12:11] [Server thread/INFO]: Preparing spawn area: 0%
[05:12:11] [Server thread/INFO]: Preparing spawn area: 0%
[05:12:11] [Server thread/INFO]: Preparing spawn area: 0%
[05:12:12] [Server thread/INFO]: Preparing spawn area: 0%
[05:12:12] [Server thread/INFO]: Preparing spawn area: 0%
[05:12:13] [Server thread/INFO]: Time elapsed: 9480 ms
[05:12:13] [Server thread/INFO]: Preparing start region for dimension minecraft:the_end
[05:12:13] [Server thread/INFO]: Preparing spawn area: 0%
[05:12:13] [Server thread/INFO]: Preparing spawn area: 0%
[05:12:14] [Server thread/INFO]: Preparing spawn area: 0%
[05:12:14] [Server thread/INFO]: Preparing spawn area: 0%
[05:12:15] [Server thread/INFO]: Preparing spawn area: 0%
[05:12:15] [Server thread/INFO]: Preparing spawn area: 0%
[05:12:16] [Server thread/INFO]: Time elapsed: 2878 ms
[05:12:16] [Server thread/INFO]: Starting GS4 status listener
[05:12:16] [Server thread/INFO]: Thread Query Listener started
[05:12:16] [Query Listener #1/INFO]: Query running on 0.0.0.0:25608
[05:12:16] [Server thread/INFO]: Running delayed init tasks
[05:12:16] [Server thread/INFO]: Done (31.320s)! For help, type "help"
[05:12:16] [Server thread/INFO]: Timings Reset
[05:12:23] [Server thread/WARN]: Can't keep up! Is the server overloaded? Running 5003ms or 100 ticks behind
[05:17:27] [Server thread/WARN]: Can't keep up! Is the server overloaded? Running 5168ms or 103 ticks behind
[08:38:43] [User Authenticator #1/INFO]: UUID of player Shadowmere_Swift is ff3bff8b-0d11-422f-a6f6-2e2b8da24bfb
[08:38:43] [Server thread/INFO]: Shadowmere_Swift joined the game
[08:38:44] [Server thread/INFO]: Shadowmere_Swift[/81.220.197.61:64210] logged in with entity id 423 at ([world]47.15531135705919, 72.0, 355.96577238779514)
[09:18:28] [Server thread/INFO]: Shadowmere_Swift lost connection: Disconnected
[09:18:28] [Server thread/INFO]: Shadowmere_Swift left the game
