[00:31:20] [User Authenticator #16/INFO]: UUID of player Shadowmere_Swift is ff3bff8b-0d11-422f-a6f6-2e2b8da24bfb
[00:31:20] [Server thread/INFO]: Shadowmere_Swift lost connection: You logged in from another location
[00:31:20] [Server thread/INFO]: Shadowmere_Swift left the game
[00:31:20] [Server thread/INFO]: Shadowmere_Swift joined the game
[00:31:20] [Server thread/INFO]: Shadowmere_Swift[/81.220.197.61:63687] logged in with entity id 199191 at ([world]-151.9151447357852, 63.0, 371.33073099625307)
[00:31:30] [Server thread/INFO]: Shadowmere_Swift lost connection: Disconnected
[00:31:30] [Server thread/INFO]: Shadowmere_Swift left the game
[00:31:33] [User Authenticator #16/INFO]: UUID of player Shadowmere_Swift is ff3bff8b-0d11-422f-a6f6-2e2b8da24bfb
[00:31:34] [Server thread/INFO]: Shadowmere_Swift joined the game
[00:31:34] [Server thread/INFO]: Shadowmere_Swift[/81.220.197.61:63584] logged in with entity id 199226 at ([world]-151.9151447357852, 63.0, 371.33073099625307)
[02:54:38] [Server thread/INFO]: Shadowmere_Swift issued server command: /gamemode creative
[02:55:18] [Server thread/INFO]: Shadowmere_Swift issued server command: /gamemode survival
[03:15:14] [Server thread/INFO]: Shadowmere_Swift issued server command: /gamemode spectator
[03:16:08] [Server thread/INFO]: Shadowmere_Swift issued server command: /gamemode survival
[03:33:41] [Server thread/INFO]: Shadowmere_Swift lost connection: Disconnected
[03:33:41] [Server thread/INFO]: Shadowmere_Swift left the game
[05:00:28] [Server thread/INFO]: Stopping the server
[05:00:28] [Server thread/INFO]: Stopping server
[05:00:28] [Server thread/INFO]: Saving players
[05:00:28] [Server thread/INFO]: Saving worlds
[05:00:28] [Server thread/INFO]: Saving chunks for level 'ServerLevel[world]'/minecraft:overworld
[05:00:28] [Server thread/INFO]: Saving chunks for level 'ServerLevel[world_nether]'/minecraft:the_nether
[05:00:28] [Server thread/INFO]: Saving chunks for level 'ServerLevel[world_the_end]'/minecraft:the_end
[05:00:28] [Server thread/INFO]: ThreadedAnvilChunkStorage (world): All chunks are saved
[05:00:28] [Server thread/INFO]: ThreadedAnvilChunkStorage (DIM-1): All chunks are saved
[05:00:28] [Server thread/INFO]: ThreadedAnvilChunkStorage (DIM1): All chunks are saved
[05:00:28] [Server thread/INFO]: ThreadedAnvilChunkStorage: All dimensions are saved
[05:00:28] [Server thread/INFO]: Flushing Chunk IO
[05:00:28] [Server thread/INFO]: Closing Thread Pool
[05:00:28] [Server thread/INFO]: Closing Server
