[00:08:39] [User Authenticator #9/INFO]: UUID of player Shadowmere_Swift is ff3bff8b-0d11-422f-a6f6-2e2b8da24bfb
[00:08:39] [Server thread/INFO]: Shadowmere_Swift joined the game
[00:08:39] [Server thread/INFO]: Shadowmere_Swift[/176.131.4.117:50210] logged in with entity id 178744 at ([world]403.8188175082029, 79.0, 834.1028860867852)
[00:10:58] [Server thread/INFO]: Shadowmere_Swift lost connection: Disconnected
[00:10:58] [Server thread/INFO]: Shadowmere_Swift left the game
[00:12:06] [User Authenticator #10/INFO]: UUID of player Shadowmere_Swift is ff3bff8b-0d11-422f-a6f6-2e2b8da24bfb
[00:12:06] [Server thread/INFO]: Shadowmere_Swift joined the game
[00:12:06] [Server thread/INFO]: Shadowmere_Swift[/176.131.4.117:50327] logged in with entity id 179577 at ([world]422.4782610536209, 80.0, 827.0997553520195)
[00:12:36] [Server thread/INFO]: Shadowmere_Swift lost connection: Disconnected
[00:12:36] [Server thread/INFO]: Shadowmere_Swift left the game
[00:38:17] [User Authenticator #11/INFO]: UUID of player Shadowmere_Swift is ff3bff8b-0d11-422f-a6f6-2e2b8da24bfb
[00:38:17] [Server thread/INFO]: Shadowmere_Swift joined the game
[00:38:17] [Server thread/INFO]: Shadowmere_Swift[/176.131.4.117:51383] logged in with entity id 180025 at ([world]413.35031285815893, 79.0, 831.2517637274315)
[00:39:45] [Server thread/INFO]: Shadowmere_Swift lost connection: Disconnected
[00:39:45] [Server thread/INFO]: Shadowmere_Swift left the game
[00:41:47] [User Authenticator #12/INFO]: UUID of player Shadowmere_Swift is ff3bff8b-0d11-422f-a6f6-2e2b8da24bfb
[00:41:47] [Server thread/INFO]: Shadowmere_Swift joined the game
[00:41:47] [Server thread/INFO]: Shadowmere_Swift[/176.131.4.117:51420] logged in with entity id 180647 at ([world]404.8339993427094, 81.0, 854.9706726433776)
[00:43:52] [Server thread/INFO]: Shadowmere_Swift lost connection: Disconnected
[00:43:52] [Server thread/INFO]: Shadowmere_Swift left the game
[00:49:52] [User Authenticator #13/INFO]: UUID of player Shadowmere_Swift is ff3bff8b-0d11-422f-a6f6-2e2b8da24bfb
[00:49:52] [Server thread/INFO]: Shadowmere_Swift joined the game
[00:49:52] [Server thread/INFO]: Shadowmere_Swift[/176.131.4.117:51556] logged in with entity id 181299 at ([world]401.1342852639809, 81.0, 846.4724657863334)
[00:53:30] [Server thread/INFO]: Shadowmere_Swift lost connection: Disconnected
[00:53:30] [Server thread/INFO]: Shadowmere_Swift left the game
[00:54:52] [User Authenticator #14/INFO]: UUID of player Shadowmere_Swift is ff3bff8b-0d11-422f-a6f6-2e2b8da24bfb
[00:54:52] [Server thread/INFO]: Shadowmere_Swift joined the game
[00:54:52] [Server thread/INFO]: Shadowmere_Swift[/176.131.4.117:51610] logged in with entity id 182182 at ([world]412.96032023139475, 79.0, 829.816282571815)
[01:00:35] [Server thread/INFO]: Shadowmere_Swift lost connection: Disconnected
[01:00:35] [Server thread/INFO]: Shadowmere_Swift left the game
[01:01:21] [User Authenticator #15/INFO]: UUID of player Shadowmere_Swift is ff3bff8b-0d11-422f-a6f6-2e2b8da24bfb
[01:01:21] [Server thread/INFO]: Shadowmere_Swift joined the game
[01:01:21] [Server thread/INFO]: Shadowmere_Swift[/176.131.4.117:51747] logged in with entity id 183710 at ([world]419.2647315367184, 80.0, 827.4775873035744)
[01:15:40] [Server thread/INFO]: Shadowmere_Swift lost connection: Disconnected
[01:15:40] [Server thread/INFO]: Shadowmere_Swift left the game
[02:36:27] [User Authenticator #16/INFO]: UUID of player Cheliness is 6eac5eb0-892d-466b-9c19-b798f3460bf0
[02:36:27] [Server thread/INFO]: Cheliness joined the game
[02:36:27] [Server thread/INFO]: Cheliness[/90.93.220.14:54475] logged in with entity id 187849 at ([world]503.5858357735667, 33.0, 134.88628197668967)
[02:59:45] [User Authenticator #17/INFO]: UUID of player Shadowmere_Swift is ff3bff8b-0d11-422f-a6f6-2e2b8da24bfb
[02:59:45] [Server thread/INFO]: Shadowmere_Swift joined the game
[02:59:45] [Server thread/INFO]: Shadowmere_Swift[/176.131.4.117:65264] logged in with entity id 190787 at ([world]387.80516670502954, 79.0, 816.4357722969426)
[03:53:40] [Server thread/INFO]: Shadowmere_Swift lost connection: Disconnected
[03:53:40] [Server thread/INFO]: Shadowmere_Swift left the game
[04:01:40] [User Authenticator #18/INFO]: UUID of player Shadowmere_Swift is ff3bff8b-0d11-422f-a6f6-2e2b8da24bfb
[04:01:40] [Server thread/INFO]: Shadowmere_Swift joined the game
[04:01:40] [Server thread/INFO]: Shadowmere_Swift[/176.131.4.117:61486] logged in with entity id 209509 at ([world]419.50275893059205, 80.0, 824.2966981041066)
[04:01:46] [Server thread/INFO]: Shadowmere_Swift lost connection: Disconnected
[04:01:46] [Server thread/INFO]: Shadowmere_Swift left the game
[04:03:10] [User Authenticator #19/INFO]: UUID of player Shadowmere_Swift is ff3bff8b-0d11-422f-a6f6-2e2b8da24bfb
[04:03:10] [Server thread/INFO]: Shadowmere_Swift joined the game
[04:03:10] [Server thread/INFO]: Shadowmere_Swift[/176.131.4.117:61511] logged in with entity id 210105 at ([world]419.50275893059205, 80.0, 824.2966981041066)
[04:09:18] [Server thread/INFO]: Shadowmere_Swift lost connection: Disconnected
[04:09:18] [Server thread/INFO]: Shadowmere_Swift left the game
[04:11:13] [User Authenticator #20/INFO]: UUID of player Shadowmere_Swift is ff3bff8b-0d11-422f-a6f6-2e2b8da24bfb
[04:11:13] [Server thread/INFO]: Shadowmere_Swift joined the game
[04:11:13] [Server thread/INFO]: Shadowmere_Swift[/176.131.4.117:61563] logged in with entity id 212118 at ([world]414.1051161579004, 79.0, 826.7358890857087)
[04:36:56] [Server thread/INFO]: Shadowmere_Swift fell from a high place
[04:57:32] [Server thread/INFO]: Cheliness lost connection: Disconnected
[04:57:32] [Server thread/INFO]: Cheliness left the game
[05:00:20] [Server thread/INFO]: Stopping the server
[05:00:20] [Server thread/INFO]: Stopping server
[05:00:20] [Server thread/INFO]: Saving players
[05:00:20] [Server thread/INFO]: Shadowmere_Swift lost connection: Server closed
[05:00:20] [Server thread/INFO]: Shadowmere_Swift left the game
[05:00:21] [Server thread/INFO]: Saving worlds
[05:00:21] [Server thread/INFO]: Saving chunks for level 'ServerLevel[world]'/minecraft:overworld
[05:00:22] [Server thread/INFO]: Saving chunks for level 'ServerLevel[world_nether]'/minecraft:the_nether
[05:00:22] [Server thread/INFO]: Saving chunks for level 'ServerLevel[world_the_end]'/minecraft:the_end
[05:00:22] [Server thread/INFO]: ThreadedAnvilChunkStorage (world): All chunks are saved
[05:00:22] [Server thread/INFO]: ThreadedAnvilChunkStorage (DIM-1): All chunks are saved
[05:00:22] [Server thread/INFO]: ThreadedAnvilChunkStorage (DIM1): All chunks are saved
[05:00:22] [Server thread/INFO]: ThreadedAnvilChunkStorage: All dimensions are saved
[05:00:22] [Server thread/INFO]: Flushing Chunk IO
[05:00:22] [Server thread/INFO]: Closing Thread Pool
[05:00:22] [Server thread/INFO]: Closing Server
