[00:00:17] [Server thread/INFO]: Shadowmere_Swift issued server command: /gamemode survival
[00:32:25] [Server thread/INFO]: Shadowmere_Swift issued server command: /gamemode spectator
[00:32:36] [Server thread/INFO]: Shadowmere_Swift issued server command: /gamemode survival
[00:32:40] [Server thread/INFO]: Shadowmere_Swift issued server command: /gamemode spectator
[00:33:02] [Server thread/INFO]: Shadowmere_Swift issued server command: /gamemode survival
[00:33:06] [Server thread/INFO]: Shadowmere_Swift issued server command: /gamemode spectator
[00:33:25] [Server thread/INFO]: Shadowmere_Swift issued server command: /gamemode survival
[02:00:34] [Server thread/INFO]: Shadowmere_Swift lost connection: Disconnected
[02:00:34] [Server thread/INFO]: Shadowmere_Swift left the game
[05:00:25] [Server thread/INFO]: Stopping the server
[05:00:25] [Server thread/INFO]: Stopping server
[05:00:25] [Server thread/INFO]: Saving players
[05:00:25] [Server thread/INFO]: Saving worlds
[05:00:25] [Server thread/INFO]: Saving chunks for level 'ServerLevel[world]'/minecraft:overworld
[05:00:25] [Server thread/INFO]: Saving chunks for level 'ServerLevel[world_nether]'/minecraft:the_nether
[05:00:25] [Server thread/INFO]: Saving chunks for level 'ServerLevel[world_the_end]'/minecraft:the_end
[05:00:25] [Server thread/INFO]: ThreadedAnvilChunkStorage (world): All chunks are saved
[05:00:25] [Server thread/INFO]: ThreadedAnvilChunkStorage (DIM-1): All chunks are saved
[05:00:25] [Server thread/INFO]: ThreadedAnvilChunkStorage (DIM1): All chunks are saved
[05:00:25] [Server thread/INFO]: ThreadedAnvilChunkStorage: All dimensions are saved
[05:00:25] [Server thread/INFO]: Flushing Chunk IO
[05:00:25] [Server thread/INFO]: Closing Thread Pool
