[05:11:07] [ServerMain/INFO]: Environment: authHost='https://authserver.mojang.com', accountsHost='https://api.mojang.com', sessionHost='https://sessionserver.mojang.com', servicesHost='https://api.minecraftservices.com', name='PROD'
[05:11:08] [ServerMain/INFO]: Reloading ResourceManager: Default, bukkit
[05:11:13] [Worker-Main-1/INFO]: Loaded 7 recipes
[05:11:21] [Server thread/INFO]: Starting minecraft server version 1.18.1
[05:11:21] [Server thread/INFO]: Loading properties
[05:11:21] [Server thread/INFO]: This server is running Paper version git-Paper-126 (MC: 1.18.1) (Implementing API version 1.18.1-R0.1-SNAPSHOT) (Git: d3f3429)
[05:11:22] [Server thread/INFO]: Server Ping Player Sample Count: 12
[05:11:22] [Server thread/INFO]: Using 4 threads for Netty based IO
[05:11:22] [Server thread/INFO]: Default game type: SURVIVAL
[05:11:22] [Server thread/INFO]: Generating keypair
[05:11:24] [Server thread/INFO]: Starting Minecraft server on 0.0.0.0:25608
[05:11:24] [Server thread/INFO]: Using epoll channel type
[05:11:24] [Server thread/INFO]: Paper: Using libdeflate (Linux x86_64) compression from Velocity.
[05:11:24] [Server thread/INFO]: Paper: Using OpenSSL 1.1.x (Linux x86_64) cipher from Velocity.
[05:11:25] [Server thread/INFO]: Server permissions file permissions.yml is empty, ignoring it
[05:11:25] [Server thread/INFO]: Preparing level "world"
[05:11:33] [Server thread/INFO]: Preparing start region for dimension minecraft:overworld
[05:11:37] [Server thread/INFO]: Preparing spawn area: 0%
[05:11:37] [Server thread/INFO]: Preparing spawn area: 0%
[05:11:37] [Server thread/INFO]: Preparing spawn area: 0%
[05:11:37] [Server thread/INFO]: Preparing spawn area: 0%
[05:11:37] [Server thread/INFO]: Preparing spawn area: 0%
[05:11:37] [Server thread/INFO]: Preparing spawn area: 0%
[05:11:37] [Server thread/INFO]: Preparing spawn area: 0%
[05:11:37] [Server thread/INFO]: Preparing spawn area: 0%
[05:11:37] [Server thread/INFO]: Preparing spawn area: 0%
[05:11:38] [Server thread/INFO]: Preparing spawn area: 0%
[05:11:38] [Server thread/INFO]: Preparing spawn area: 0%
[05:11:39] [Server thread/INFO]: Preparing spawn area: 0%
[05:11:39] [Server thread/INFO]: Preparing spawn area: 0%
[05:11:40] [Server thread/INFO]: Preparing spawn area: 0%
[05:11:40] [Server thread/INFO]: Preparing spawn area: 0%
[05:11:41] [Server thread/INFO]: Preparing spawn area: 0%
[05:11:42] [Server thread/INFO]: Preparing spawn area: 0%
[05:11:42] [Server thread/INFO]: Preparing spawn area: 0%
[05:11:42] [Server thread/INFO]: Preparing spawn area: 0%
[05:11:43] [Server thread/INFO]: Preparing spawn area: 0%
[05:11:43] [Server thread/INFO]: Preparing spawn area: 0%
[05:11:44] [Server thread/INFO]: Preparing spawn area: 0%
[05:11:44] [Server thread/INFO]: Preparing spawn area: 0%
[05:11:45] [Server thread/INFO]: Preparing spawn area: 0%
[05:11:45] [Server thread/INFO]: Preparing spawn area: 0%
[05:11:46] [Server thread/INFO]: Preparing spawn area: 2%
[05:11:47] [Server thread/INFO]: Preparing spawn area: 2%
[05:11:47] [Server thread/INFO]: Preparing spawn area: 2%
[05:11:47] [Server thread/INFO]: Time elapsed: 13997 ms
[05:11:47] [Server thread/INFO]: Preparing start region for dimension minecraft:the_nether
[05:11:48] [Server thread/INFO]: Preparing spawn area: 0%
[05:11:48] [Server thread/INFO]: Preparing spawn area: 0%
[05:11:48] [Server thread/INFO]: Preparing spawn area: 0%
[05:11:49] [Server thread/INFO]: Preparing spawn area: 0%
[05:11:49] [Server thread/INFO]: Preparing spawn area: 0%
[05:11:50] [Server thread/INFO]: Preparing spawn area: 0%
[05:11:50] [Server thread/INFO]: Preparing spawn area: 0%
[05:11:51] [Server thread/INFO]: Preparing spawn area: 0%
[05:11:51] [Server thread/INFO]: Preparing spawn area: 0%
[05:11:52] [Server thread/INFO]: Preparing spawn area: 0%
[05:11:52] [Server thread/INFO]: Preparing spawn area: 0%
[05:11:53] [Server thread/INFO]: Preparing spawn area: 0%
[05:11:53] [Server thread/INFO]: Preparing spawn area: 0%
[05:11:55] [Server thread/INFO]: Preparing spawn area: 0%
[05:11:55] [Server thread/INFO]: Preparing spawn area: 0%
[05:11:56] [Server thread/INFO]: Preparing spawn area: 0%
[05:11:56] [Server thread/INFO]: Preparing spawn area: 0%
[05:11:57] [Server thread/INFO]: Preparing spawn area: 0%
[05:11:57] [Server thread/INFO]: Preparing spawn area: 0%
[05:11:57] [Server thread/INFO]: Preparing spawn area: 0%
[05:11:58] [Server thread/INFO]: Preparing spawn area: 0%
[05:11:58] [Server thread/INFO]: Preparing spawn area: 0%
[05:11:59] [Server thread/INFO]: Preparing spawn area: 0%
[05:11:59] [Server thread/INFO]: Preparing spawn area: 0%
[05:11:59] [Server thread/INFO]: Preparing spawn area: 0%
[05:12:00] [Server thread/INFO]: Preparing spawn area: 0%
[05:12:01] [Server thread/INFO]: Preparing spawn area: 0%
[05:12:01] [Server thread/INFO]: Preparing spawn area: 0%
[05:12:01] [Server thread/INFO]: Time elapsed: 13840 ms
[05:12:01] [Server thread/INFO]: Preparing start region for dimension minecraft:the_end
[05:12:02] [Server thread/INFO]: Preparing spawn area: 0%
[05:12:02] [Server thread/INFO]: Preparing spawn area: 0%
[05:12:02] [Server thread/INFO]: Preparing spawn area: 0%
[05:12:03] [Server thread/INFO]: Preparing spawn area: 0%
[05:12:03] [Server thread/INFO]: Preparing spawn area: 0%
[05:12:04] [Server thread/INFO]: Preparing spawn area: 0%
[05:12:05] [Server thread/INFO]: Preparing spawn area: 0%
[05:12:05] [Server thread/INFO]: Preparing spawn area: 0%
[05:12:05] [Server thread/INFO]: Preparing spawn area: 0%
[05:12:06] [Server thread/INFO]: Preparing spawn area: 0%
[05:12:06] [Server thread/INFO]: Time elapsed: 4611 ms
[05:12:06] [Server thread/INFO]: Starting GS4 status listener
[05:12:06] [Query Listener #1/INFO]: Query running on 0.0.0.0:25608
[05:12:06] [Server thread/INFO]: Thread Query Listener started
[05:12:06] [Server thread/INFO]: Running delayed init tasks
[05:12:06] [Server thread/INFO]: Done (45.415s)! For help, type "help"
[05:12:06] [Server thread/INFO]: Timings Reset
[05:12:13] [Server thread/WARN]: Can't keep up! Is the server overloaded? Running 5013ms or 100 ticks behind
[05:17:17] [Server thread/WARN]: Can't keep up! Is the server overloaded? Running 5219ms or 104 ticks behind
