[00:32:22] [User Authenticator #16/INFO]: UUID of player Shadowmere_Swift is ff3bff8b-0d11-422f-a6f6-2e2b8da24bfb
[00:32:23] [Server thread/INFO]: Shadowmere_Swift joined the game
[00:32:23] [Server thread/INFO]: Shadowmere_Swift[/176.131.4.117:56445] logged in with entity id 69501 at ([world]410.1131071921374, 79.0, 817.7956975629395)
[00:33:17] [Server thread/INFO]: Shadowmere_Swift lost connection: Disconnected
[00:33:17] [Server thread/INFO]: Shadowmere_Swift left the game
[00:35:13] [User Authenticator #17/INFO]: UUID of player Shadowmere_Swift is ff3bff8b-0d11-422f-a6f6-2e2b8da24bfb
[00:35:13] [Server thread/INFO]: Shadowmere_Swift joined the game
[00:35:13] [Server thread/INFO]: Shadowmere_Swift[/176.131.4.117:56560] logged in with entity id 70028 at ([world]419.9886000816002, 80.0, 824.6469192943483)
[01:12:16] [Server thread/INFO]: Shadowmere_Swift lost connection: Disconnected
[01:12:16] [Server thread/INFO]: Shadowmere_Swift left the game
[01:36:47] [User Authenticator #18/INFO]: UUID of player Shadowmere_Swift is ff3bff8b-0d11-422f-a6f6-2e2b8da24bfb
[01:36:47] [Server thread/INFO]: Shadowmere_Swift joined the game
[01:36:47] [Server thread/INFO]: Shadowmere_Swift[/176.131.4.117:52850] logged in with entity id 74649 at ([world]412.1684721273075, 79.0, 827.0644854794033)
[01:37:21] [Server thread/INFO]: Shadowmere_Swift lost connection: Disconnected
[01:37:21] [Server thread/INFO]: Shadowmere_Swift left the game
[01:37:22] [User Authenticator #18/INFO]: UUID of player Shadowmere_Swift is ff3bff8b-0d11-422f-a6f6-2e2b8da24bfb
[01:37:22] [Server thread/INFO]: Shadowmere_Swift joined the game
[01:37:22] [Server thread/INFO]: Shadowmere_Swift[/176.131.4.117:52865] logged in with entity id 75091 at ([world]412.1684721273075, 79.0, 827.0644854794033)
[01:37:29] [Server thread/INFO]: Shadowmere_Swift lost connection: Disconnected
[01:37:29] [Server thread/INFO]: Shadowmere_Swift left the game
[01:37:55] [User Authenticator #18/INFO]: UUID of player Shadowmere_Swift is ff3bff8b-0d11-422f-a6f6-2e2b8da24bfb
[01:37:55] [Server thread/INFO]: Shadowmere_Swift joined the game
[01:37:55] [Server thread/INFO]: Shadowmere_Swift[/176.131.4.117:52878] logged in with entity id 75141 at ([world]412.1684721273075, 79.0, 827.0644854794033)
[01:40:50] [Server thread/INFO]: Shadowmere_Swift lost connection: Disconnected
[01:40:50] [Server thread/INFO]: Shadowmere_Swift left the game
[01:46:32] [User Authenticator #19/INFO]: UUID of player Shadowmere_Swift is ff3bff8b-0d11-422f-a6f6-2e2b8da24bfb
[01:46:32] [Server thread/INFO]: Shadowmere_Swift joined the game
[01:46:32] [Server thread/INFO]: Shadowmere_Swift[/176.131.4.117:53056] logged in with entity id 76049 at ([world]415.9105671370865, 80.0, 827.5058658229597)
[01:58:47] [Server thread/INFO]: Shadowmere_Swift lost connection: Disconnected
[01:58:47] [Server thread/INFO]: Shadowmere_Swift left the game
[02:29:07] [User Authenticator #20/INFO]: UUID of player Cheliness is 6eac5eb0-892d-466b-9c19-b798f3460bf0
[02:29:07] [Server thread/INFO]: Cheliness joined the game
[02:29:07] [Server thread/INFO]: Cheliness[/90.93.105.27:63110] logged in with entity id 77965 at ([world]488.30000001192093, 53.0, 184.16277502240055)
[02:59:26] [User Authenticator #21/INFO]: UUID of player Shadowmere_Swift is ff3bff8b-0d11-422f-a6f6-2e2b8da24bfb
[02:59:26] [Server thread/INFO]: Shadowmere_Swift joined the game
[02:59:26] [Server thread/INFO]: Shadowmere_Swift[/176.131.4.117:63267] logged in with entity id 82775 at ([world]409.92135967151205, 79.0, 833.3553709766788)
[03:41:53] [Server thread/INFO]: Cheliness lost connection: Disconnected
[03:41:53] [Server thread/INFO]: Cheliness left the game
[03:46:13] [Server thread/INFO]: Shadowmere_Swift lost connection: Disconnected
[03:46:13] [Server thread/INFO]: Shadowmere_Swift left the game
[03:59:52] [User Authenticator #22/INFO]: UUID of player Shadowmere_Swift is ff3bff8b-0d11-422f-a6f6-2e2b8da24bfb
[03:59:52] [Server thread/INFO]: Shadowmere_Swift joined the game
[03:59:52] [Server thread/INFO]: Shadowmere_Swift[/176.131.4.117:63396] logged in with entity id 100866 at ([world]414.69999998807907, 79.875, 831.2912578422726)
[04:00:51] [User Authenticator #22/INFO]: UUID of player Cheliness is 6eac5eb0-892d-466b-9c19-b798f3460bf0
[04:00:51] [Server thread/INFO]: Cheliness joined the game
[04:00:51] [Server thread/INFO]: Cheliness[/90.93.105.27:49491] logged in with entity id 101386 at ([world]492.9891749187048, 70.0, 204.1642933073089)
[04:02:54] [Server thread/INFO]: Cheliness lost connection: Disconnected
[04:02:54] [Server thread/INFO]: Cheliness left the game
[04:02:55] [Server thread/INFO]: Shadowmere_Swift lost connection: Disconnected
[04:02:55] [Server thread/INFO]: Shadowmere_Swift left the game
[05:00:27] [Server thread/INFO]: Stopping the server
[05:00:27] [Server thread/INFO]: Stopping server
[05:00:27] [Server thread/INFO]: Saving players
[05:00:27] [Server thread/INFO]: Saving worlds
[05:00:27] [Server thread/INFO]: Saving chunks for level 'ServerLevel[world]'/minecraft:overworld
[05:00:27] [Server thread/INFO]: Saving chunks for level 'ServerLevel[world_nether]'/minecraft:the_nether
[05:00:27] [Server thread/INFO]: Saving chunks for level 'ServerLevel[world_the_end]'/minecraft:the_end
[05:00:27] [Server thread/INFO]: ThreadedAnvilChunkStorage (world): All chunks are saved
[05:00:27] [Server thread/INFO]: ThreadedAnvilChunkStorage (DIM-1): All chunks are saved
[05:00:27] [Server thread/INFO]: ThreadedAnvilChunkStorage (DIM1): All chunks are saved
[05:00:27] [Server thread/INFO]: ThreadedAnvilChunkStorage: All dimensions are saved
[05:00:27] [Server thread/INFO]: Flushing Chunk IO
