[19:08:32] [ServerMain/INFO]: Environment: authHost='https://authserver.mojang.com', accountsHost='https://api.mojang.com', sessionHost='https://sessionserver.mojang.com', servicesHost='https://api.minecraftservices.com', name='PROD'
[19:08:32] [ServerMain/INFO]: Reloading ResourceManager: Default, bukkit
[19:08:33] [Worker-Main-1/INFO]: Loaded 7 recipes
[19:08:35] [Server thread/INFO]: Starting minecraft server version 1.18.1
[19:08:35] [Server thread/INFO]: Loading properties
[19:08:35] [Server thread/INFO]: This server is running Paper version git-Paper-126 (MC: 1.18.1) (Implementing API version 1.18.1-R0.1-SNAPSHOT) (Git: d3f3429)
[19:08:36] [Server thread/INFO]: Server Ping Player Sample Count: 12
[19:08:36] [Server thread/INFO]: Using 4 threads for Netty based IO
[19:08:36] [Server thread/INFO]: Default game type: SURVIVAL
[19:08:36] [Server thread/INFO]: Generating keypair
[19:08:36] [Server thread/INFO]: Starting Minecraft server on 0.0.0.0:25608
[19:08:36] [Server thread/INFO]: Using epoll channel type
[19:08:36] [Server thread/INFO]: Paper: Using libdeflate (Linux x86_64) compression from Velocity.
[19:08:36] [Server thread/INFO]: Paper: Using OpenSSL 1.1.x (Linux x86_64) cipher from Velocity.
[19:08:36] [Server thread/INFO]: Server permissions file permissions.yml is empty, ignoring it
[19:08:36] [Server thread/INFO]: Preparing level "world"
[19:08:38] [Server thread/INFO]: Preparing start region for dimension minecraft:overworld
[19:08:38] [Server thread/INFO]: Time elapsed: 503 ms
[19:08:38] [Server thread/INFO]: Preparing start region for dimension minecraft:the_nether
[19:08:39] [Server thread/INFO]: Time elapsed: 192 ms
[19:08:39] [Server thread/INFO]: Preparing start region for dimension minecraft:the_end
[19:08:39] [Server thread/INFO]: Time elapsed: 252 ms
[19:08:39] [Server thread/INFO]: Starting GS4 status listener
[19:08:39] [Query Listener #1/INFO]: Query running on 0.0.0.0:25608
[19:08:39] [Server thread/INFO]: Thread Query Listener started
[19:08:39] [Server thread/INFO]: Running delayed init tasks
[19:08:39] [Server thread/INFO]: Done (3.540s)! For help, type "help"
[19:08:39] [Server thread/INFO]: Timings Reset
