[00:03:45] [Server thread/INFO]: Shadowmere_Swift lost connection: Disconnected
[00:03:45] [Server thread/INFO]: Shadowmere_Swift left the game
[00:03:48] [User Authenticator #3/INFO]: UUID of player Shadowmere_Swift is ff3bff8b-0d11-422f-a6f6-2e2b8da24bfb
[00:03:48] [Server thread/INFO]: Shadowmere_Swift joined the game
[00:03:48] [Server thread/INFO]: Shadowmere_Swift[/81.220.197.61:65274] logged in with entity id 27601 at ([world]386.25907684819487, 104.0, 850.1342120126885)
[00:03:53] [Server thread/INFO]: Shadowmere_Swift lost connection: Disconnected
[00:03:53] [Server thread/INFO]: Shadowmere_Swift left the game
[10:47:11] [User Authenticator #4/INFO]: UUID of player Shadowmere_Swift is ff3bff8b-0d11-422f-a6f6-2e2b8da24bfb
[10:47:11] [Server thread/INFO]: Shadowmere_Swift joined the game
[10:47:11] [Server thread/INFO]: Shadowmere_Swift[/81.220.197.61:63878] logged in with entity id 27653 at ([world]386.25907684819487, 104.0, 850.1342120126885)
[11:34:35] [Server thread/INFO]: Shadowmere_Swift lost connection: Disconnected
[11:34:35] [Server thread/INFO]: Shadowmere_Swift left the game
[15:59:44] [User Authenticator #5/INFO]: UUID of player Shadowmere_Swift is ff3bff8b-0d11-422f-a6f6-2e2b8da24bfb
[15:59:44] [Server thread/INFO]: Shadowmere_Swift joined the game
[15:59:44] [Server thread/INFO]: Shadowmere_Swift[/81.220.197.61:63786] logged in with entity id 35429 at ([world]401.0200987072438, 103.0, 843.0385621307005)
[16:03:14] [Server thread/INFO]: Shadowmere_Swift fell from a high place
[16:13:01] [Async Chat Thread - #0/INFO]: <Shadowmere_Swift> 79 103
[16:13:08] [Async Chat Thread - #0/INFO]: <Shadowmere_Swift> 24
[16:17:47] [Async Chat Thread - #1/INFO]: <Shadowmere_Swift> -54
[16:22:20] [Server thread/WARN]: Shadowmere_Swift moved wrongly!
[17:21:09] [Server thread/INFO]: Shadowmere_Swift fell from a high place
[17:21:39] [Server thread/INFO]: Shadowmere_Swift lost connection: Disconnected
[17:21:39] [Server thread/INFO]: Shadowmere_Swift left the game
[23:16:51] [User Authenticator #6/INFO]: UUID of player Shadowmere_Swift is ff3bff8b-0d11-422f-a6f6-2e2b8da24bfb
[23:16:51] [Server thread/INFO]: Shadowmere_Swift joined the game
[23:16:51] [Server thread/INFO]: Shadowmere_Swift[/81.220.197.61:63707] logged in with entity id 52115 at ([world]408.3780957421782, 79.0, 832.8836564070695)
[23:52:14] [Server thread/INFO]: Shadowmere_Swift fell from a high place
