[00:25:56] [User Authenticator #4/INFO]: UUID of player Shadowmere_Swift is ff3bff8b-0d11-422f-a6f6-2e2b8da24bfb
[00:25:56] [Server thread/INFO]: Shadowmere_Swift joined the game
[00:25:56] [Server thread/INFO]: Shadowmere_Swift[/81.220.197.61:64073] logged in with entity id 21150 at ([world]83.35342426968873, 73.0, 302.9278940495965)
[00:26:29] [Server thread/INFO]: Shadowmere_Swift issued server command: /gamemode spectator
[00:27:20] [Server thread/INFO]: Shadowmere_Swift issued server command: /gamemode survival
[00:27:23] [Server thread/INFO]: Shadowmere_Swift lost connection: Disconnected
[00:27:23] [Server thread/INFO]: Shadowmere_Swift left the game
[01:06:53] [User Authenticator #5/INFO]: UUID of player Shadowmere_Swift is ff3bff8b-0d11-422f-a6f6-2e2b8da24bfb
[01:06:53] [Server thread/INFO]: Shadowmere_Swift joined the game
[01:06:53] [Server thread/INFO]: Shadowmere_Swift[/81.220.197.61:63841] logged in with entity id 21360 at ([world]100.67284106820065, 72.0, 281.0108756311442)
[01:06:59] [Server thread/INFO]: Shadowmere_Swift lost connection: Disconnected
[01:06:59] [Server thread/INFO]: Shadowmere_Swift left the game
[01:09:37] [User Authenticator #6/INFO]: UUID of player Shadowmere_Swift is ff3bff8b-0d11-422f-a6f6-2e2b8da24bfb
[01:09:37] [Server thread/INFO]: Shadowmere_Swift joined the game
[01:09:37] [Server thread/INFO]: Shadowmere_Swift[/81.220.197.61:64359] logged in with entity id 21435 at ([world]102.45064348540227, 72.0, 290.7101340959685)
[01:21:25] [Server thread/INFO]: Shadowmere_Swift issued server command: /gamemode spectator
[01:21:36] [Server thread/INFO]: Shadowmere_Swift issued server command: /gamemode survival
[01:22:08] [Server thread/INFO]: Shadowmere_Swift has made the advancement [Eye Spy]
[01:42:56] [Server thread/WARN]: Horse (vehicle of Shadowmere_Swift) moved wrongly! 0.274135658402173
[01:43:46] [Server thread/WARN]: Horse (vehicle of Shadowmere_Swift) moved wrongly! 0.28960229095378054
[01:43:52] [Server thread/WARN]: Horse (vehicle of Shadowmere_Swift) moved wrongly! 0.28360199925201357
[01:43:58] [Server thread/WARN]: Horse (vehicle of Shadowmere_Swift) moved wrongly! 0.25694432987808113
[01:44:40] [Server thread/WARN]: Horse (vehicle of Shadowmere_Swift) moved wrongly! 0.31629695092186694
[01:44:40] [Server thread/WARN]: Horse (vehicle of Shadowmere_Swift) moved wrongly! 0.5645479713260784
[01:44:40] [Server thread/WARN]: Horse (vehicle of Shadowmere_Swift) moved wrongly! 0.5827562001009596
[01:44:40] [Server thread/WARN]: Horse (vehicle of Shadowmere_Swift) moved wrongly! 0.5924990602854905
[01:44:40] [Server thread/WARN]: Horse (vehicle of Shadowmere_Swift) moved wrongly! 0.5974447568291907
[01:44:40] [Server thread/WARN]: Horse (vehicle of Shadowmere_Swift) moved wrongly! 0.5995403295816573
[01:44:40] [Server thread/WARN]: Horse (vehicle of Shadowmere_Swift) moved wrongly! 0.6001132427515472
[01:44:40] [Server thread/WARN]: Horse (vehicle of Shadowmere_Swift) moved wrongly! 0.5998534979946726
[01:44:40] [Server thread/WARN]: Horse (vehicle of Shadowmere_Swift) moved wrongly! 0.5979796644369344
[01:44:40] [Server thread/WARN]: Horse (vehicle of Shadowmere_Swift) moved wrongly! 0.5954860267464142
[01:44:40] [Server thread/WARN]: Horse (vehicle of Shadowmere_Swift) moved wrongly! 0.5900381633053371
[01:44:40] [Server thread/WARN]: Horse (vehicle of Shadowmere_Swift) moved wrongly! 0.5696392832810488
[01:44:40] [Server thread/WARN]: Horse (vehicle of Shadowmere_Swift) moved wrongly! 0.5333975758856582
[01:44:40] [Server thread/WARN]: Horse (vehicle of Shadowmere_Swift) moved wrongly! 0.4919692367121229
[01:44:40] [Server thread/WARN]: Horse (vehicle of Shadowmere_Swift) moved wrongly! 0.4663669895098792
[01:44:40] [Server thread/WARN]: Horse (vehicle of Shadowmere_Swift) moved wrongly! 0.4526677374856831
[01:44:40] [Server thread/WARN]: Horse (vehicle of Shadowmere_Swift) moved wrongly! 0.4453375408611464
[01:44:40] [Server thread/WARN]: Horse (vehicle of Shadowmere_Swift) moved wrongly! 0.44141529879573227
[01:44:40] [Server thread/WARN]: Horse (vehicle of Shadowmere_Swift) moved wrongly! 0.43931658526759065
[01:44:40] [Server thread/WARN]: Horse (vehicle of Shadowmere_Swift) moved wrongly! 0.4410664145534611
[01:44:41] [Server thread/WARN]: Horse (vehicle of Shadowmere_Swift) moved wrongly! 0.4448190753472545
[02:15:38] [Server thread/WARN]: Horse (vehicle of Shadowmere_Swift) moved wrongly! 0.26283981541294565
[02:15:44] [Server thread/WARN]: Horse (vehicle of Shadowmere_Swift) moved wrongly! 0.27577399331300967
[02:15:44] [Server thread/WARN]: Horse (vehicle of Shadowmere_Swift) moved wrongly! 0.2734242566195064
[02:17:57] [Server thread/WARN]: Horse (vehicle of Shadowmere_Swift) moved wrongly! 0.2906342400837616
[02:55:38] [Server thread/WARN]: Horse (vehicle of Shadowmere_Swift) moved wrongly! 0.25437903585668664
[02:55:43] [Server thread/WARN]: Horse (vehicle of Shadowmere_Swift) moved wrongly! 0.28078188311613417
[02:55:43] [Server thread/WARN]: Horse (vehicle of Shadowmere_Swift) moved wrongly! 0.27602571091995287
[02:55:44] [Server thread/WARN]: Horse (vehicle of Shadowmere_Swift) moved wrongly! 0.2662016574636681
[02:55:49] [Server thread/WARN]: Horse (vehicle of Shadowmere_Swift) moved wrongly! 0.29440646369182844
[03:19:31] [Server thread/WARN]: Horse (vehicle of Shadowmere_Swift) moved wrongly! 0.2684165109528749
[03:19:35] [Server thread/WARN]: Horse (vehicle of Shadowmere_Swift) moved wrongly! 0.26507475561402316
[03:19:36] [Server thread/WARN]: Horse (vehicle of Shadowmere_Swift) moved wrongly! 0.2560296205222272
[03:19:40] [Server thread/WARN]: Horse (vehicle of Shadowmere_Swift) moved wrongly! 0.3360796171099878
[03:39:17] [Server thread/WARN]: Horse (vehicle of Shadowmere_Swift) moved wrongly! 0.2575935941838168
[03:39:22] [Server thread/WARN]: Horse (vehicle of Shadowmere_Swift) moved wrongly! 0.3859930913086629
[03:39:23] [Server thread/WARN]: Horse (vehicle of Shadowmere_Swift) moved wrongly! 0.2505344432218237
[04:14:54] [Server thread/INFO]: Shadowmere_Swift lost connection: Disconnected
[04:14:54] [Server thread/INFO]: Shadowmere_Swift left the game
[05:04:07] [Server thread/INFO]: Stopping the server
[05:04:07] [Server thread/INFO]: Stopping server
[05:04:07] [Server thread/INFO]: Saving players
[05:04:07] [Server thread/INFO]: Saving worlds
[05:04:07] [Server thread/INFO]: Saving chunks for level 'ServerLevel[world]'/minecraft:overworld
[05:04:07] [Server thread/INFO]: Saving chunks for level 'ServerLevel[world_nether]'/minecraft:the_nether
[05:04:07] [Server thread/INFO]: Saving chunks for level 'ServerLevel[world_the_end]'/minecraft:the_end
[05:04:07] [Server thread/INFO]: ThreadedAnvilChunkStorage (world): All chunks are saved
[05:04:07] [Server thread/INFO]: ThreadedAnvilChunkStorage (DIM-1): All chunks are saved
[05:04:07] [Server thread/INFO]: ThreadedAnvilChunkStorage (DIM1): All chunks are saved
[05:04:07] [Server thread/INFO]: ThreadedAnvilChunkStorage: All dimensions are saved
[05:04:07] [Server thread/INFO]: Flushing Chunk IO
[05:04:07] [Server thread/INFO]: Closing Thread Pool
[05:04:07] [Server thread/INFO]: Closing Server
