[14:09:43] [User Authenticator #1/INFO]: UUID of player Shadowmere_Swift is ff3bff8b-0d11-422f-a6f6-2e2b8da24bfb
[14:09:44] [Server thread/INFO]: Shadowmere_Swift joined the game
[14:09:44] [Server thread/INFO]: Shadowmere_Swift[/81.220.197.61:64135] logged in with entity id 5715 at ([world]417.19833162858737, 105.0, 836.4936276599344)
[14:12:50] [Server thread/INFO]: Shadowmere_Swift lost connection: Disconnected
[14:12:50] [Server thread/INFO]: Shadowmere_Swift left the game
[14:28:40] [User Authenticator #2/INFO]: UUID of player Shadowmere_Swift is ff3bff8b-0d11-422f-a6f6-2e2b8da24bfb
[14:28:40] [Server thread/INFO]: Shadowmere_Swift joined the game
[14:28:40] [Server thread/INFO]: Shadowmere_Swift[/81.220.197.61:65503] logged in with entity id 7031 at ([world]51.77479778138006, 73.0, 328.4153265506694)
[15:36:59] [Server thread/INFO]: Shadowmere_Swift issued server command: /gamemode creative
[15:37:05] [Server thread/INFO]: Shadowmere_Swift issued server command: /gamemode sp
[15:37:07] [Server thread/INFO]: Shadowmere_Swift issued server command: /gamemode spectator
[15:42:43] [Server thread/INFO]: Shadowmere_Swift issued server command: /gamemode survival
[16:37:51] [Server thread/INFO]: Shadowmere_Swift lost connection: Disconnected
[16:37:51] [Server thread/INFO]: Shadowmere_Swift left the game
[19:47:30] [User Authenticator #3/INFO]: UUID of player Shadowmere_Swift is ff3bff8b-0d11-422f-a6f6-2e2b8da24bfb
[19:47:31] [Server thread/INFO]: Shadowmere_Swift joined the game
[19:47:31] [Server thread/INFO]: Shadowmere_Swift[/81.220.197.61:65251] logged in with entity id 64798 at ([world]391.2316471875983, 79.875, 840.2252758931388)
[19:48:39] [Server thread/INFO]: Shadowmere_Swift issued server command: /gamerule doDaylightCycle true
[19:48:55] [Server thread/INFO]: Shadowmere_Swift lost connection: Disconnected
[19:48:55] [Server thread/INFO]: Shadowmere_Swift left the game
[20:43:30] [User Authenticator #4/INFO]: UUID of player Shadowmere_Swift is ff3bff8b-0d11-422f-a6f6-2e2b8da24bfb
[20:43:30] [Server thread/INFO]: Shadowmere_Swift joined the game
[20:43:30] [Server thread/INFO]: Shadowmere_Swift[/81.220.197.61:63902] logged in with entity id 65194 at ([world]387.74150190118814, 79.875, 840.304909606542)
[20:57:29] [Server thread/INFO]: Shadowmere_Swift lost connection: Disconnected
[20:57:29] [Server thread/INFO]: Shadowmere_Swift left the game
[23:05:32] [User Authenticator #5/INFO]: UUID of player Shadowmere_Swift is ff3bff8b-0d11-422f-a6f6-2e2b8da24bfb
[23:05:32] [Server thread/INFO]: Shadowmere_Swift joined the game
[23:05:32] [Server thread/INFO]: Shadowmere_Swift[/81.220.197.61:64535] logged in with entity id 68529 at ([world]-210.5195361021967, 160.0, 269.53767475317346)
[23:05:42] [Server thread/INFO]: Shadowmere_Swift fell from a high place
[23:06:23] [Server thread/INFO]: Shadowmere_Swift lost connection: Disconnected
[23:06:23] [Server thread/INFO]: Shadowmere_Swift left the game
[23:06:39] [User Authenticator #6/INFO]: UUID of player Shadowmere_Swift is ff3bff8b-0d11-422f-a6f6-2e2b8da24bfb
[23:06:39] [Server thread/INFO]: Shadowmere_Swift joined the game
[23:06:39] [Server thread/INFO]: Shadowmere_Swift[/81.220.197.61:65275] logged in with entity id 69071 at ([world]51.442127458133136, 73.0, 325.16168757833157)
[23:20:48] [Server thread/INFO]: Shadowmere_Swift lost connection: Disconnected
[23:20:48] [Server thread/INFO]: Shadowmere_Swift left the game
[23:22:16] [User Authenticator #7/INFO]: UUID of player Shadowmere_Swift is ff3bff8b-0d11-422f-a6f6-2e2b8da24bfb
[23:22:16] [Server thread/INFO]: Shadowmere_Swift joined the game
[23:22:16] [Server thread/INFO]: Shadowmere_Swift[/81.220.197.61:64227] logged in with entity id 73377 at ([world]386.8734131264756, 79.875, 827.6916784048608)
[23:41:51] [Server thread/INFO]: Shadowmere_Swift fell from a high place
[23:42:56] [Server thread/INFO]: Shadowmere_Swift issued server command: /gamemode spectator
[23:43:23] [Server thread/INFO]: Shadowmere_Swift issued server command: /gamemode survival
[23:46:36] [Server thread/INFO]: Shadowmere_Swift lost connection: Disconnected
[23:46:36] [Server thread/INFO]: Shadowmere_Swift left the game
[23:49:28] [User Authenticator #8/INFO]: UUID of player Shadowmere_Swift is ff3bff8b-0d11-422f-a6f6-2e2b8da24bfb
[23:49:28] [Server thread/INFO]: Shadowmere_Swift joined the game
[23:49:28] [Server thread/INFO]: Shadowmere_Swift[/81.220.197.61:65339] logged in with entity id 77503 at ([world]389.63002775479276, 80.0, 842.6344539381787)
