[00:05:57] [User Authenticator #5/INFO]: UUID of player Helios_49 is e6e69f28-5b9c-458c-bcaf-b8091aba0a12
[00:05:57] [Server thread/INFO]: Helios_49 lost connection: You logged in from another location
[00:05:57] [Server thread/INFO]: Helios_49 left the game
[00:05:57] [Server thread/INFO]: Helios_49 joined the game
[00:05:57] [Server thread/INFO]: Helios_49[/90.49.197.114:54681] logged in with entity id 16284 at ([world]80.59966467509946, 71.0, 299.75224273750626)
[00:06:19] [Async Chat Thread - #0/INFO]: <Shadowmere_Swift> blague de merde il a dit
[00:06:26] [Async Chat Thread - #0/INFO]: <Helios_49> yo
[00:10:09] [Async Chat Thread - #1/INFO]: <Shadowmere_Swift> dodo ?
[00:15:16] [Server thread/INFO]: Shadowmere_Swift has made the advancement [Acquire Hardware]
[00:16:02] [Server thread/INFO]: Helios_49 has made the advancement [Not Today, Thank You]
[00:21:01] [Server thread/INFO]: Helios_49 has made the advancement [Diamonds!]
[00:24:08] [Server thread/INFO]: Arcabat has made the advancement [Not Today, Thank You]
[00:30:14] [Server thread/INFO]: Helios_49 fell from a high place
[00:34:42] [Server thread/INFO]: Arcabat has made the advancement [Diamonds!]
[00:44:15] [Async Chat Thread - #2/INFO]: <Shadowmere_Swift> 87 335
[00:44:28] [Server thread/INFO]: Helios_49 was slain by Drowned
[00:45:30] [Server thread/WARN]: Helios_49 moved too quickly! 0.9962057960416644,-2.999162738054615,9.498882848395738
[00:57:38] [Server thread/INFO]: Shadowmere_Swift has made the advancement [A Seedy Place]
[01:00:48] [Server thread/INFO]: Arcabat has made the advancement [Best Friends Forever]
[01:03:30] [Server thread/INFO]: Shadowmere_Swift has made the advancement [The Parrots and the Bats]
[01:06:05] [Async Chat Thread - #3/INFO]: <Shadowmere_Swift> j'en ai deja assez tkt
[01:06:14] [Async Chat Thread - #3/INFO]: <Shadowmere_Swift> deja
[01:10:52] [Async Chat Thread - #4/INFO]: <Shadowmere_Swift> xD
[01:11:41] [Async Chat Thread - #4/INFO]: <Shadowmere_Swift> est-il faché ?
[01:12:56] [Server thread/WARN]: Helios_49 moved too quickly! 10.89650986646005,1.0,-21.277590210629455
[01:13:14] [Async Chat Thread - #5/INFO]: <Shadowmere_Swift> un pepene
[01:15:31] [Async Chat Thread - #6/INFO]: <Shadowmere_Swift> ok ok
[01:15:40] [Async Chat Thread - #6/INFO]: <Shadowmere_Swift> Good night
[01:16:01] [Async Chat Thread - #6/INFO]: <Helios_49> Yep merci bonne nuit à vous aussi !
[01:16:08] [Server thread/INFO]: Helios_49 lost connection: Disconnected
[01:16:08] [Server thread/INFO]: Helios_49 left the game
[01:16:27] [Async Chat Thread - #6/INFO]: <Shadowmere_Swift> du coup maintenant tu vas te faire chier
[01:20:44] [Async Chat Thread - #7/INFO]: <Shadowmere_Swift> une mineeeee
[01:21:10] [Server thread/INFO]: Arcabat has made the advancement [A Seedy Place]
[01:28:14] [Server thread/INFO]: Arcabat has made the advancement [Ice Bucket Challenge]
[01:33:41] [Async Chat Thread - #8/INFO]: <Shadowmere_Swift> ah merde
[01:33:53] [Server thread/INFO]: Arcabat has made the advancement [Who is Cutting Onions?]
[01:33:53] [Async Chat Thread - #8/INFO]: <Shadowmere_Swift> je devais être au dessus et pas en dessous comme je pensais
[01:34:05] [Async Chat Thread - #8/INFO]: <Shadowmere_Swift> bah je suis stupidos
[01:37:22] [Async Chat Thread - #9/INFO]: <Shadowmere_Swift> mdr
[01:37:30] [Async Chat Thread - #9/INFO]: <Shadowmere_Swift> j'ai même pas encore trouvé de fer*
[01:37:40] [Async Chat Thread - #9/INFO]: <Shadowmere_Swift> aucun problème
[01:37:58] [Async Chat Thread - #9/INFO]: <Shadowmere_Swift> j'étais assez attché à une prgression commune sur l'autre mais là balek
[01:38:08] [Server thread/INFO]: Arcabat has made the advancement [Enchanter]
[01:41:04] [Async Chat Thread - #10/INFO]: <Shadowmere_Swift> quoi ? ;)
[01:41:42] [Server thread/INFO]: Arcabat has made the advancement [Fishy Business]
[01:43:06] [Async Chat Thread - #11/INFO]: <Shadowmere_Swift> sa vieille tour de cobble me crispe
[01:43:19] [Async Chat Thread - #11/INFO]: <Shadowmere_Swift> trop chiant de monter en haut
[01:44:44] [Server thread/INFO]: Shadowmere_Swift has made the advancement [Suit Up]
[01:44:51] [Server thread/INFO]: Shadowmere_Swift has made the advancement [Isn't It Iron Pick]
[01:45:37] [Async Chat Thread - #12/INFO]: <Shadowmere_Swift> pourquoi j'ai un bloc d'or mdr
[01:47:41] [Async Chat Thread - #13/INFO]: <Shadowmere_Swift> nn tkt pas la peine de te la petter
[01:49:38] [Server thread/INFO]: Arcabat lost connection: Disconnected
[01:49:38] [Server thread/INFO]: Arcabat left the game
[01:54:26] [User Authenticator #6/INFO]: UUID of player Arcabat is 3e887fe0-c5a9-45b6-9b30-aa8352bb5e3a
[01:54:26] [Server thread/INFO]: Arcabat joined the game
[01:54:26] [Server thread/INFO]: Arcabat[/46.193.65.177:51782] logged in with entity id 55814 at ([world]82.93431703790063, 74.0, 288.5197284297922)
[01:54:27] [Async Chat Thread - #14/INFO]: <Shadowmere_Swift> dak
[01:55:41] [Async Chat Thread - #15/INFO]: <Shadowmere_Swift> et je suis incapable d'avoir envie de m'arrêter
[01:55:51] [Async Chat Thread - #15/INFO]: <Shadowmere_Swift> minecraft, drogue dur
[01:59:12] [Server thread/INFO]: Shadowmere_Swift has made the advancement [Enchanter]
[02:04:54] [Async Chat Thread - #16/INFO]: <Shadowmere_Swift> cool qu'elle ait envie
[02:06:21] [Async Chat Thread - #17/INFO]: <Shadowmere_Swift> ok, je finis mon trou et pareil
[02:16:17] [Server thread/INFO]: Arcabat lost connection: Disconnected
[02:16:17] [Server thread/INFO]: Arcabat left the game
[02:16:17] [Async Chat Thread - #18/INFO]: <Shadowmere_Swift> tu as rien eu ?
[02:53:43] [Server thread/INFO]: Shadowmere_Swift lost connection: Disconnected
[02:53:43] [Server thread/INFO]: Shadowmere_Swift left the game
[05:03:58] [Server thread/INFO]: Stopping the server
[05:03:58] [Server thread/INFO]: Stopping server
[05:03:58] [Server thread/INFO]: Saving players
[05:03:59] [Server thread/INFO]: Saving worlds
[05:03:59] [Server thread/INFO]: Saving chunks for level 'ServerLevel[world]'/minecraft:overworld
[05:03:59] [Server thread/INFO]: Saving chunks for level 'ServerLevel[world_nether]'/minecraft:the_nether
[05:03:59] [Server thread/INFO]: Saving chunks for level 'ServerLevel[world_the_end]'/minecraft:the_end
[05:03:59] [Server thread/INFO]: ThreadedAnvilChunkStorage (world): All chunks are saved
[05:03:59] [Server thread/INFO]: ThreadedAnvilChunkStorage (DIM-1): All chunks are saved
[05:03:59] [Server thread/INFO]: ThreadedAnvilChunkStorage (DIM1): All chunks are saved
[05:03:59] [Server thread/INFO]: ThreadedAnvilChunkStorage: All dimensions are saved
[05:03:59] [Server thread/INFO]: Flushing Chunk IO
[05:03:59] [Server thread/INFO]: Closing Thread Pool
[05:03:59] [Server thread/INFO]: Closing Server
