[05:14:40] [ServerMain/INFO]: Environment: authHost='https://authserver.mojang.com', accountsHost='https://api.mojang.com', sessionHost='https://sessionserver.mojang.com', servicesHost='https://api.minecraftservices.com', name='PROD'
[05:14:41] [ServerMain/INFO]: Reloading ResourceManager: Default, bukkit
[05:14:43] [Worker-Main-1/INFO]: Loaded 7 recipes
[05:14:47] [Server thread/INFO]: Starting minecraft server version 1.18.1
[05:14:48] [Server thread/INFO]: Loading properties
[05:14:48] [Server thread/INFO]: This server is running Paper version git-Paper-126 (MC: 1.18.1) (Implementing API version 1.18.1-R0.1-SNAPSHOT) (Git: d3f3429)
[05:14:48] [Server thread/INFO]: Server Ping Player Sample Count: 12
[05:14:48] [Server thread/INFO]: Using 4 threads for Netty based IO
[05:14:48] [Server thread/INFO]: Default game type: SURVIVAL
[05:14:48] [Server thread/INFO]: Generating keypair
[05:14:49] [Server thread/INFO]: Starting Minecraft server on 0.0.0.0:25608
[05:14:49] [Server thread/INFO]: Using epoll channel type
[05:14:49] [Server thread/INFO]: Paper: Using libdeflate (Linux x86_64) compression from Velocity.
[05:14:49] [Server thread/INFO]: Paper: Using OpenSSL 1.1.x (Linux x86_64) cipher from Velocity.
[05:14:49] [Server thread/INFO]: Server permissions file permissions.yml is empty, ignoring it
[05:14:49] [Server thread/INFO]: Preparing level "world"
[05:14:53] [Server thread/INFO]: Preparing start region for dimension minecraft:overworld
[05:14:55] [Server thread/INFO]: Preparing spawn area: 0%
[05:14:55] [Server thread/INFO]: Preparing spawn area: 0%
[05:14:55] [Server thread/INFO]: Preparing spawn area: 0%
[05:14:55] [Server thread/INFO]: Preparing spawn area: 0%
[05:14:55] [Server thread/INFO]: Preparing spawn area: 0%
[05:14:56] [Server thread/INFO]: Preparing spawn area: 0%
[05:14:56] [Server thread/INFO]: Preparing spawn area: 0%
[05:14:57] [Server thread/INFO]: Preparing spawn area: 0%
[05:14:57] [Server thread/INFO]: Preparing spawn area: 0%
[05:14:58] [Server thread/INFO]: Preparing spawn area: 0%
[05:14:58] [Server thread/INFO]: Preparing spawn area: 0%
[05:14:59] [Server thread/INFO]: Preparing spawn area: 0%
[05:14:59] [Server thread/INFO]: Preparing spawn area: 0%
[05:15:00] [Server thread/INFO]: Preparing spawn area: 0%
[05:15:00] [Server thread/INFO]: Preparing spawn area: 0%
[05:15:01] [Server thread/INFO]: Preparing spawn area: 0%
[05:15:01] [Server thread/INFO]: Preparing spawn area: 2%
[05:15:02] [Server thread/INFO]: Preparing spawn area: 2%
[05:15:02] [Server thread/INFO]: Time elapsed: 8917 ms
[05:15:02] [Server thread/INFO]: Preparing start region for dimension minecraft:the_nether
[05:15:03] [Server thread/INFO]: Preparing spawn area: 0%
[05:15:03] [Server thread/INFO]: Preparing spawn area: 0%
[05:15:03] [Server thread/INFO]: Preparing spawn area: 0%
[05:15:04] [Server thread/INFO]: Preparing spawn area: 0%
[05:15:04] [Server thread/INFO]: Preparing spawn area: 0%
[05:15:05] [Server thread/INFO]: Preparing spawn area: 0%
[05:15:05] [Server thread/INFO]: Preparing spawn area: 0%
[05:15:06] [Server thread/INFO]: Preparing spawn area: 0%
[05:15:06] [Server thread/INFO]: Preparing spawn area: 0%
[05:15:07] [Server thread/INFO]: Preparing spawn area: 0%
[05:15:07] [Server thread/INFO]: Preparing spawn area: 0%
[05:15:10] [Server thread/INFO]: Preparing spawn area: 0%
[05:15:10] [Server thread/INFO]: Preparing spawn area: 0%
[05:15:10] [Server thread/INFO]: Preparing spawn area: 0%
[05:15:10] [Server thread/INFO]: Preparing spawn area: 0%
[05:15:10] [Server thread/INFO]: Preparing spawn area: 0%
[05:15:10] [Server thread/INFO]: Preparing spawn area: 0%
[05:15:11] [Server thread/INFO]: Preparing spawn area: 0%
[05:15:12] [Server thread/INFO]: Preparing spawn area: 0%
[05:15:12] [Server thread/INFO]: Preparing spawn area: 0%
[05:15:12] [Server thread/INFO]: Preparing spawn area: 0%
[05:15:13] [Server thread/INFO]: Preparing spawn area: 0%
[05:15:13] [Server thread/INFO]: Preparing spawn area: 0%
[05:15:14] [Server thread/INFO]: Preparing spawn area: 0%
[05:15:14] [Server thread/INFO]: Preparing spawn area: 0%
[05:15:15] [Server thread/INFO]: Preparing spawn area: 0%
[05:15:15] [Server thread/INFO]: Preparing spawn area: 0%
[05:15:15] [Server thread/INFO]: Time elapsed: 13232 ms
[05:15:15] [Server thread/INFO]: Preparing start region for dimension minecraft:the_end
[05:15:16] [Server thread/INFO]: Preparing spawn area: 0%
[05:15:16] [Server thread/INFO]: Preparing spawn area: 0%
[05:15:16] [Server thread/INFO]: Preparing spawn area: 0%
[05:15:17] [Server thread/INFO]: Preparing spawn area: 0%
[05:15:17] [Server thread/INFO]: Preparing spawn area: 0%
[05:15:18] [Server thread/INFO]: Preparing spawn area: 0%
[05:15:18] [Server thread/INFO]: Preparing spawn area: 0%
[05:15:19] [Server thread/INFO]: Preparing spawn area: 0%
[05:15:20] [Server thread/INFO]: Preparing spawn area: 0%
[05:15:20] [Server thread/INFO]: Preparing spawn area: 0%
[05:15:20] [Server thread/INFO]: Preparing spawn area: 0%
[05:15:21] [Server thread/INFO]: Preparing spawn area: 0%
[05:15:21] [Server thread/INFO]: Time elapsed: 5907 ms
[05:15:21] [Server thread/INFO]: Starting GS4 status listener
[05:15:22] [Server thread/INFO]: Thread Query Listener started
[05:15:22] [Query Listener #1/INFO]: Query running on 0.0.0.0:25608
[05:15:22] [Server thread/INFO]: Running delayed init tasks
[05:15:22] [Server thread/INFO]: Done (34.325s)! For help, type "help"
[05:15:22] [Server thread/INFO]: Timings Reset
[05:15:28] [Server thread/WARN]: Can't keep up! Is the server overloaded? Running 5511ms or 110 ticks behind
[05:16:03] [Server thread/WARN]: Can't keep up! Is the server overloaded? Running 5628ms or 112 ticks behind
[05:20:38] [Server thread/WARN]: Can't keep up! Is the server overloaded? Running 5156ms or 103 ticks behind
