[05:09:05] [ServerMain/INFO]: Environment: authHost='https://authserver.mojang.com', accountsHost='https://api.mojang.com', sessionHost='https://sessionserver.mojang.com', servicesHost='https://api.minecraftservices.com', name='PROD'
[05:09:06] [ServerMain/INFO]: Reloading ResourceManager: Default, bukkit
[05:09:08] [Worker-Main-1/INFO]: Loaded 7 recipes
[05:09:13] [Server thread/INFO]: Starting minecraft server version 1.18.1
[05:09:13] [Server thread/INFO]: Loading properties
[05:09:14] [Server thread/INFO]: This server is running Paper version git-Paper-126 (MC: 1.18.1) (Implementing API version 1.18.1-R0.1-SNAPSHOT) (Git: d3f3429)
[05:09:14] [Server thread/INFO]: Server Ping Player Sample Count: 12
[05:09:14] [Server thread/INFO]: Using 4 threads for Netty based IO
[05:09:15] [Server thread/INFO]: Default game type: SURVIVAL
[05:09:15] [Server thread/INFO]: Generating keypair
[05:09:15] [Server thread/INFO]: Starting Minecraft server on 0.0.0.0:25608
[05:09:15] [Server thread/INFO]: Using epoll channel type
[05:09:15] [Server thread/INFO]: Paper: Using libdeflate (Linux x86_64) compression from Velocity.
[05:09:15] [Server thread/INFO]: Paper: Using OpenSSL 1.1.x (Linux x86_64) cipher from Velocity.
[05:09:16] [Server thread/INFO]: Server permissions file permissions.yml is empty, ignoring it
[05:09:16] [Server thread/INFO]: Preparing level "world"
[05:09:20] [Server thread/INFO]: Preparing start region for dimension minecraft:overworld
[05:09:23] [Server thread/INFO]: Preparing spawn area: 0%
[05:09:23] [Server thread/INFO]: Preparing spawn area: 0%
[05:09:23] [Server thread/INFO]: Preparing spawn area: 0%
[05:09:23] [Server thread/INFO]: Preparing spawn area: 0%
[05:09:23] [Server thread/INFO]: Preparing spawn area: 0%
[05:09:23] [Server thread/INFO]: Preparing spawn area: 0%
[05:09:23] [Server thread/INFO]: Preparing spawn area: 0%
[05:09:23] [Server thread/INFO]: Preparing spawn area: 0%
[05:09:24] [Server thread/INFO]: Preparing spawn area: 0%
[05:09:24] [Server thread/INFO]: Preparing spawn area: 0%
[05:09:25] [Server thread/INFO]: Preparing spawn area: 0%
[05:09:25] [Server thread/INFO]: Preparing spawn area: 0%
[05:09:26] [Server thread/INFO]: Preparing spawn area: 0%
[05:09:26] [Server thread/INFO]: Preparing spawn area: 0%
[05:09:27] [Server thread/INFO]: Preparing spawn area: 0%
[05:09:27] [Server thread/INFO]: Preparing spawn area: 0%
[05:09:28] [Server thread/INFO]: Preparing spawn area: 0%
[05:09:28] [Server thread/INFO]: Preparing spawn area: 0%
[05:09:29] [Server thread/INFO]: Preparing spawn area: 0%
[05:09:29] [Server thread/INFO]: Preparing spawn area: 0%
[05:09:30] [Server thread/INFO]: Preparing spawn area: 0%
[05:09:30] [Server thread/INFO]: Preparing spawn area: 0%
[05:09:31] [Server thread/INFO]: Preparing spawn area: 0%
[05:09:32] [Server thread/INFO]: Preparing spawn area: 1%
[05:09:32] [Server thread/INFO]: Preparing spawn area: 1%
[05:09:32] [Server thread/INFO]: Time elapsed: 12274 ms
[05:09:32] [Server thread/INFO]: Preparing start region for dimension minecraft:the_nether
[05:09:33] [Server thread/INFO]: Preparing spawn area: 0%
[05:09:33] [Server thread/INFO]: Preparing spawn area: 0%
[05:09:33] [Server thread/INFO]: Preparing spawn area: 0%
[05:09:34] [Server thread/INFO]: Preparing spawn area: 0%
[05:09:34] [Server thread/INFO]: Preparing spawn area: 0%
[05:09:35] [Server thread/INFO]: Preparing spawn area: 0%
[05:09:35] [Server thread/INFO]: Preparing spawn area: 0%
[05:09:36] [Server thread/INFO]: Preparing spawn area: 0%
[05:09:36] [Server thread/INFO]: Preparing spawn area: 0%
[05:09:38] [Server thread/INFO]: Preparing spawn area: 0%
[05:09:38] [Server thread/INFO]: Preparing spawn area: 0%
[05:09:38] [Server thread/INFO]: Preparing spawn area: 0%
[05:09:38] [Server thread/INFO]: Preparing spawn area: 0%
[05:09:39] [Server thread/INFO]: Preparing spawn area: 0%
[05:09:39] [Server thread/INFO]: Preparing spawn area: 0%
[05:09:40] [Server thread/INFO]: Preparing spawn area: 0%
[05:09:40] [Server thread/INFO]: Preparing spawn area: 0%
[05:09:41] [Server thread/INFO]: Preparing spawn area: 0%
[05:09:41] [Server thread/INFO]: Time elapsed: 8897 ms
[05:09:41] [Server thread/INFO]: Preparing start region for dimension minecraft:the_end
[05:09:42] [Server thread/INFO]: Preparing spawn area: 0%
[05:09:42] [Server thread/INFO]: Preparing spawn area: 0%
[05:09:42] [Server thread/INFO]: Preparing spawn area: 0%
[05:09:43] [Server thread/INFO]: Preparing spawn area: 0%
[05:09:43] [Server thread/INFO]: Preparing spawn area: 0%
[05:09:44] [Server thread/INFO]: Preparing spawn area: 0%
[05:09:44] [Server thread/INFO]: Preparing spawn area: 0%
[05:09:45] [Server thread/INFO]: Preparing spawn area: 0%
[05:09:45] [Server thread/INFO]: Preparing spawn area: 1%
[05:09:45] [Server thread/INFO]: Time elapsed: 4074 ms
[05:09:45] [Server thread/INFO]: Starting GS4 status listener
[05:09:45] [Server thread/INFO]: Thread Query Listener started
[05:09:45] [Query Listener #1/INFO]: Query running on 0.0.0.0:25608
[05:09:45] [Server thread/INFO]: Running delayed init tasks
[05:09:45] [Server thread/INFO]: Done (32.420s)! For help, type "help"
[05:09:45] [Server thread/INFO]: Timings Reset
