[13:52:46] [ServerMain/INFO]: Environment: authHost='https://authserver.mojang.com', accountsHost='https://api.mojang.com', sessionHost='https://sessionserver.mojang.com', servicesHost='https://api.minecraftservices.com', name='PROD'
[13:52:46] [ServerMain/INFO]: Reloading ResourceManager: Default, bukkit
[13:52:47] [Worker-Main-1/INFO]: Loaded 7 recipes
[13:52:48] [Server thread/INFO]: Starting minecraft server version 1.18.1
[13:52:48] [Server thread/INFO]: Loading properties
[13:52:48] [Server thread/INFO]: This server is running Paper version git-Paper-126 (MC: 1.18.1) (Implementing API version 1.18.1-R0.1-SNAPSHOT) (Git: d3f3429)
[13:52:48] [Server thread/INFO]: Server Ping Player Sample Count: 12
[13:52:48] [Server thread/INFO]: Using 4 threads for Netty based IO
[13:52:48] [Server thread/INFO]: Default game type: SURVIVAL
[13:52:48] [Server thread/INFO]: Generating keypair
[13:52:49] [Server thread/INFO]: Starting Minecraft server on 0.0.0.0:25608
[13:52:49] [Server thread/INFO]: Using epoll channel type
[13:52:49] [Server thread/INFO]: Paper: Using libdeflate (Linux x86_64) compression from Velocity.
[13:52:49] [Server thread/INFO]: Paper: Using OpenSSL 1.1.x (Linux x86_64) cipher from Velocity.
[13:52:49] [Server thread/INFO]: Server permissions file permissions.yml is empty, ignoring it
[13:52:49] [Server thread/INFO]: Preparing level "world"
[13:52:50] [Server thread/INFO]: Preparing start region for dimension minecraft:overworld
[13:52:50] [Server thread/INFO]: Time elapsed: 234 ms
[13:52:50] [Server thread/INFO]: Preparing start region for dimension minecraft:the_nether
[13:52:50] [Server thread/INFO]: Time elapsed: 64 ms
[13:52:50] [Server thread/INFO]: Preparing start region for dimension minecraft:the_end
[13:52:50] [Server thread/INFO]: Time elapsed: 108 ms
[13:52:50] [Server thread/INFO]: Starting GS4 status listener
[13:52:50] [Server thread/INFO]: Thread Query Listener started
[13:52:50] [Query Listener #1/INFO]: Query running on 0.0.0.0:25608
[13:52:50] [Server thread/INFO]: Running delayed init tasks
[13:52:50] [Server thread/INFO]: Done (2.284s)! For help, type "help"
[13:52:50] [Server thread/INFO]: Timings Reset
