[05:13:03] [ServerMain/INFO]: Environment: authHost='https://authserver.mojang.com', accountsHost='https://api.mojang.com', sessionHost='https://sessionserver.mojang.com', servicesHost='https://api.minecraftservices.com', name='PROD'
[05:13:04] [ServerMain/INFO]: Reloading ResourceManager: Default, bukkit
[05:13:05] [Worker-Main-1/INFO]: Loaded 7 recipes
[05:13:08] [Server thread/INFO]: Starting minecraft server version 1.18.1
[05:13:08] [Server thread/INFO]: Loading properties
[05:13:08] [Server thread/INFO]: This server is running Paper version git-Paper-126 (MC: 1.18.1) (Implementing API version 1.18.1-R0.1-SNAPSHOT) (Git: d3f3429)
[05:13:08] [Server thread/INFO]: Server Ping Player Sample Count: 12
[05:13:08] [Server thread/INFO]: Using 4 threads for Netty based IO
[05:13:09] [Server thread/INFO]: Default game type: SURVIVAL
[05:13:09] [Server thread/INFO]: Generating keypair
[05:13:09] [Server thread/INFO]: Starting Minecraft server on 0.0.0.0:25608
[05:13:09] [Server thread/INFO]: Using epoll channel type
[05:13:09] [Server thread/INFO]: Paper: Using libdeflate (Linux x86_64) compression from Velocity.
[05:13:09] [Server thread/INFO]: Paper: Using OpenSSL 1.1.x (Linux x86_64) cipher from Velocity.
[05:13:10] [Server thread/INFO]: Server permissions file permissions.yml is empty, ignoring it
[05:13:10] [Server thread/INFO]: Preparing level "world"
[05:13:12] [Server thread/INFO]: Preparing start region for dimension minecraft:overworld
[05:13:14] [Server thread/INFO]: Preparing spawn area: 0%
[05:13:14] [Server thread/INFO]: Preparing spawn area: 0%
[05:13:14] [Server thread/INFO]: Preparing spawn area: 0%
[05:13:14] [Server thread/INFO]: Preparing spawn area: 0%
[05:13:14] [Server thread/INFO]: Preparing spawn area: 0%
[05:13:15] [Server thread/INFO]: Preparing spawn area: 0%
[05:13:15] [Server thread/INFO]: Preparing spawn area: 0%
[05:13:16] [Server thread/INFO]: Preparing spawn area: 0%
[05:13:16] [Server thread/INFO]: Preparing spawn area: 0%
[05:13:17] [Server thread/INFO]: Preparing spawn area: 0%
[05:13:17] [Server thread/INFO]: Preparing spawn area: 0%
[05:13:18] [Server thread/INFO]: Time elapsed: 5407 ms
[05:13:18] [Server thread/INFO]: Preparing start region for dimension minecraft:the_nether
[05:13:18] [Server thread/INFO]: Preparing spawn area: 0%
[05:13:18] [Server thread/INFO]: Preparing spawn area: 0%
[05:13:19] [Server thread/INFO]: Preparing spawn area: 0%
[05:13:19] [Server thread/INFO]: Preparing spawn area: 0%
[05:13:20] [Server thread/INFO]: Preparing spawn area: 0%
[05:13:20] [Server thread/INFO]: Time elapsed: 2115 ms
[05:13:20] [Server thread/INFO]: Preparing start region for dimension minecraft:the_end
[05:13:20] [Server thread/INFO]: Preparing spawn area: 0%
[05:13:20] [Server thread/INFO]: Preparing spawn area: 0%
[05:13:21] [Server thread/INFO]: Preparing spawn area: 0%
[05:13:21] [Server thread/INFO]: Preparing spawn area: 0%
[05:13:22] [Server thread/INFO]: Time elapsed: 1886 ms
[05:13:22] [Server thread/INFO]: Starting GS4 status listener
[05:13:22] [Server thread/INFO]: Thread Query Listener started
[05:13:22] [Query Listener #1/INFO]: Query running on 0.0.0.0:25608
[05:13:22] [Server thread/INFO]: Running delayed init tasks
[05:13:22] [Server thread/INFO]: Done (14.211s)! For help, type "help"
[05:13:22] [Server thread/INFO]: Timings Reset
[05:18:27] [Server thread/WARN]: Can't keep up! Is the server overloaded? Running 5137ms or 102 ticks behind
[16:25:48] [User Authenticator #1/INFO]: UUID of player Shadowmere_Swift is ff3bff8b-0d11-422f-a6f6-2e2b8da24bfb
[16:25:49] [Server thread/INFO]: Shadowmere_Swift joined the game
[16:25:49] [Server thread/INFO]: Shadowmere_Swift[/81.220.197.61:64723] logged in with entity id 1412 at ([world]389.5181625673469, 84.0, 852.4924580335894)
[17:09:42] [Server thread/INFO]: Shadowmere_Swift lost connection: Disconnected
[17:09:42] [Server thread/INFO]: Shadowmere_Swift left the game
