[05:11:50] [ServerMain/INFO]: Environment: authHost='https://authserver.mojang.com', accountsHost='https://api.mojang.com', sessionHost='https://sessionserver.mojang.com', servicesHost='https://api.minecraftservices.com', name='PROD'
[05:11:51] [ServerMain/INFO]: Reloading ResourceManager: Default, bukkit
[05:11:51] [Worker-Main-1/INFO]: Loaded 7 recipes
[05:11:53] [Server thread/INFO]: Starting minecraft server version 1.18.1
[05:11:53] [Server thread/INFO]: Loading properties
[05:11:53] [Server thread/INFO]: This server is running Paper version git-Paper-126 (MC: 1.18.1) (Implementing API version 1.18.1-R0.1-SNAPSHOT) (Git: d3f3429)
[05:11:53] [Server thread/INFO]: Server Ping Player Sample Count: 12
[05:11:53] [Server thread/INFO]: Using 4 threads for Netty based IO
[05:11:53] [Server thread/INFO]: Default game type: SURVIVAL
[05:11:53] [Server thread/INFO]: Generating keypair
[05:11:54] [Server thread/INFO]: Starting Minecraft server on 0.0.0.0:25608
[05:11:54] [Server thread/INFO]: Using epoll channel type
[05:11:54] [Server thread/INFO]: Paper: Using libdeflate (Linux x86_64) compression from Velocity.
[05:11:54] [Server thread/INFO]: Paper: Using OpenSSL 1.1.x (Linux x86_64) cipher from Velocity.
[05:11:54] [Server thread/INFO]: Server permissions file permissions.yml is empty, ignoring it
[05:11:54] [Server thread/INFO]: Preparing level "world"
[05:11:55] [Server thread/INFO]: Preparing start region for dimension minecraft:overworld
[05:11:56] [Server thread/INFO]: Preparing spawn area: 0%
[05:11:56] [Server thread/INFO]: Preparing spawn area: 0%
[05:11:56] [Server thread/INFO]: Preparing spawn area: 0%
[05:11:57] [Server thread/INFO]: Preparing spawn area: 0%
[05:11:57] [Server thread/INFO]: Preparing spawn area: 0%
[05:11:58] [Server thread/INFO]: Time elapsed: 2486 ms
[05:11:58] [Server thread/INFO]: Preparing start region for dimension minecraft:the_nether
[05:11:58] [Server thread/INFO]: Preparing spawn area: 0%
[05:11:58] [Server thread/INFO]: Preparing spawn area: 0%
[05:11:59] [Server thread/INFO]: Preparing spawn area: 0%
[05:11:59] [Server thread/INFO]: Time elapsed: 1351 ms
[05:11:59] [Server thread/INFO]: Preparing start region for dimension minecraft:the_end
[05:11:59] [Server thread/INFO]: Preparing spawn area: 0%
[05:12:00] [Server thread/INFO]: Preparing spawn area: 0%
[05:12:00] [Server thread/INFO]: Preparing spawn area: 0%
[05:12:01] [Server thread/INFO]: Preparing spawn area: 0%
[05:12:01] [Server thread/INFO]: Time elapsed: 1865 ms
[05:12:01] [Server thread/INFO]: Starting GS4 status listener
[05:12:01] [Server thread/INFO]: Thread Query Listener started
[05:12:01] [Query Listener #1/INFO]: Query running on 0.0.0.0:25608
[05:12:01] [Server thread/INFO]: Running delayed init tasks
[05:12:01] [Server thread/INFO]: Done (8.028s)! For help, type "help"
[05:12:01] [Server thread/INFO]: Timings Reset
[17:13:30] [User Authenticator #1/INFO]: UUID of player Shadowmere_Swift is ff3bff8b-0d11-422f-a6f6-2e2b8da24bfb
[17:13:30] [Server thread/INFO]: Shadowmere_Swift joined the game
[17:13:30] [Server thread/INFO]: Shadowmere_Swift[/81.220.197.61:64595] logged in with entity id 375 at ([world]389.3242345592216, 79.0, 828.2230243440308)
[17:14:19] [Server thread/INFO]: Shadowmere_Swift lost connection: Disconnected
[17:14:19] [Server thread/INFO]: Shadowmere_Swift left the game
[22:37:57] [User Authenticator #2/INFO]: UUID of player Shadowmere_Swift is ff3bff8b-0d11-422f-a6f6-2e2b8da24bfb
[22:37:57] [Server thread/INFO]: Shadowmere_Swift joined the game
[22:37:57] [Server thread/INFO]: Shadowmere_Swift[/81.220.197.61:63984] logged in with entity id 771 at ([world]389.74640332062484, 79.0, 839.5573870010651)
[22:58:48] [Server thread/INFO]: Shadowmere_Swift lost connection: Disconnected
[22:58:48] [Server thread/INFO]: Shadowmere_Swift left the game
[23:21:06] [User Authenticator #3/INFO]: UUID of player Shadowmere_Swift is ff3bff8b-0d11-422f-a6f6-2e2b8da24bfb
[23:21:07] [Server thread/INFO]: Shadowmere_Swift joined the game
[23:21:07] [Server thread/INFO]: Shadowmere_Swift[/81.220.197.61:64979] logged in with entity id 3967 at ([world]391.4687214490373, 79.0, 828.3587067223455)
