[05:12:19] [ServerMain/INFO]: Environment: authHost='https://authserver.mojang.com', accountsHost='https://api.mojang.com', sessionHost='https://sessionserver.mojang.com', servicesHost='https://api.minecraftservices.com', name='PROD'
[05:12:21] [ServerMain/INFO]: Reloading ResourceManager: Default, bukkit
[05:12:28] [Worker-Main-1/INFO]: Loaded 7 recipes
[05:12:37] [Server thread/INFO]: Starting minecraft server version 1.18.1
[05:12:37] [Server thread/INFO]: Loading properties
[05:12:37] [Server thread/INFO]: This server is running Paper version git-Paper-126 (MC: 1.18.1) (Implementing API version 1.18.1-R0.1-SNAPSHOT) (Git: d3f3429)
[05:12:38] [Server thread/INFO]: Server Ping Player Sample Count: 12
[05:12:38] [Server thread/INFO]: Using 4 threads for Netty based IO
[05:12:39] [Server thread/INFO]: Default game type: SURVIVAL
[05:12:39] [Server thread/INFO]: Generating keypair
[05:12:41] [Server thread/INFO]: Starting Minecraft server on 0.0.0.0:25608
[05:12:41] [Server thread/INFO]: Using epoll channel type
[05:12:41] [Server thread/INFO]: Paper: Using libdeflate (Linux x86_64) compression from Velocity.
[05:12:41] [Server thread/INFO]: Paper: Using OpenSSL 1.1.x (Linux x86_64) cipher from Velocity.
[05:12:41] [Server thread/INFO]: Server permissions file permissions.yml is empty, ignoring it
[05:12:41] [Server thread/INFO]: Preparing level "world"
[05:12:49] [Server thread/INFO]: Preparing start region for dimension minecraft:overworld
[05:12:53] [Server thread/INFO]: Preparing spawn area: 0%
[05:12:53] [Server thread/INFO]: Preparing spawn area: 0%
[05:12:54] [Server thread/INFO]: Preparing spawn area: 0%
[05:12:54] [Server thread/INFO]: Preparing spawn area: 0%
[05:12:54] [Server thread/INFO]: Preparing spawn area: 0%
[05:12:54] [Server thread/INFO]: Preparing spawn area: 0%
[05:12:54] [Server thread/INFO]: Preparing spawn area: 0%
[05:12:54] [Server thread/INFO]: Preparing spawn area: 0%
[05:12:54] [Server thread/INFO]: Preparing spawn area: 0%
[05:12:54] [Server thread/INFO]: Preparing spawn area: 0%
[05:12:54] [Server thread/INFO]: Preparing spawn area: 0%
[05:12:55] [Server thread/INFO]: Preparing spawn area: 0%
[05:12:55] [Server thread/INFO]: Preparing spawn area: 0%
[05:12:56] [Server thread/INFO]: Preparing spawn area: 0%
[05:12:56] [Server thread/INFO]: Preparing spawn area: 0%
[05:12:57] [Server thread/INFO]: Preparing spawn area: 0%
[05:12:57] [Server thread/INFO]: Preparing spawn area: 0%
[05:12:58] [Server thread/INFO]: Preparing spawn area: 0%
[05:12:59] [Server thread/INFO]: Preparing spawn area: 0%
[05:12:59] [Server thread/INFO]: Preparing spawn area: 0%
[05:12:59] [Server thread/INFO]: Preparing spawn area: 0%
[05:13:00] [Server thread/INFO]: Preparing spawn area: 0%
[05:13:00] [Server thread/INFO]: Preparing spawn area: 0%
[05:13:01] [Server thread/INFO]: Preparing spawn area: 0%
[05:13:01] [Server thread/INFO]: Preparing spawn area: 0%
[05:13:02] [Server thread/INFO]: Preparing spawn area: 0%
[05:13:02] [Server thread/INFO]: Preparing spawn area: 0%
[05:13:03] [Server thread/INFO]: Preparing spawn area: 0%
[05:13:03] [Server thread/INFO]: Preparing spawn area: 2%
[05:13:04] [Server thread/INFO]: Preparing spawn area: 2%
[05:13:04] [Server thread/INFO]: Preparing spawn area: 2%
[05:13:04] [Server thread/INFO]: Time elapsed: 15092 ms
[05:13:04] [Server thread/INFO]: Preparing start region for dimension minecraft:the_nether
[05:13:05] [Server thread/INFO]: Preparing spawn area: 0%
[05:13:05] [Server thread/INFO]: Preparing spawn area: 0%
[05:13:05] [Server thread/INFO]: Preparing spawn area: 0%
[05:13:06] [Server thread/INFO]: Preparing spawn area: 0%
[05:13:06] [Server thread/INFO]: Preparing spawn area: 0%
[05:13:07] [Server thread/INFO]: Preparing spawn area: 0%
[05:13:07] [Server thread/INFO]: Preparing spawn area: 0%
[05:13:08] [Server thread/INFO]: Preparing spawn area: 0%
[05:13:08] [Server thread/INFO]: Preparing spawn area: 0%
[05:13:09] [Server thread/INFO]: Preparing spawn area: 0%
[05:13:09] [Server thread/INFO]: Preparing spawn area: 0%
[05:13:10] [Server thread/INFO]: Preparing spawn area: 0%
[05:13:10] [Server thread/INFO]: Preparing spawn area: 0%
[05:13:11] [Server thread/INFO]: Preparing spawn area: 0%
[05:13:11] [Server thread/INFO]: Time elapsed: 6886 ms
[05:13:11] [Server thread/INFO]: Preparing start region for dimension minecraft:the_end
[05:13:12] [Server thread/INFO]: Preparing spawn area: 0%
[05:13:12] [Server thread/INFO]: Preparing spawn area: 0%
[05:13:12] [Server thread/INFO]: Preparing spawn area: 0%
[05:13:13] [Server thread/INFO]: Preparing spawn area: 0%
[05:13:13] [Server thread/INFO]: Preparing spawn area: 0%
[05:13:14] [Server thread/INFO]: Preparing spawn area: 0%
[05:13:14] [Server thread/INFO]: Preparing spawn area: 0%
[05:13:16] [Server thread/INFO]: Preparing spawn area: 0%
[05:13:16] [Server thread/INFO]: Preparing spawn area: 0%
[05:13:16] [Server thread/INFO]: Preparing spawn area: 0%
[05:13:16] [Server thread/INFO]: Preparing spawn area: 0%
[05:13:17] [Server thread/INFO]: Preparing spawn area: 0%
[05:13:17] [Server thread/INFO]: Preparing spawn area: 0%
[05:13:18] [Server thread/INFO]: Preparing spawn area: 0%
[05:13:18] [Server thread/INFO]: Preparing spawn area: 0%
[05:13:19] [Server thread/INFO]: Preparing spawn area: 0%
[05:13:20] [Server thread/INFO]: Preparing spawn area: 0%
[05:13:20] [Server thread/INFO]: Preparing spawn area: 0%
[05:13:20] [Server thread/INFO]: Preparing spawn area: 0%
[05:13:21] [Server thread/INFO]: Preparing spawn area: 0%
[05:13:21] [Server thread/INFO]: Preparing spawn area: 0%
[05:13:22] [Server thread/INFO]: Preparing spawn area: 0%
[05:13:22] [Server thread/INFO]: Preparing spawn area: 0%
[05:13:23] [Server thread/INFO]: Preparing spawn area: 0%
[05:13:23] [Server thread/INFO]: Preparing spawn area: 0%
[05:13:24] [Server thread/INFO]: Preparing spawn area: 0%
[05:13:24] [Server thread/INFO]: Preparing spawn area: 0%
[05:13:25] [Server thread/INFO]: Time elapsed: 13454 ms
[05:13:25] [Server thread/INFO]: Starting GS4 status listener
[05:13:25] [Query Listener #1/INFO]: Query running on 0.0.0.0:25608
[05:13:25] [Server thread/INFO]: Thread Query Listener started
[05:13:26] [Server thread/INFO]: Running delayed init tasks
[05:13:26] [Server thread/INFO]: Done (48.603s)! For help, type "help"
[05:13:26] [Server thread/INFO]: Timings Reset
[05:13:31] [Server thread/WARN]: Can't keep up! Is the server overloaded? Running 5060ms or 101 ticks behind
[05:14:15] [Server thread/WARN]: Can't keep up! Is the server overloaded? Running 14341ms or 286 ticks behind
[05:18:50] [Server thread/WARN]: Can't keep up! Is the server overloaded? Running 5120ms or 102 ticks behind
[10:36:49] [User Authenticator #1/INFO]: UUID of player Shadowmere_Swift is ff3bff8b-0d11-422f-a6f6-2e2b8da24bfb
[10:36:49] [Server thread/INFO]: Shadowmere_Swift joined the game
[10:36:50] [Server thread/INFO]: Shadowmere_Swift[/81.220.197.61:63540] logged in with entity id 13927 at ([world]84.65903964018538, 73.0, 302.62277475118566)
[11:39:07] [Server thread/INFO]: Shadowmere_Swift lost connection: Disconnected
[11:39:07] [Server thread/INFO]: Shadowmere_Swift left the game
[17:10:47] [User Authenticator #2/INFO]: UUID of player Shadowmere_Swift is ff3bff8b-0d11-422f-a6f6-2e2b8da24bfb
[17:10:47] [Server thread/INFO]: Shadowmere_Swift joined the game
[17:10:47] [Server thread/INFO]: Shadowmere_Swift[/81.220.197.61:64495] logged in with entity id 41080 at ([world]82.01821701647695, 73.0, 298.48026051862854)
[17:19:13] [Server thread/INFO]: Shadowmere_Swift lost connection: Disconnected
[17:19:13] [Server thread/INFO]: Shadowmere_Swift left the game
