[05:10:57] [ServerMain/INFO]: Environment: authHost='https://authserver.mojang.com', accountsHost='https://api.mojang.com', sessionHost='https://sessionserver.mojang.com', servicesHost='https://api.minecraftservices.com', name='PROD'
[05:10:58] [ServerMain/INFO]: Reloading ResourceManager: Default, bukkit
[05:10:59] [Worker-Main-1/INFO]: Loaded 7 recipes
[05:11:02] [Server thread/INFO]: Starting minecraft server version 1.18.1
[05:11:02] [Server thread/INFO]: Loading properties
[05:11:02] [Server thread/INFO]: This server is running Paper version git-Paper-126 (MC: 1.18.1) (Implementing API version 1.18.1-R0.1-SNAPSHOT) (Git: d3f3429)
[05:11:02] [Server thread/INFO]: Server Ping Player Sample Count: 12
[05:11:02] [Server thread/INFO]: Using 4 threads for Netty based IO
[05:11:03] [Server thread/INFO]: Default game type: SURVIVAL
[05:11:03] [Server thread/INFO]: Generating keypair
[05:11:03] [Server thread/INFO]: Starting Minecraft server on 0.0.0.0:25608
[05:11:03] [Server thread/INFO]: Using epoll channel type
[05:11:03] [Server thread/INFO]: Paper: Using libdeflate (Linux x86_64) compression from Velocity.
[05:11:03] [Server thread/INFO]: Paper: Using OpenSSL 1.1.x (Linux x86_64) cipher from Velocity.
[05:11:04] [Server thread/INFO]: Server permissions file permissions.yml is empty, ignoring it
[05:11:04] [Server thread/INFO]: Preparing level "world"
[05:11:06] [Server thread/INFO]: Preparing start region for dimension minecraft:overworld
[05:11:07] [Server thread/INFO]: Time elapsed: 696 ms
[05:11:07] [Server thread/INFO]: Preparing start region for dimension minecraft:the_nether
[05:11:07] [Server thread/INFO]: Time elapsed: 452 ms
[05:11:07] [Server thread/INFO]: Preparing start region for dimension minecraft:the_end
[05:11:08] [Server thread/INFO]: Time elapsed: 340 ms
[05:11:08] [Server thread/INFO]: Starting GS4 status listener
[05:11:08] [Server thread/INFO]: Thread Query Listener started
[05:11:08] [Query Listener #1/INFO]: Query running on 0.0.0.0:25608
[05:11:08] [Server thread/INFO]: Running delayed init tasks
[05:11:08] [Server thread/INFO]: Done (5.864s)! For help, type "help"
[05:11:08] [Server thread/INFO]: Timings Reset
[05:16:13] [Server thread/WARN]: Can't keep up! Is the server overloaded? Running 5098ms or 101 ticks behind
